nohup: ignoring input
Using TensorFlow backend.
/home/top/.pyenv/versions/3.7.12/lib/python3.7/site-packages/sklearn/preprocessing/data.py:645: DataConversionWarning: Data with input dtype int64, float64 were all converted to float64 by StandardScaler.
  return self.partial_fit(X, y)
/home/top/.pyenv/versions/3.7.12/lib/python3.7/site-packages/sklearn/base.py:464: DataConversionWarning: Data with input dtype int64, float64 were all converted to float64 by StandardScaler.
  return self.fit(X, **fit_params).transform(X)
WARNING:tensorflow:From /home/top/.pyenv/versions/3.7.12/lib/python3.7/site-packages/tensorflow_core/python/ops/resource_variable_ops.py:1630: calling BaseResourceVariable.__init__ (from tensorflow.python.ops.resource_variable_ops) with constraint is deprecated and will be removed in a future version.
Instructions for updating:
If using Keras pass *_constraint arguments to layers.
2021-11-20 14:36:09.798261: I tensorflow/core/platform/cpu_feature_guard.cc:142] Your CPU supports instructions that this TensorFlow binary was not compiled to use: AVX2 FMA
2021-11-20 14:36:09.823337: I tensorflow/core/platform/profile_utils/cpu_utils.cc:94] CPU Frequency: 1996035000 Hz
2021-11-20 14:36:09.825881: I tensorflow/compiler/xla/service/service.cc:168] XLA service 0x46c2550 initialized for platform Host (this does not guarantee that XLA will be used). Devices:
2021-11-20 14:36:09.825902: I tensorflow/compiler/xla/service/service.cc:176]   StreamExecutor device (0): Host, Default Version
WARNING:tensorflow:From /home/top/.pyenv/versions/3.7.12/lib/python3.7/site-packages/keras/backend/tensorflow_backend.py:422: The name tf.global_variables is deprecated. Please use tf.compat.v1.global_variables instead.

2021-11-20 14:36:12.319200: E tensorflow/core/grappler/optimizers/dependency_optimizer.cc:697] Iteration = 0, topological sort failed with message: The graph couldn't be sorted in topological order.
2021-11-20 14:36:12.364105: E tensorflow/core/grappler/optimizers/dependency_optimizer.cc:697] Iteration = 1, topological sort failed with message: The graph couldn't be sorted in topological order.
2021-11-20 14:36:12.509722: E tensorflow/core/grappler/optimizers/meta_optimizer.cc:533] model_pruner failed: Invalid argument: MutableGraphView::MutableGraphView error: node 'loss_1/time_distributed_1_loss/mean_squared_error/weighted_loss/concat' has self cycle fanin 'loss_1/time_distributed_1_loss/mean_squared_error/weighted_loss/concat'.
2021-11-20 14:36:12.709271: E tensorflow/core/grappler/optimizers/meta_optimizer.cc:533] remapper failed: Invalid argument: MutableGraphView::MutableGraphView error: node 'loss_1/time_distributed_1_loss/mean_squared_error/weighted_loss/concat' has self cycle fanin 'loss_1/time_distributed_1_loss/mean_squared_error/weighted_loss/concat'.
2021-11-20 14:36:12.757628: E tensorflow/core/grappler/optimizers/meta_optimizer.cc:533] arithmetic_optimizer failed: Invalid argument: The graph couldn't be sorted in topological order.
2021-11-20 14:36:12.793674: E tensorflow/core/grappler/optimizers/dependency_optimizer.cc:697] Iteration = 0, topological sort failed with message: The graph couldn't be sorted in topological order.
2021-11-20 14:36:12.832915: E tensorflow/core/grappler/optimizers/dependency_optimizer.cc:697] Iteration = 1, topological sort failed with message: The graph couldn't be sorted in topological order.
Model: "sequential_1"
_________________________________________________________________
Layer (type)                 Output Shape              Param #   
=================================================================
encoder_1 (LSTM)             (None, 100, 64)           29952     
_________________________________________________________________
encoder_2 (LSTM)             (None, 100, 32)           12416     
_________________________________________________________________
encoder_3 (LSTM)             (None, 16)                3136      
_________________________________________________________________
encoder_decoder_bridge (Repe (None, 100, 16)           0         
_________________________________________________________________
decoder_1 (LSTM)             (None, 100, 16)           2112      
_________________________________________________________________
decoder_2 (LSTM)             (None, 100, 32)           6272      
_________________________________________________________________
decoder_3 (LSTM)             (None, 100, 64)           24832     
_________________________________________________________________
time_distributed_1 (TimeDist (None, 100, 52)           3380      
=================================================================
Total params: 82,100
Trainable params: 82,100
Non-trainable params: 0
_________________________________________________________________
None
Train on 210824 samples, validate on 70275 samples
Epoch 1/200

   512/210824 [..............................] - ETA: 43:56 - loss: 0.9791
  1024/210824 [..............................] - ETA: 32:20 - loss: 0.9376
  1536/210824 [..............................] - ETA: 26:38 - loss: 0.8882
  2048/210824 [..............................] - ETA: 22:49 - loss: 0.8781
  2560/210824 [..............................] - ETA: 20:40 - loss: 0.8476
  3072/210824 [..............................] - ETA: 19:54 - loss: 0.8631
  3584/210824 [..............................] - ETA: 20:04 - loss: 0.8418
  4096/210824 [..............................] - ETA: 19:39 - loss: 0.8376
  4608/210824 [..............................] - ETA: 18:46 - loss: 0.8219
  5120/210824 [..............................] - ETA: 18:01 - loss: 0.8077
  5632/210824 [..............................] - ETA: 17:23 - loss: 0.8014
  6144/210824 [..............................] - ETA: 17:06 - loss: 0.7878
  6656/210824 [..............................] - ETA: 17:04 - loss: 0.7771
  7168/210824 [>.............................] - ETA: 16:49 - loss: 0.7657
  7680/210824 [>.............................] - ETA: 16:25 - loss: 0.7550
  8192/210824 [>.............................] - ETA: 16:01 - loss: 0.7519
  8704/210824 [>.............................] - ETA: 15:45 - loss: 0.7365
  9216/210824 [>.............................] - ETA: 15:52 - loss: 0.7248
  9728/210824 [>.............................] - ETA: 15:55 - loss: 0.7126
 10240/210824 [>.............................] - ETA: 15:40 - loss: 0.7115
 10752/210824 [>.............................] - ETA: 15:24 - loss: 0.7067
 11264/210824 [>.............................] - ETA: 15:07 - loss: 0.7028
 11776/210824 [>.............................] - ETA: 14:59 - loss: 0.6965
 12288/210824 [>.............................] - ETA: 15:07 - loss: 0.6879
 12800/210824 [>.............................] - ETA: 15:07 - loss: 0.6803
 13312/210824 [>.............................] - ETA: 15:00 - loss: 0.6713
 13824/210824 [>.............................] - ETA: 14:49 - loss: 0.6621
 14336/210824 [=>............................] - ETA: 14:40 - loss: 0.6535
 14848/210824 [=>............................] - ETA: 14:47 - loss: 0.6526
 15360/210824 [=>............................] - ETA: 15:02 - loss: 0.6469
 15872/210824 [=>............................] - ETA: 15:07 - loss: 0.6390
 16384/210824 [=>............................] - ETA: 15:16 - loss: 0.6303
 16896/210824 [=>............................] - ETA: 15:01 - loss: 0.6233
 17408/210824 [=>............................] - ETA: 15:14 - loss: 0.6199
 17920/210824 [=>............................] - ETA: 15:18 - loss: 0.6118
 18432/210824 [=>............................] - ETA: 15:20 - loss: 0.6036
 18944/210824 [=>............................] - ETA: 15:16 - loss: 0.5964
 19456/210824 [=>............................] - ETA: 15:07 - loss: 0.5901
 19968/210824 [=>............................] - ETA: 14:56 - loss: 0.5865
 20480/210824 [=>............................] - ETA: 14:46 - loss: 0.5801
 20992/210824 [=>............................] - ETA: 14:44 - loss: 0.5783
 21504/210824 [==>...........................] - ETA: 14:46 - loss: 0.5761
 22016/210824 [==>...........................] - ETA: 14:41 - loss: 0.5730
 22528/210824 [==>...........................] - ETA: 14:33 - loss: 0.5672
 23040/210824 [==>...........................] - ETA: 14:25 - loss: 0.5660
 23552/210824 [==>...........................] - ETA: 14:18 - loss: 0.5622
 24064/210824 [==>...........................] - ETA: 14:18 - loss: 0.5559
 24576/210824 [==>...........................] - ETA: 14:17 - loss: 0.5540
 25088/210824 [==>...........................] - ETA: 14:13 - loss: 0.5498
 25600/210824 [==>...........................] - ETA: 14:05 - loss: 0.5445
 26112/210824 [==>...........................] - ETA: 13:56 - loss: 0.5399
 26624/210824 [==>...........................] - ETA: 13:50 - loss: 0.5359
 27136/210824 [==>...........................] - ETA: 13:52 - loss: 0.5321
 27648/210824 [==>...........................] - ETA: 13:53 - loss: 0.5278
 28160/210824 [===>..........................] - ETA: 13:49 - loss: 0.5278
 28672/210824 [===>..........................] - ETA: 13:42 - loss: 0.5234
 29184/210824 [===>..........................] - ETA: 13:35 - loss: 0.5194
 29696/210824 [===>..........................] - ETA: 13:32 - loss: 0.5163
 30208/210824 [===>..........................] - ETA: 13:35 - loss: 0.5133
 30720/210824 [===>..........................] - ETA: 13:32 - loss: 0.5144
 31232/210824 [===>..........................] - ETA: 13:26 - loss: 0.5105
 31744/210824 [===>..........................] - ETA: 13:20 - loss: 0.5066
 32256/210824 [===>..........................] - ETA: 13:16 - loss: 0.5030
 32768/210824 [===>..........................] - ETA: 13:23 - loss: 0.5048
 33280/210824 [===>..........................] - ETA: 13:22 - loss: 0.5008
 33792/210824 [===>..........................] - ETA: 13:28 - loss: 0.4985
 34304/210824 [===>..........................] - ETA: 13:27 - loss: 0.4948
 34816/210824 [===>..........................] - ETA: 13:21 - loss: 0.4912
 35328/210824 [====>.........................] - ETA: 13:24 - loss: 0.4881
 35840/210824 [====>.........................] - ETA: 13:22 - loss: 0.4873
 36352/210824 [====>.........................] - ETA: 13:20 - loss: 0.4843
 36864/210824 [====>.........................] - ETA: 13:18 - loss: 0.4832
 37376/210824 [====>.........................] - ETA: 13:13 - loss: 0.4830
 37888/210824 [====>.........................] - ETA: 13:07 - loss: 0.4828
 38400/210824 [====>.........................] - ETA: 13:01 - loss: 0.4793
 38912/210824 [====>.........................] - ETA: 12:57 - loss: 0.4782
 39424/210824 [====>.........................] - ETA: 12:57 - loss: 0.4751
 39936/210824 [====>.........................] - ETA: 12:54 - loss: 0.4730
 40448/210824 [====>.........................] - ETA: 12:50 - loss: 0.4707
 40960/210824 [====>.........................] - ETA: 12:44 - loss: 0.4685
 41472/210824 [====>.........................] - ETA: 12:41 - loss: 0.4660
 41984/210824 [====>.........................] - ETA: 12:39 - loss: 0.4635
 42496/210824 [=====>........................] - ETA: 12:40 - loss: 0.4610
 43008/210824 [=====>........................] - ETA: 12:36 - loss: 0.4595
 43520/210824 [=====>........................] - ETA: 12:31 - loss: 0.4581
 44032/210824 [=====>........................] - ETA: 12:26 - loss: 0.4578
 44544/210824 [=====>........................] - ETA: 12:23 - loss: 0.4567
 45056/210824 [=====>........................] - ETA: 12:22 - loss: 0.4548
 45568/210824 [=====>........................] - ETA: 12:21 - loss: 0.4524
 46080/210824 [=====>........................] - ETA: 12:17 - loss: 0.4511
 46592/210824 [=====>........................] - ETA: 12:13 - loss: 0.4493
 47104/210824 [=====>........................] - ETA: 12:07 - loss: 0.4468
 47616/210824 [=====>........................] - ETA: 12:03 - loss: 0.4447
 48128/210824 [=====>........................] - ETA: 12:03 - loss: 0.4421
 48640/210824 [=====>........................] - ETA: 12:01 - loss: 0.4398
 49152/210824 [=====>........................] - ETA: 11:58 - loss: 0.4379
 49664/210824 [======>.......................] - ETA: 11:53 - loss: 0.4365
 50176/210824 [======>.......................] - ETA: 11:48 - loss: 0.4344
 50688/210824 [======>.......................] - ETA: 11:46 - loss: 0.4327
 51200/210824 [======>.......................] - ETA: 11:49 - loss: 0.4317
 51712/210824 [======>.......................] - ETA: 11:45 - loss: 0.4297
 52224/210824 [======>.......................] - ETA: 11:49 - loss: 0.4273
 52736/210824 [======>.......................] - ETA: 11:47 - loss: 0.4251
 53248/210824 [======>.......................] - ETA: 11:42 - loss: 0.4231
 53760/210824 [======>.......................] - ETA: 11:44 - loss: 0.4208
 54272/210824 [======>.......................] - ETA: 11:43 - loss: 0.4192
 54784/210824 [======>.......................] - ETA: 11:42 - loss: 0.4175
 55296/210824 [======>.......................] - ETA: 11:40 - loss: 0.4153
 55808/210824 [======>.......................] - ETA: 11:36 - loss: 0.4153
 56320/210824 [=======>......................] - ETA: 11:31 - loss: 0.4167
 56832/210824 [=======>......................] - ETA: 11:27 - loss: 0.4146
 57344/210824 [=======>......................] - ETA: 11:24 - loss: 0.4130
 57856/210824 [=======>......................] - ETA: 11:23 - loss: 0.4108
 58368/210824 [=======>......................] - ETA: 11:21 - loss: 0.4095
 58880/210824 [=======>......................] - ETA: 11:17 - loss: 0.4080
 59392/210824 [=======>......................] - ETA: 11:13 - loss: 0.4063
 59904/210824 [=======>......................] - ETA: 11:10 - loss: 0.4063
 60416/210824 [=======>......................] - ETA: 11:08 - loss: 0.4047
 60928/210824 [=======>......................] - ETA: 11:07 - loss: 0.4031
 61440/210824 [=======>......................] - ETA: 11:05 - loss: 0.4013
 61952/210824 [=======>......................] - ETA: 11:01 - loss: 0.4009
 62464/210824 [=======>......................] - ETA: 10:56 - loss: 0.4013
 62976/210824 [=======>......................] - ETA: 10:53 - loss: 0.3997
 63488/210824 [========>.....................] - ETA: 10:52 - loss: 0.3985
 64000/210824 [========>.....................] - ETA: 10:51 - loss: 0.3976
 64512/210824 [========>.....................] - ETA: 10:47 - loss: 0.3961
 65024/210824 [========>.....................] - ETA: 10:43 - loss: 0.3950
 65536/210824 [========>.....................] - ETA: 10:39 - loss: 0.3931
 66048/210824 [========>.....................] - ETA: 10:36 - loss: 0.3933
 66560/210824 [========>.....................] - ETA: 10:35 - loss: 0.3919
 67072/210824 [========>.....................] - ETA: 10:33 - loss: 0.3907
 67584/210824 [========>.....................] - ETA: 10:30 - loss: 0.3906
 68096/210824 [========>.....................] - ETA: 10:26 - loss: 0.3892
 68608/210824 [========>.....................] - ETA: 10:22 - loss: 0.3879
 69120/210824 [========>.....................] - ETA: 10:18 - loss: 0.3866
 69632/210824 [========>.....................] - ETA: 10:19 - loss: 0.3867
 70144/210824 [========>.....................] - ETA: 10:18 - loss: 0.3852
 70656/210824 [=========>....................] - ETA: 10:18 - loss: 0.3840
 71168/210824 [=========>....................] - ETA: 10:16 - loss: 0.3846
 71680/210824 [=========>....................] - ETA: 10:12 - loss: 0.3850
 72192/210824 [=========>....................] - ETA: 10:10 - loss: 0.3837
 72704/210824 [=========>....................] - ETA: 10:09 - loss: 0.3824
 73216/210824 [=========>....................] - ETA: 10:07 - loss: 0.3811
 73728/210824 [=========>....................] - ETA: 10:05 - loss: 0.3800
 74240/210824 [=========>....................] - ETA: 10:03 - loss: 0.3788
 74752/210824 [=========>....................] - ETA: 10:00 - loss: 0.3774
 75264/210824 [=========>....................] - ETA: 9:56 - loss: 0.3767 
 75776/210824 [=========>....................] - ETA: 9:53 - loss: 0.3756
 76288/210824 [=========>....................] - ETA: 9:50 - loss: 0.3746
 76800/210824 [=========>....................] - ETA: 9:49 - loss: 0.3735
 77312/210824 [==========>...................] - ETA: 9:46 - loss: 0.3721
 77824/210824 [==========>...................] - ETA: 9:43 - loss: 0.3712
 78336/210824 [==========>...................] - ETA: 9:40 - loss: 0.3704
 78848/210824 [==========>...................] - ETA: 9:36 - loss: 0.3695
 79360/210824 [==========>...................] - ETA: 9:33 - loss: 0.3682
 79872/210824 [==========>...................] - ETA: 9:32 - loss: 0.3672
 80384/210824 [==========>...................] - ETA: 9:30 - loss: 0.3660
 80896/210824 [==========>...................] - ETA: 9:27 - loss: 0.3651
 81408/210824 [==========>...................] - ETA: 9:24 - loss: 0.3648
 81920/210824 [==========>...................] - ETA: 9:21 - loss: 0.3643
 82432/210824 [==========>...................] - ETA: 9:18 - loss: 0.3631
 82944/210824 [==========>...................] - ETA: 9:16 - loss: 0.3621
 83456/210824 [==========>...................] - ETA: 9:14 - loss: 0.3609
 83968/210824 [==========>...................] - ETA: 9:11 - loss: 0.3600
 84480/210824 [===========>..................] - ETA: 9:07 - loss: 0.3604
 84992/210824 [===========>..................] - ETA: 9:04 - loss: 0.3599
 85504/210824 [===========>..................] - ETA: 9:01 - loss: 0.3593
 86016/210824 [===========>..................] - ETA: 8:59 - loss: 0.3584
 86528/210824 [===========>..................] - ETA: 8:57 - loss: 0.3576
 87040/210824 [===========>..................] - ETA: 8:55 - loss: 0.3564
 87552/210824 [===========>..................] - ETA: 8:52 - loss: 0.3562
 88064/210824 [===========>..................] - ETA: 8:48 - loss: 0.3566
 88576/210824 [===========>..................] - ETA: 8:46 - loss: 0.3566
 89088/210824 [===========>..................] - ETA: 8:46 - loss: 0.3554
 89600/210824 [===========>..................] - ETA: 8:45 - loss: 0.3544
 90112/210824 [===========>..................] - ETA: 8:45 - loss: 0.3549
 90624/210824 [===========>..................] - ETA: 8:42 - loss: 0.3551
 91136/210824 [===========>..................] - ETA: 8:39 - loss: 0.3545
 91648/210824 [============>.................] - ETA: 8:38 - loss: 0.3559
 92160/210824 [============>.................] - ETA: 8:36 - loss: 0.3549
 92672/210824 [============>.................] - ETA: 8:34 - loss: 0.3543
 93184/210824 [============>.................] - ETA: 8:33 - loss: 0.3534
 93696/210824 [============>.................] - ETA: 8:30 - loss: 0.3536
 94208/210824 [============>.................] - ETA: 8:27 - loss: 0.3532
 94720/210824 [============>.................] - ETA: 8:23 - loss: 0.3532
 95232/210824 [============>.................] - ETA: 8:21 - loss: 0.3535
 95744/210824 [============>.................] - ETA: 8:19 - loss: 0.3525
 96256/210824 [============>.................] - ETA: 8:17 - loss: 0.3516
 96768/210824 [============>.................] - ETA: 8:14 - loss: 0.3507
 97280/210824 [============>.................] - ETA: 8:11 - loss: 0.3517
 97792/210824 [============>.................] - ETA: 8:08 - loss: 0.3506
 98304/210824 [============>.................] - ETA: 8:05 - loss: 0.3496
 98816/210824 [=============>................] - ETA: 8:03 - loss: 0.3489
 99328/210824 [=============>................] - ETA: 8:01 - loss: 0.3483
 99840/210824 [=============>................] - ETA: 7:59 - loss: 0.3473
100352/210824 [=============>................] - ETA: 7:56 - loss: 0.3476
100864/210824 [=============>................] - ETA: 7:53 - loss: 0.3474
101376/210824 [=============>................] - ETA: 7:50 - loss: 0.3467
101888/210824 [=============>................] - ETA: 7:48 - loss: 0.3458
102400/210824 [=============>................] - ETA: 7:46 - loss: 0.3451
102912/210824 [=============>................] - ETA: 7:44 - loss: 0.3445
103424/210824 [=============>................] - ETA: 7:41 - loss: 0.3436
103936/210824 [=============>................] - ETA: 7:38 - loss: 0.3428
104448/210824 [=============>................] - ETA: 7:35 - loss: 0.3425
104960/210824 [=============>................] - ETA: 7:33 - loss: 0.3427
105472/210824 [==============>...............] - ETA: 7:31 - loss: 0.3417
105984/210824 [==============>...............] - ETA: 7:29 - loss: 0.3418
106496/210824 [==============>...............] - ETA: 7:26 - loss: 0.3417
107008/210824 [==============>...............] - ETA: 7:23 - loss: 0.3411
107520/210824 [==============>...............] - ETA: 7:21 - loss: 0.3402
108032/210824 [==============>...............] - ETA: 7:18 - loss: 0.3394
108544/210824 [==============>...............] - ETA: 7:18 - loss: 0.3393
109056/210824 [==============>...............] - ETA: 7:16 - loss: 0.3388
109568/210824 [==============>...............] - ETA: 7:15 - loss: 0.3381
110080/210824 [==============>...............] - ETA: 7:13 - loss: 0.3376
110592/210824 [==============>...............] - ETA: 7:10 - loss: 0.3367
111104/210824 [==============>...............] - ETA: 7:09 - loss: 0.3359
111616/210824 [==============>...............] - ETA: 7:07 - loss: 0.3352
112128/210824 [==============>...............] - ETA: 7:06 - loss: 0.3351
112640/210824 [===============>..............] - ETA: 7:03 - loss: 0.3343
113152/210824 [===============>..............] - ETA: 7:00 - loss: 0.3346
113664/210824 [===============>..............] - ETA: 6:57 - loss: 0.3339
114176/210824 [===============>..............] - ETA: 6:55 - loss: 0.3331
114688/210824 [===============>..............] - ETA: 6:53 - loss: 0.3324
115200/210824 [===============>..............] - ETA: 6:51 - loss: 0.3320
115712/210824 [===============>..............] - ETA: 6:49 - loss: 0.3316
116224/210824 [===============>..............] - ETA: 6:46 - loss: 0.3312
116736/210824 [===============>..............] - ETA: 6:43 - loss: 0.3309
117248/210824 [===============>..............] - ETA: 6:40 - loss: 0.3307
117760/210824 [===============>..............] - ETA: 6:38 - loss: 0.3300
118272/210824 [===============>..............] - ETA: 6:37 - loss: 0.3296
118784/210824 [===============>..............] - ETA: 6:34 - loss: 0.3290
119296/210824 [===============>..............] - ETA: 6:32 - loss: 0.3298
119808/210824 [================>.............] - ETA: 6:29 - loss: 0.3295
120320/210824 [================>.............] - ETA: 6:26 - loss: 0.3289
120832/210824 [================>.............] - ETA: 6:24 - loss: 0.3291
121344/210824 [================>.............] - ETA: 6:22 - loss: 0.3288
121856/210824 [================>.............] - ETA: 6:20 - loss: 0.3280
122368/210824 [================>.............] - ETA: 6:17 - loss: 0.3276
122880/210824 [================>.............] - ETA: 6:15 - loss: 0.3281
123392/210824 [================>.............] - ETA: 6:12 - loss: 0.3292
123904/210824 [================>.............] - ETA: 6:09 - loss: 0.3287
124416/210824 [================>.............] - ETA: 6:07 - loss: 0.3281
124928/210824 [================>.............] - ETA: 6:05 - loss: 0.3275
125440/210824 [================>.............] - ETA: 6:03 - loss: 0.3276
125952/210824 [================>.............] - ETA: 6:00 - loss: 0.3269
126464/210824 [================>.............] - ETA: 5:58 - loss: 0.3262
126976/210824 [=================>............] - ETA: 5:55 - loss: 0.3256
127488/210824 [=================>............] - ETA: 5:53 - loss: 0.3249
128000/210824 [=================>............] - ETA: 5:52 - loss: 0.3243
128512/210824 [=================>............] - ETA: 5:50 - loss: 0.3235
129024/210824 [=================>............] - ETA: 5:49 - loss: 0.3238
129536/210824 [=================>............] - ETA: 5:46 - loss: 0.3232
130048/210824 [=================>............] - ETA: 5:44 - loss: 0.3230
130560/210824 [=================>............] - ETA: 5:42 - loss: 0.3223
131072/210824 [=================>............] - ETA: 5:40 - loss: 0.3233
131584/210824 [=================>............] - ETA: 5:38 - loss: 0.3225
132096/210824 [=================>............] - ETA: 5:36 - loss: 0.3218
132608/210824 [=================>............] - ETA: 5:34 - loss: 0.3212
133120/210824 [=================>............] - ETA: 5:31 - loss: 0.3207
133632/210824 [==================>...........] - ETA: 5:28 - loss: 0.3202
134144/210824 [==================>...........] - ETA: 5:26 - loss: 0.3196
134656/210824 [==================>...........] - ETA: 5:25 - loss: 0.3193
135168/210824 [==================>...........] - ETA: 5:22 - loss: 0.3186
135680/210824 [==================>...........] - ETA: 5:20 - loss: 0.3182
136192/210824 [==================>...........] - ETA: 5:17 - loss: 0.3182
136704/210824 [==================>...........] - ETA: 5:15 - loss: 0.3179
137216/210824 [==================>...........] - ETA: 5:13 - loss: 0.3189
137728/210824 [==================>...........] - ETA: 5:11 - loss: 0.3184
138240/210824 [==================>...........] - ETA: 5:09 - loss: 0.3180
138752/210824 [==================>...........] - ETA: 5:06 - loss: 0.3174
139264/210824 [==================>...........] - ETA: 5:04 - loss: 0.3170
139776/210824 [==================>...........] - ETA: 5:02 - loss: 0.3164
140288/210824 [==================>...........] - ETA: 4:59 - loss: 0.3157
140800/210824 [===================>..........] - ETA: 4:58 - loss: 0.3153
141312/210824 [===================>..........] - ETA: 4:55 - loss: 0.3147
141824/210824 [===================>..........] - ETA: 4:53 - loss: 0.3143
142336/210824 [===================>..........] - ETA: 4:50 - loss: 0.3139
142848/210824 [===================>..........] - ETA: 4:48 - loss: 0.3133
143360/210824 [===================>..........] - ETA: 4:46 - loss: 0.3127
143872/210824 [===================>..........] - ETA: 4:44 - loss: 0.3127
144384/210824 [===================>..........] - ETA: 4:41 - loss: 0.3123
144896/210824 [===================>..........] - ETA: 4:39 - loss: 0.3119
145408/210824 [===================>..........] - ETA: 4:36 - loss: 0.3117
145920/210824 [===================>..........] - ETA: 4:34 - loss: 0.3111
146432/210824 [===================>..........] - ETA: 4:32 - loss: 0.3107
146944/210824 [===================>..........] - ETA: 4:31 - loss: 0.3107
147456/210824 [===================>..........] - ETA: 4:29 - loss: 0.3102
147968/210824 [====================>.........] - ETA: 4:27 - loss: 0.3096
148480/210824 [====================>.........] - ETA: 4:25 - loss: 0.3090
148992/210824 [====================>.........] - ETA: 4:22 - loss: 0.3092
149504/210824 [====================>.........] - ETA: 4:21 - loss: 0.3088
150016/210824 [====================>.........] - ETA: 4:18 - loss: 0.3083
150528/210824 [====================>.........] - ETA: 4:16 - loss: 0.3078
151040/210824 [====================>.........] - ETA: 4:14 - loss: 0.3072
151552/210824 [====================>.........] - ETA: 4:12 - loss: 0.3066
152064/210824 [====================>.........] - ETA: 4:09 - loss: 0.3060
152576/210824 [====================>.........] - ETA: 4:07 - loss: 0.3055
153088/210824 [====================>.........] - ETA: 4:05 - loss: 0.3051
153600/210824 [====================>.........] - ETA: 4:03 - loss: 0.3046
154112/210824 [====================>.........] - ETA: 4:00 - loss: 0.3041
154624/210824 [=====================>........] - ETA: 3:58 - loss: 0.3037
155136/210824 [=====================>........] - ETA: 3:56 - loss: 0.3032
155648/210824 [=====================>........] - ETA: 3:53 - loss: 0.3026
156160/210824 [=====================>........] - ETA: 3:51 - loss: 0.3022
156672/210824 [=====================>........] - ETA: 3:49 - loss: 0.3020
157184/210824 [=====================>........] - ETA: 3:47 - loss: 0.3016
157696/210824 [=====================>........] - ETA: 3:45 - loss: 0.3013
158208/210824 [=====================>........] - ETA: 3:42 - loss: 0.3008
158720/210824 [=====================>........] - ETA: 3:40 - loss: 0.3004
159232/210824 [=====================>........] - ETA: 3:38 - loss: 0.2999
159744/210824 [=====================>........] - ETA: 3:36 - loss: 0.2993
160256/210824 [=====================>........] - ETA: 3:34 - loss: 0.2988
160768/210824 [=====================>........] - ETA: 3:31 - loss: 0.2986
161280/210824 [=====================>........] - ETA: 3:29 - loss: 0.2980
161792/210824 [======================>.......] - ETA: 3:26 - loss: 0.2976
162304/210824 [======================>.......] - ETA: 3:24 - loss: 0.2975
162816/210824 [======================>.......] - ETA: 3:22 - loss: 0.2971
163328/210824 [======================>.......] - ETA: 3:20 - loss: 0.2974
163840/210824 [======================>.......] - ETA: 3:18 - loss: 0.2968
164352/210824 [======================>.......] - ETA: 3:15 - loss: 0.2964
164864/210824 [======================>.......] - ETA: 3:13 - loss: 0.2958
165376/210824 [======================>.......] - ETA: 3:11 - loss: 0.2958
165888/210824 [======================>.......] - ETA: 3:09 - loss: 0.2953
166400/210824 [======================>.......] - ETA: 3:07 - loss: 0.2949
166912/210824 [======================>.......] - ETA: 3:05 - loss: 0.2944
167424/210824 [======================>.......] - ETA: 3:03 - loss: 0.2945
167936/210824 [======================>.......] - ETA: 3:01 - loss: 0.2941
168448/210824 [======================>.......] - ETA: 2:59 - loss: 0.2942
168960/210824 [=======================>......] - ETA: 2:57 - loss: 0.2938
169472/210824 [=======================>......] - ETA: 2:55 - loss: 0.2944
169984/210824 [=======================>......] - ETA: 2:53 - loss: 0.2941
170496/210824 [=======================>......] - ETA: 2:50 - loss: 0.2937
171008/210824 [=======================>......] - ETA: 2:48 - loss: 0.2935
171520/210824 [=======================>......] - ETA: 2:46 - loss: 0.2930
172032/210824 [=======================>......] - ETA: 2:44 - loss: 0.2929
172544/210824 [=======================>......] - ETA: 2:41 - loss: 0.2927
173056/210824 [=======================>......] - ETA: 2:39 - loss: 0.2922
173568/210824 [=======================>......] - ETA: 2:37 - loss: 0.2917
174080/210824 [=======================>......] - ETA: 2:35 - loss: 0.2913
174592/210824 [=======================>......] - ETA: 2:32 - loss: 0.2910
175104/210824 [=======================>......] - ETA: 2:30 - loss: 0.2908
175616/210824 [=======================>......] - ETA: 2:28 - loss: 0.2906
176128/210824 [========================>.....] - ETA: 2:26 - loss: 0.2907
176640/210824 [========================>.....] - ETA: 2:24 - loss: 0.2903
177152/210824 [========================>.....] - ETA: 2:21 - loss: 0.2898
177664/210824 [========================>.....] - ETA: 2:19 - loss: 0.2895
178176/210824 [========================>.....] - ETA: 2:17 - loss: 0.2891
178688/210824 [========================>.....] - ETA: 2:15 - loss: 0.2893
179200/210824 [========================>.....] - ETA: 2:13 - loss: 0.2892
179712/210824 [========================>.....] - ETA: 2:11 - loss: 0.2896
180224/210824 [========================>.....] - ETA: 2:08 - loss: 0.2891
180736/210824 [========================>.....] - ETA: 2:06 - loss: 0.2890
181248/210824 [========================>.....] - ETA: 2:04 - loss: 0.2890
181760/210824 [========================>.....] - ETA: 2:02 - loss: 0.2895
182272/210824 [========================>.....] - ETA: 2:00 - loss: 0.2891
182784/210824 [=========================>....] - ETA: 1:57 - loss: 0.2885
183296/210824 [=========================>....] - ETA: 1:55 - loss: 0.2881
183808/210824 [=========================>....] - ETA: 1:53 - loss: 0.2882
184320/210824 [=========================>....] - ETA: 1:51 - loss: 0.2877
184832/210824 [=========================>....] - ETA: 1:48 - loss: 0.2884
185344/210824 [=========================>....] - ETA: 1:46 - loss: 0.2883
185856/210824 [=========================>....] - ETA: 1:44 - loss: 0.2884
186368/210824 [=========================>....] - ETA: 1:42 - loss: 0.2886
186880/210824 [=========================>....] - ETA: 1:40 - loss: 0.2882
187392/210824 [=========================>....] - ETA: 1:38 - loss: 0.2879
187904/210824 [=========================>....] - ETA: 1:36 - loss: 0.2875
188416/210824 [=========================>....] - ETA: 1:34 - loss: 0.2871
188928/210824 [=========================>....] - ETA: 1:32 - loss: 0.2867
189440/210824 [=========================>....] - ETA: 1:30 - loss: 0.2862
189952/210824 [==========================>...] - ETA: 1:28 - loss: 0.2863
190464/210824 [==========================>...] - ETA: 1:25 - loss: 0.2859
190976/210824 [==========================>...] - ETA: 1:23 - loss: 0.2854
191488/210824 [==========================>...] - ETA: 1:21 - loss: 0.2850
192000/210824 [==========================>...] - ETA: 1:19 - loss: 0.2846
192512/210824 [==========================>...] - ETA: 1:17 - loss: 0.2842
193024/210824 [==========================>...] - ETA: 1:15 - loss: 0.2838
193536/210824 [==========================>...] - ETA: 1:12 - loss: 0.2835
194048/210824 [==========================>...] - ETA: 1:10 - loss: 0.2834
194560/210824 [==========================>...] - ETA: 1:08 - loss: 0.2830
195072/210824 [==========================>...] - ETA: 1:06 - loss: 0.2826
195584/210824 [==========================>...] - ETA: 1:04 - loss: 0.2822
196096/210824 [==========================>...] - ETA: 1:01 - loss: 0.2821
196608/210824 [==========================>...] - ETA: 59s - loss: 0.2817 
197120/210824 [===========================>..] - ETA: 57s - loss: 0.2813
197632/210824 [===========================>..] - ETA: 55s - loss: 0.2810
198144/210824 [===========================>..] - ETA: 53s - loss: 0.2805
198656/210824 [===========================>..] - ETA: 51s - loss: 0.2805
199168/210824 [===========================>..] - ETA: 48s - loss: 0.2807
199680/210824 [===========================>..] - ETA: 46s - loss: 0.2803
200192/210824 [===========================>..] - ETA: 44s - loss: 0.2798
200704/210824 [===========================>..] - ETA: 42s - loss: 0.2796
201216/210824 [===========================>..] - ETA: 40s - loss: 0.2793
201728/210824 [===========================>..] - ETA: 38s - loss: 0.2790
202240/210824 [===========================>..] - ETA: 36s - loss: 0.2795
202752/210824 [===========================>..] - ETA: 33s - loss: 0.2790
203264/210824 [===========================>..] - ETA: 31s - loss: 0.2787
203776/210824 [===========================>..] - ETA: 29s - loss: 0.2794
204288/210824 [============================>.] - ETA: 27s - loss: 0.2790
204800/210824 [============================>.] - ETA: 25s - loss: 0.2791
205312/210824 [============================>.] - ETA: 23s - loss: 0.2787
205824/210824 [============================>.] - ETA: 20s - loss: 0.2783
206336/210824 [============================>.] - ETA: 18s - loss: 0.2784
206848/210824 [============================>.] - ETA: 16s - loss: 0.2785
207360/210824 [============================>.] - ETA: 14s - loss: 0.2789
207872/210824 [============================>.] - ETA: 12s - loss: 0.2785
208384/210824 [============================>.] - ETA: 10s - loss: 0.2781
208896/210824 [============================>.] - ETA: 8s - loss: 0.2780 
209408/210824 [============================>.] - ETA: 5s - loss: 0.2781
209920/210824 [============================>.] - ETA: 3s - loss: 0.2779
210432/210824 [============================>.] - ETA: 1s - loss: 0.27752021-11-20 14:50:56.647134: E tensorflow/core/grappler/optimizers/dependency_optimizer.cc:697] Iteration = 0, topological sort failed with message: The graph couldn't be sorted in topological order.
2021-11-20 14:50:56.650678: E tensorflow/core/grappler/optimizers/dependency_optimizer.cc:697] Iteration = 1, topological sort failed with message: The graph couldn't be sorted in topological order.
2021-11-20 14:50:56.661954: E tensorflow/core/grappler/optimizers/meta_optimizer.cc:533] model_pruner failed: Invalid argument: MutableGraphView::MutableGraphView error: node 'loss_1/time_distributed_1_loss/mean_squared_error/weighted_loss/concat' has self cycle fanin 'loss_1/time_distributed_1_loss/mean_squared_error/weighted_loss/concat'.
2021-11-20 14:50:56.681182: E tensorflow/core/grappler/optimizers/meta_optimizer.cc:533] remapper failed: Invalid argument: MutableGraphView::MutableGraphView error: node 'loss_1/time_distributed_1_loss/mean_squared_error/weighted_loss/concat' has self cycle fanin 'loss_1/time_distributed_1_loss/mean_squared_error/weighted_loss/concat'.
2021-11-20 14:50:56.684114: E tensorflow/core/grappler/optimizers/meta_optimizer.cc:533] arithmetic_optimizer failed: Invalid argument: The graph couldn't be sorted in topological order.
2021-11-20 14:50:56.687601: E tensorflow/core/grappler/optimizers/dependency_optimizer.cc:697] Iteration = 0, topological sort failed with message: The graph couldn't be sorted in topological order.
2021-11-20 14:50:56.690175: E tensorflow/core/grappler/optimizers/dependency_optimizer.cc:697] Iteration = 1, topological sort failed with message: The graph couldn't be sorted in topological order.

210824/210824 [==============================] - 999s 5ms/step - loss: 0.2773 - val_loss: 0.1875
Epoch 2/200

   512/210824 [..............................] - ETA: 11:14 - loss: 0.1208
  1024/210824 [..............................] - ETA: 10:11 - loss: 0.1250
  1536/210824 [..............................] - ETA: 11:09 - loss: 0.1255
  2048/210824 [..............................] - ETA: 12:50 - loss: 0.1560
  2560/210824 [..............................] - ETA: 13:15 - loss: 0.1819
  3072/210824 [..............................] - ETA: 12:53 - loss: 0.1720
  3584/210824 [..............................] - ETA: 12:13 - loss: 0.2166
  4096/210824 [..............................] - ETA: 11:51 - loss: 0.2243
  4608/210824 [..............................] - ETA: 11:48 - loss: 0.2128
  5120/210824 [..............................] - ETA: 12:30 - loss: 0.2133
  5632/210824 [..............................] - ETA: 13:16 - loss: 0.2123
  6144/210824 [..............................] - ETA: 13:42 - loss: 0.2045
  6656/210824 [..............................] - ETA: 14:22 - loss: 0.2071
  7168/210824 [>.............................] - ETA: 14:08 - loss: 0.1999
  7680/210824 [>.............................] - ETA: 14:12 - loss: 0.1941
  8192/210824 [>.............................] - ETA: 14:36 - loss: 0.1921
  8704/210824 [>.............................] - ETA: 14:33 - loss: 0.1872
  9216/210824 [>.............................] - ETA: 14:40 - loss: 0.1840
  9728/210824 [>.............................] - ETA: 14:36 - loss: 0.1809
 10240/210824 [>.............................] - ETA: 14:22 - loss: 0.1795
 10752/210824 [>.............................] - ETA: 14:07 - loss: 0.1775
 11264/210824 [>.............................] - ETA: 13:49 - loss: 0.1861
 11776/210824 [>.............................] - ETA: 13:48 - loss: 0.1841
 12288/210824 [>.............................] - ETA: 13:55 - loss: 0.1810
 12800/210824 [>.............................] - ETA: 13:51 - loss: 0.1789
 13312/210824 [>.............................] - ETA: 13:44 - loss: 0.1762
 13824/210824 [>.............................] - ETA: 13:32 - loss: 0.1797
 14336/210824 [=>............................] - ETA: 13:20 - loss: 0.1814
 14848/210824 [=>............................] - ETA: 13:16 - loss: 0.1845
 15360/210824 [=>............................] - ETA: 13:16 - loss: 0.1875
 15872/210824 [=>............................] - ETA: 13:22 - loss: 0.1847
 16384/210824 [=>............................] - ETA: 13:16 - loss: 0.1819
 16896/210824 [=>............................] - ETA: 13:08 - loss: 0.1802
 17408/210824 [=>............................] - ETA: 12:59 - loss: 0.1789
 17920/210824 [=>............................] - ETA: 12:53 - loss: 0.1789
 18432/210824 [=>............................] - ETA: 12:56 - loss: 0.1772
 18944/210824 [=>............................] - ETA: 12:59 - loss: 0.1773
 19456/210824 [=>............................] - ETA: 12:53 - loss: 0.1758
 19968/210824 [=>............................] - ETA: 12:47 - loss: 0.1741
 20480/210824 [=>............................] - ETA: 12:40 - loss: 0.1725
 20992/210824 [=>............................] - ETA: 12:34 - loss: 0.1731
 21504/210824 [==>...........................] - ETA: 12:33 - loss: 0.1736
 22016/210824 [==>...........................] - ETA: 12:34 - loss: 0.1752
 22528/210824 [==>...........................] - ETA: 12:32 - loss: 0.1751
 23040/210824 [==>...........................] - ETA: 12:27 - loss: 0.1854
 23552/210824 [==>...........................] - ETA: 12:21 - loss: 0.1840
 24064/210824 [==>...........................] - ETA: 12:14 - loss: 0.1828
 24576/210824 [==>...........................] - ETA: 12:13 - loss: 0.1839
 25088/210824 [==>...........................] - ETA: 12:23 - loss: 0.1848
 25600/210824 [==>...........................] - ETA: 12:25 - loss: 0.1838
 26112/210824 [==>...........................] - ETA: 12:32 - loss: 0.1859
 26624/210824 [==>...........................] - ETA: 12:32 - loss: 0.1844
 27136/210824 [==>...........................] - ETA: 12:23 - loss: 0.1834
 27648/210824 [==>...........................] - ETA: 12:27 - loss: 0.1816
 28160/210824 [===>..........................] - ETA: 12:29 - loss: 0.1800
 28672/210824 [===>..........................] - ETA: 12:31 - loss: 0.1785
 29184/210824 [===>..........................] - ETA: 12:29 - loss: 0.1769
 29696/210824 [===>..........................] - ETA: 12:24 - loss: 0.1757
 30208/210824 [===>..........................] - ETA: 12:19 - loss: 0.1750
 30720/210824 [===>..........................] - ETA: 12:14 - loss: 0.1740
 31232/210824 [===>..........................] - ETA: 12:09 - loss: 0.1730
 31744/210824 [===>..........................] - ETA: 12:08 - loss: 0.1721
 32256/210824 [===>..........................] - ETA: 12:08 - loss: 0.1712
 32768/210824 [===>..........................] - ETA: 12:05 - loss: 0.1718
 33280/210824 [===>..........................] - ETA: 12:00 - loss: 0.1707
 33792/210824 [===>..........................] - ETA: 11:55 - loss: 0.1697
 34304/210824 [===>..........................] - ETA: 11:49 - loss: 0.1741
 34816/210824 [===>..........................] - ETA: 11:44 - loss: 0.1732
 35328/210824 [====>.........................] - ETA: 11:43 - loss: 0.1748
 35840/210824 [====>.........................] - ETA: 11:44 - loss: 0.1741
 36352/210824 [====>.........................] - ETA: 11:40 - loss: 0.1768
 36864/210824 [====>.........................] - ETA: 11:36 - loss: 0.1759
 37376/210824 [====>.........................] - ETA: 11:31 - loss: 0.1750
 37888/210824 [====>.........................] - ETA: 11:28 - loss: 0.1779
 38400/210824 [====>.........................] - ETA: 11:28 - loss: 0.1782
 38912/210824 [====>.........................] - ETA: 11:28 - loss: 0.1773
 39424/210824 [====>.........................] - ETA: 11:25 - loss: 0.1769
 39936/210824 [====>.........................] - ETA: 11:21 - loss: 0.1760
 40448/210824 [====>.........................] - ETA: 11:17 - loss: 0.1755
 40960/210824 [====>.........................] - ETA: 11:15 - loss: 0.1745
 41472/210824 [====>.........................] - ETA: 11:13 - loss: 0.1735
 41984/210824 [====>.........................] - ETA: 11:12 - loss: 0.1725
 42496/210824 [=====>........................] - ETA: 11:08 - loss: 0.1717
 43008/210824 [=====>........................] - ETA: 11:04 - loss: 0.1709
 43520/210824 [=====>........................] - ETA: 11:00 - loss: 0.1726
 44032/210824 [=====>........................] - ETA: 10:55 - loss: 0.1718
 44544/210824 [=====>........................] - ETA: 10:52 - loss: 0.1723
 45056/210824 [=====>........................] - ETA: 10:55 - loss: 0.1725
 45568/210824 [=====>........................] - ETA: 10:55 - loss: 0.1718
 46080/210824 [=====>........................] - ETA: 10:59 - loss: 0.1723
 46592/210824 [=====>........................] - ETA: 10:59 - loss: 0.1713
 47104/210824 [=====>........................] - ETA: 10:54 - loss: 0.1705
 47616/210824 [=====>........................] - ETA: 10:55 - loss: 0.1717
 48128/210824 [=====>........................] - ETA: 10:56 - loss: 0.1729
 48640/210824 [=====>........................] - ETA: 10:55 - loss: 0.1749
 49152/210824 [=====>........................] - ETA: 10:53 - loss: 0.1741
 49664/210824 [======>.......................] - ETA: 10:50 - loss: 0.1732
 50176/210824 [======>.......................] - ETA: 10:47 - loss: 0.1727
 50688/210824 [======>.......................] - ETA: 10:43 - loss: 0.1731
 51200/210824 [======>.......................] - ETA: 10:39 - loss: 0.1727
 51712/210824 [======>.......................] - ETA: 10:37 - loss: 0.1721
 52224/210824 [======>.......................] - ETA: 10:36 - loss: 0.1715
 52736/210824 [======>.......................] - ETA: 10:34 - loss: 0.1707
 53248/210824 [======>.......................] - ETA: 10:31 - loss: 0.1700
 53760/210824 [======>.......................] - ETA: 10:28 - loss: 0.1694
 54272/210824 [======>.......................] - ETA: 10:23 - loss: 0.1687
 54784/210824 [======>.......................] - ETA: 10:19 - loss: 0.1680
 55296/210824 [======>.......................] - ETA: 10:17 - loss: 0.1679
 55808/210824 [======>.......................] - ETA: 10:16 - loss: 0.1674
 56320/210824 [=======>......................] - ETA: 10:14 - loss: 0.1672
 56832/210824 [=======>......................] - ETA: 10:11 - loss: 0.1668
 57344/210824 [=======>......................] - ETA: 10:07 - loss: 0.1673
 57856/210824 [=======>......................] - ETA: 10:04 - loss: 0.1666
 58368/210824 [=======>......................] - ETA: 10:01 - loss: 0.1662
 58880/210824 [=======>......................] - ETA: 10:00 - loss: 0.1668
 59392/210824 [=======>......................] - ETA: 9:58 - loss: 0.1663 
 59904/210824 [=======>......................] - ETA: 9:55 - loss: 0.1664
 60416/210824 [=======>......................] - ETA: 9:51 - loss: 0.1666
 60928/210824 [=======>......................] - ETA: 9:48 - loss: 0.1670
 61440/210824 [=======>......................] - ETA: 9:45 - loss: 0.1668
 61952/210824 [=======>......................] - ETA: 9:43 - loss: 0.1663
 62464/210824 [=======>......................] - ETA: 9:42 - loss: 0.1660
 62976/210824 [=======>......................] - ETA: 9:40 - loss: 0.1653
 63488/210824 [========>.....................] - ETA: 9:37 - loss: 0.1648
 64000/210824 [========>.....................] - ETA: 9:34 - loss: 0.1646
 64512/210824 [========>.....................] - ETA: 9:31 - loss: 0.1645
 65024/210824 [========>.....................] - ETA: 9:30 - loss: 0.1639
 65536/210824 [========>.....................] - ETA: 9:33 - loss: 0.1635
 66048/210824 [========>.....................] - ETA: 9:33 - loss: 0.1634
 66560/210824 [========>.....................] - ETA: 9:33 - loss: 0.1639
 67072/210824 [========>.....................] - ETA: 9:31 - loss: 0.1639
 67584/210824 [========>.....................] - ETA: 9:27 - loss: 0.1634
 68096/210824 [========>.....................] - ETA: 9:27 - loss: 0.1647
 68608/210824 [========>.....................] - ETA: 9:26 - loss: 0.1641
 69120/210824 [========>.....................] - ETA: 9:25 - loss: 0.1635
 69632/210824 [========>.....................] - ETA: 9:23 - loss: 0.1630
 70144/210824 [========>.....................] - ETA: 9:20 - loss: 0.1626
 70656/210824 [=========>....................] - ETA: 9:18 - loss: 0.1634
 71168/210824 [=========>....................] - ETA: 9:14 - loss: 0.1630
 71680/210824 [=========>....................] - ETA: 9:11 - loss: 0.1648
 72192/210824 [=========>....................] - ETA: 9:09 - loss: 0.1642
 72704/210824 [=========>....................] - ETA: 9:08 - loss: 0.1638
 73216/210824 [=========>....................] - ETA: 9:06 - loss: 0.1645
 73728/210824 [=========>....................] - ETA: 9:03 - loss: 0.1640
 74240/210824 [=========>....................] - ETA: 8:59 - loss: 0.1636
 74752/210824 [=========>....................] - ETA: 8:56 - loss: 0.1641
 75264/210824 [=========>....................] - ETA: 8:54 - loss: 0.1642
 75776/210824 [=========>....................] - ETA: 8:52 - loss: 0.1646
 76288/210824 [=========>....................] - ETA: 8:51 - loss: 0.1643
 76800/210824 [=========>....................] - ETA: 8:49 - loss: 0.1653
 77312/210824 [==========>...................] - ETA: 8:46 - loss: 0.1648
 77824/210824 [==========>...................] - ETA: 8:43 - loss: 0.1645
 78336/210824 [==========>...................] - ETA: 8:40 - loss: 0.1647
 78848/210824 [==========>...................] - ETA: 8:38 - loss: 0.1642
 79360/210824 [==========>...................] - ETA: 8:38 - loss: 0.1637
 79872/210824 [==========>...................] - ETA: 8:36 - loss: 0.1633
 80384/210824 [==========>...................] - ETA: 8:33 - loss: 0.1636
 80896/210824 [==========>...................] - ETA: 8:31 - loss: 0.1632
 81408/210824 [==========>...................] - ETA: 8:27 - loss: 0.1637
 81920/210824 [==========>...................] - ETA: 8:25 - loss: 0.1632
 82432/210824 [==========>...................] - ETA: 8:25 - loss: 0.1631
 82944/210824 [==========>...................] - ETA: 8:23 - loss: 0.1628
 83456/210824 [==========>...................] - ETA: 8:20 - loss: 0.1631
 83968/210824 [==========>...................] - ETA: 8:17 - loss: 0.1628
 84480/210824 [===========>..................] - ETA: 8:15 - loss: 0.1629
 84992/210824 [===========>..................] - ETA: 8:12 - loss: 0.1628
 85504/210824 [===========>..................] - ETA: 8:13 - loss: 0.1624
 86016/210824 [===========>..................] - ETA: 8:12 - loss: 0.1625
 86528/210824 [===========>..................] - ETA: 8:12 - loss: 0.1622
 87040/210824 [===========>..................] - ETA: 8:11 - loss: 0.1629
 87552/210824 [===========>..................] - ETA: 8:07 - loss: 0.1630
 88064/210824 [===========>..................] - ETA: 8:06 - loss: 0.1630
 88576/210824 [===========>..................] - ETA: 8:05 - loss: 0.1625
 89088/210824 [===========>..................] - ETA: 8:03 - loss: 0.1626
 89600/210824 [===========>..................] - ETA: 8:02 - loss: 0.1622
 90112/210824 [===========>..................] - ETA: 8:00 - loss: 0.1624
 90624/210824 [===========>..................] - ETA: 7:58 - loss: 0.1619
 91136/210824 [===========>..................] - ETA: 7:55 - loss: 0.1615
 91648/210824 [============>.................] - ETA: 7:52 - loss: 0.1612
 92160/210824 [============>.................] - ETA: 7:50 - loss: 0.1608
 92672/210824 [============>.................] - ETA: 7:48 - loss: 0.1604
 93184/210824 [============>.................] - ETA: 7:47 - loss: 0.1606
 93696/210824 [============>.................] - ETA: 7:44 - loss: 0.1604
 94208/210824 [============>.................] - ETA: 7:42 - loss: 0.1610
 94720/210824 [============>.................] - ETA: 7:39 - loss: 0.1616
 95232/210824 [============>.................] - ETA: 7:36 - loss: 0.1618
 95744/210824 [============>.................] - ETA: 7:35 - loss: 0.1614
 96256/210824 [============>.................] - ETA: 7:33 - loss: 0.1611
 96768/210824 [============>.................] - ETA: 7:31 - loss: 0.1608
 97280/210824 [============>.................] - ETA: 7:28 - loss: 0.1617
 97792/210824 [============>.................] - ETA: 7:25 - loss: 0.1613
 98304/210824 [============>.................] - ETA: 7:23 - loss: 0.1616
 98816/210824 [=============>................] - ETA: 7:20 - loss: 0.1614
 99328/210824 [=============>................] - ETA: 7:19 - loss: 0.1614