nohup: ignoring input
Using TensorFlow backend.
/home/top/.pyenv/versions/3.7.12/lib/python3.7/site-packages/numpy/lib/function_base.py:2530: RuntimeWarning: invalid value encountered in true_divide
  c /= stddev[:, None]
/home/top/.pyenv/versions/3.7.12/lib/python3.7/site-packages/numpy/lib/function_base.py:2531: RuntimeWarning: invalid value encountered in true_divide
  c /= stddev[None, :]
WARNING:tensorflow:From /home/top/.pyenv/versions/3.7.12/lib/python3.7/site-packages/tensorflow_core/python/ops/init_ops.py:97: calling GlorotUniform.__init__ (from tensorflow.python.ops.init_ops) with dtype is deprecated and will be removed in a future version.
Instructions for updating:
Call initializer instance with the dtype argument instead of passing it to the constructor
WARNING:tensorflow:From /home/top/.pyenv/versions/3.7.12/lib/python3.7/site-packages/tensorflow_core/python/ops/init_ops.py:97: calling Zeros.__init__ (from tensorflow.python.ops.init_ops) with dtype is deprecated and will be removed in a future version.
Instructions for updating:
Call initializer instance with the dtype argument instead of passing it to the constructor
WARNING:tensorflow:From /home/top/.pyenv/versions/3.7.12/lib/python3.7/site-packages/tensorflow_core/python/ops/init_ops.py:97: calling Ones.__init__ (from tensorflow.python.ops.init_ops) with dtype is deprecated and will be removed in a future version.
Instructions for updating:
Call initializer instance with the dtype argument instead of passing it to the constructor
WARNING:tensorflow:From /home/top/.pyenv/versions/3.7.12/lib/python3.7/site-packages/tensorflow_core/python/ops/resource_variable_ops.py:1630: calling BaseResourceVariable.__init__ (from tensorflow.python.ops.resource_variable_ops) with constraint is deprecated and will be removed in a future version.
Instructions for updating:
If using Keras pass *_constraint arguments to layers.
2021-11-23 17:28:33.611599: I tensorflow/core/platform/cpu_feature_guard.cc:142] Your CPU supports instructions that this TensorFlow binary was not compiled to use: AVX2 FMA
2021-11-23 17:28:33.626009: I tensorflow/core/platform/profile_utils/cpu_utils.cc:94] CPU Frequency: 1996035000 Hz
2021-11-23 17:28:33.631057: I tensorflow/compiler/xla/service/service.cc:168] XLA service 0x7e10ef0 initialized for platform Host (this does not guarantee that XLA will be used). Devices:
2021-11-23 17:28:33.631129: I tensorflow/compiler/xla/service/service.cc:176]   StreamExecutor device (0): Host, Default Version
/home/top/.pyenv/versions/3.7.12/lib/python3.7/site-packages/keras/engine/training.py:297: UserWarning: Discrepancy between trainable weights and collected trainable weights, did you set `model.trainable` without calling `model.compile` after ?
  'Discrepancy between trainable weights and collected trainable'
WARNING:tensorflow:From /home/top/.pyenv/versions/3.7.12/lib/python3.7/site-packages/tensorflow_core/python/ops/math_grad.py:1424: where (from tensorflow.python.ops.array_ops) is deprecated and will be removed in a future version.
Instructions for updating:
Use tf.where in 2.0, which has the same broadcast rule as np.where
WARNING:tensorflow:From /home/top/.pyenv/versions/3.7.12/lib/python3.7/site-packages/keras/backend/tensorflow_backend.py:422: The name tf.global_variables is deprecated. Please use tf.compat.v1.global_variables instead.

2021-11-23 17:31:08.309797: E tensorflow/core/grappler/optimizers/dependency_optimizer.cc:697] Iteration = 0, topological sort failed with message: The graph couldn't be sorted in topological order.
2021-11-23 17:31:08.405255: E tensorflow/core/grappler/optimizers/dependency_optimizer.cc:697] Iteration = 1, topological sort failed with message: The graph couldn't be sorted in topological order.
2021-11-23 17:31:08.668103: E tensorflow/core/grappler/optimizers/meta_optimizer.cc:533] model_pruner failed: Invalid argument: MutableGraphView::MutableGraphView error: node 'loss_2/model_2_loss/mean_squared_error/weighted_loss/concat' has self cycle fanin 'loss_2/model_2_loss/mean_squared_error/weighted_loss/concat'.
2021-11-23 17:31:09.158622: E tensorflow/core/grappler/optimizers/meta_optimizer.cc:533] remapper failed: Invalid argument: MutableGraphView::MutableGraphView error: node 'loss_2/model_2_loss/mean_squared_error/weighted_loss/concat' has self cycle fanin 'loss_2/model_2_loss/mean_squared_error/weighted_loss/concat'.
2021-11-23 17:31:09.260404: E tensorflow/core/grappler/optimizers/meta_optimizer.cc:533] arithmetic_optimizer failed: Invalid argument: The graph couldn't be sorted in topological order.
2021-11-23 17:31:09.308357: E tensorflow/core/grappler/optimizers/dependency_optimizer.cc:697] Iteration = 0, topological sort failed with message: The graph couldn't be sorted in topological order.
2021-11-23 17:31:09.366006: E tensorflow/core/grappler/optimizers/dependency_optimizer.cc:697] Iteration = 1, topological sort failed with message: The graph couldn't be sorted in topological order.
pca.n_components_:  23
df_pca.shape:  (37500, 23)
X_ae.shape:  (37500, 26)
Epoch: 1/100, [Dx loss: [ 0.18220192 -0.1350001  -0.00959922  0.03268012]] [Dz loss: [-2.6223795  -0.99351627 -2.4649322   0.0836069 ]] [G loss: [7.710426   0.02859259 6.6222157  0.10596173]]
Epoch: 2/100, [Dx loss: [68.512115   -0.08722848  0.09442298  6.850492  ]] [Dz loss: [ -2.945228   -1.2870214 -11.307132    0.9648926]] [G loss: [17.743887   -0.01779447 17.28291     0.04787743]]
Epoch: 3/100, [Dx loss: [18.247698   -0.17404023  0.18644989  1.823528  ]] [Dz loss: [-19.594288    1.786752  -27.138151    0.5757109]] [G loss: [36.596737   -0.14822905 36.24968     0.04952896]]
Epoch: 4/100, [Dx loss: [ 0.18004322 -0.9787114   0.9827207   0.01760339]] [Dz loss: [-18.981516    3.3877037 -27.412207    0.5042986]] [G loss: [31.847206   -0.99622154 32.39108     0.04523497]]
Epoch: 5/100, [Dx loss: [ 0.10302238 -1.178489    1.1215025   0.01600088]] [Dz loss: [ -9.77757      3.3503907  -16.912464     0.37845013]] [G loss: [16.946283   -1.1144118  17.648132    0.04125648]]
Epoch: 6/100, [Dx loss: [-0.01849406 -1.1028944   1.0147452   0.00696549]] [Dz loss: [-1.2856398   2.4579127  -4.9896336   0.12460816]] [G loss: [ 4.340485   -0.9805987   4.916123    0.04049611]]
Epoch: 7/100, [Dx loss: [-0.03226471 -0.8531289   0.77351767  0.00473466]] [Dz loss: [ 0.57513255  1.9402107  -1.8883862   0.05233076]] [G loss: [ 1.571008   -0.7613131   1.9020324   0.04302886]]
Epoch: 8/100, [Dx loss: [-0.04029977 -0.96431696  0.8751754   0.00488417]] [Dz loss: [ 1.3565269  1.6611819 -0.7964574  0.0491802]] [G loss: [ 0.38347778 -0.86480516  0.8323631   0.04159198]]
Epoch: 9/100, [Dx loss: [-0.04850761 -0.8685549   0.7778756   0.00421717]] [Dz loss: [ 1.1617918   1.4834667  -0.71339804  0.03917234]] [G loss: [ 0.4277661  -0.7643717   0.79200953  0.04001282]]
Epoch: 10/100, [Dx loss: [-0.05755778 -0.93806016  0.8388405   0.0041662 ]] [Dz loss: [ 1.4077917   1.316859   -0.26883373  0.03597662]] [G loss: [-0.09631285 -0.832803    0.35444793  0.03820423]]
Epoch: 11/100, [Dx loss: [-0.03809997 -0.76392144  0.6791531   0.00466682]] [Dz loss: [ 1.0564332   1.294476   -0.6111948   0.03731519]] [G loss: [ 0.51297724 -0.65505546  0.80597055  0.03620621]]
Epoch: 12/100, [Dx loss: [-0.04544282 -0.52311593  0.431234    0.00464391]] [Dz loss: [ 0.41870087  1.3979542  -1.3500047   0.03707513]] [G loss: [ 1.5489608  -0.41652486  1.5837687   0.0381717 ]]
Epoch: 13/100, [Dx loss: [-0.07823837 -0.26511523  0.13661942  0.00502575]] [Dz loss: [ 1.1687303   1.3585073  -0.64043003  0.04506531]] [G loss: [ 1.1699958  -0.11203542  0.9214766   0.03605545]]
Epoch: 14/100, [Dx loss: [-0.03427069 -0.06916382 -0.01294232  0.00478354]] [Dz loss: [-0.99958706  1.6705714  -3.1422956   0.04721373]] [G loss: [4.286567   0.02379598 3.9006813  0.03620901]]
Epoch: 15/100, [Dx loss: [-0.03025997 -0.09483516  0.02451217  0.0040063 ]] [Dz loss: [-0.47770432  1.961273   -3.034041    0.05950643]] [G loss: [ 3.614344   -0.02010013  3.2958872   0.03385562]]
Epoch: 16/100, [Dx loss: [-0.0200942  -0.11778519  0.05229753  0.00453935]] [Dz loss: [-0.2676381   1.8518414  -2.644185    0.05247059]] [G loss: [ 3.245597   -0.04403953  2.9637673   0.0325869 ]]
Epoch: 17/100, [Dx loss: [-0.03421642 -0.15228124  0.08395959  0.00341052]] [Dz loss: [-0.09906785  1.6197575  -2.1701837   0.0451358 ]] [G loss: [ 2.5512526  -0.07982021  2.3013897   0.03296828]]
Epoch: 18/100, [Dx loss: [-0.04078098 -0.20744891  0.12294745  0.00437204]] [Dz loss: [ 0.9541407   1.3374676  -0.7509267   0.03675998]] [G loss: [ 1.1366405  -0.10151779  0.88718265  0.03509758]]
Epoch: 19/100, [Dx loss: [-0.03487306  0.01689555 -0.10036451  0.00485959]] [Dz loss: [ 0.81218356  1.3041552  -0.88519233  0.03932206]] [G loss: [1.4540511  0.12063594 0.99277306 0.03406423]]
Epoch: 20/100, [Dx loss: [-0.05510155  0.0780542  -0.16372491  0.00305692]] [Dz loss: [ 1.7601677   1.2117671  -0.0835236   0.06319243]] [G loss: [0.74454176 0.17232221 0.23511416 0.03371054]]
Epoch: 21/100, [Dx loss: [-0.02555961  0.14724873 -0.21600708  0.00431987]] [Dz loss: [-1.037324    1.4163142  -2.9249651   0.04713267]] [G loss: [3.8328063  0.22435738 3.2713509  0.0337098 ]]
Epoch: 22/100, [Dx loss: [-0.05619526  0.1119788  -0.20360371  0.00354296]] [Dz loss: [ 0.3872261   1.2272373  -1.2324269   0.03924155]] [G loss: [1.8584793  0.21314734 1.3330925  0.03122398]]
Epoch: 23/100, [Dx loss: [-0.05209032  0.03227465 -0.1170232   0.00326582]] [Dz loss: [ 0.7729093   0.75091094 -0.37522164  0.03972197]] [G loss: [1.1216503  0.11221056 0.67711586 0.03323239]]
Epoch: 24/100, [Dx loss: [-0.06202688 -0.06159029 -0.04230421  0.00418676]] [Dz loss: [-1.5293782   0.7477128  -2.8001533   0.05230621]] [G loss: [3.720376   0.05668582 3.312864   0.0350826 ]]
Epoch: 25/100, [Dx loss: [-0.08241223  0.02995748 -0.14372538  0.00313557]] [Dz loss: [-0.07372415  0.9316908  -1.6330292   0.0627614 ]] [G loss: [2.3414614  0.15289028 1.848457   0.03401145]]
Epoch: 26/100, [Dx loss: [-0.06821827  0.06370161 -0.16278501  0.00308652]] [Dz loss: [-0.00540062  1.111842   -1.6654196   0.0548177 ]] [G loss: [2.4792173  0.17243674 1.9706029  0.03361779]]
Epoch: 27/100, [Dx loss: [-0.0665653   0.06154706 -0.15309685  0.00249845]] [Dz loss: [-0.5441768   0.90282184 -1.8595499   0.04125514]] [G loss: [2.5770366  0.15539092 2.10808    0.03135657]]
Epoch: 28/100, [Dx loss: [-0.06525367 -0.01129649 -0.08324353  0.00292864]] [Dz loss: [-0.3903262   0.7601409  -1.5587486   0.04082817]] [G loss: [2.1586676  0.09458662 1.748127   0.03159538]]
Epoch: 29/100, [Dx loss: [-0.07057849  0.04263915 -0.14699468  0.0033777 ]] [Dz loss: [ 0.72653496  0.95067054 -0.55921     0.03350743]] [G loss: [1.2909409  0.15074447 0.81840396 0.03217924]]
Epoch: 30/100, [Dx loss: [-0.08376782  0.01426008 -0.1323502   0.00343223]] [Dz loss: [-0.51241964  1.1477559  -2.1337502   0.04735745]] [G loss: [2.9845     0.13645075 2.5253396  0.03227095]]
Epoch: 31/100, [Dx loss: [-0.08049113  0.03571563 -0.14530446  0.00290977]] [Dz loss: [-1.3795735   1.0902845  -3.0052621   0.05354038]] [G loss: [3.7512228  0.15492302 3.289913   0.03063863]]
Epoch: 32/100, [Dx loss: [-0.04006321 -0.01095358 -0.06233037  0.00332207]] [Dz loss: [1.1641798  0.69936484 0.02303193 0.04417832]] [G loss: [0.5275797  0.07442913 0.14348    0.03096706]]
Epoch: 33/100, [Dx loss: [-0.06727707  0.07189248 -0.16996805  0.00307985]] [Dz loss: [-1.2928473   0.72814333 -2.4901142   0.04691237]] [G loss: [3.5341659  0.18296131 3.0251656  0.03260385]]
Epoch: 34/100, [Dx loss: [-0.08310416  0.13306072 -0.24356511  0.00274002]] [Dz loss: [-1.9607258   0.88470113 -3.4394956   0.05940692]] [G loss: [4.363924   0.25087765 3.7969675  0.03160787]]
Epoch: 35/100, [Dx loss: [-0.08511294  0.09498074 -0.21413945  0.00340457]] [Dz loss: [ 0.05996701  0.7686283  -1.1705896   0.04619285]] [G loss: [1.8858745  0.21071187 1.3812463  0.02939161]]
Epoch: 36/100, [Dx loss: [-0.08258609  0.06061744 -0.17296378  0.00297603]] [Dz loss: [-0.72626466  0.6490702  -1.7897264   0.04143913]] [G loss: [2.8009033  0.1810233  2.3015707  0.03183094]]
Epoch: 37/100, [Dx loss: [-0.09144765  0.02956764 -0.14683016  0.00258149]] [Dz loss: [-2.1734443   0.9804513  -3.8143022   0.06604066]] [G loss: [4.7198706  0.15570417 4.251222   0.03129442]]
Epoch: 38/100, [Dx loss: [-0.08464124  0.05081169 -0.16547692  0.0030024 ]] [Dz loss: [-0.16439947  0.73131466 -1.3561815   0.04604671]] [G loss: [2.0807989  0.1757754  1.5997933  0.03052302]]
Epoch: 39/100, [Dx loss: [-0.0566237   0.17604508 -0.26472595  0.00320572]] [Dz loss: [-2.5830615  0.3315857 -3.650997   0.073635 ]] [G loss: [4.7377634  0.2808883  4.135312   0.03215634]]
Epoch: 40/100, [Dx loss: [-0.06260301  0.16930899 -0.25747052  0.00255585]] [Dz loss: [-1.2966125   0.26008046 -2.1106894   0.05539966]] [G loss: [2.8373053  0.26258668 2.2759533  0.02987652]]
Epoch: 41/100, [Dx loss: [-0.07974432  0.10598182 -0.21192172  0.00261956]] [Dz loss: [ 1.0026026  -0.00523717  0.6393769   0.03684629]] [G loss: [ 0.04342153  0.21975969 -0.47596595  0.02996278]]
Epoch: 42/100, [Dx loss: [-0.05344017  0.13122964 -0.2110779   0.00264081]] [Dz loss: [-2.0367103  -0.23997986 -2.4015634   0.06048332]] [G loss: [3.4319313  0.21599141 2.9237022  0.02922374]]