nohup: ignoring input
Using TensorFlow backend.
/home/top/.pyenv/versions/3.7.12/lib/python3.7/site-packages/numpy/lib/function_base.py:2530: RuntimeWarning: invalid value encountered in true_divide
  c /= stddev[:, None]
/home/top/.pyenv/versions/3.7.12/lib/python3.7/site-packages/numpy/lib/function_base.py:2531: RuntimeWarning: invalid value encountered in true_divide
  c /= stddev[None, :]
WARNING:tensorflow:From /home/top/.pyenv/versions/3.7.12/lib/python3.7/site-packages/tensorflow_core/python/ops/init_ops.py:97: calling GlorotUniform.__init__ (from tensorflow.python.ops.init_ops) with dtype is deprecated and will be removed in a future version.
Instructions for updating:
Call initializer instance with the dtype argument instead of passing it to the constructor
WARNING:tensorflow:From /home/top/.pyenv/versions/3.7.12/lib/python3.7/site-packages/tensorflow_core/python/ops/init_ops.py:97: calling Zeros.__init__ (from tensorflow.python.ops.init_ops) with dtype is deprecated and will be removed in a future version.
Instructions for updating:
Call initializer instance with the dtype argument instead of passing it to the constructor
WARNING:tensorflow:From /home/top/.pyenv/versions/3.7.12/lib/python3.7/site-packages/tensorflow_core/python/ops/init_ops.py:97: calling Ones.__init__ (from tensorflow.python.ops.init_ops) with dtype is deprecated and will be removed in a future version.
Instructions for updating:
Call initializer instance with the dtype argument instead of passing it to the constructor
WARNING:tensorflow:From /home/top/.pyenv/versions/3.7.12/lib/python3.7/site-packages/tensorflow_core/python/ops/resource_variable_ops.py:1630: calling BaseResourceVariable.__init__ (from tensorflow.python.ops.resource_variable_ops) with constraint is deprecated and will be removed in a future version.
Instructions for updating:
If using Keras pass *_constraint arguments to layers.
2021-11-23 17:28:32.856406: I tensorflow/core/platform/cpu_feature_guard.cc:142] Your CPU supports instructions that this TensorFlow binary was not compiled to use: AVX2 FMA
2021-11-23 17:28:32.909450: I tensorflow/core/platform/profile_utils/cpu_utils.cc:94] CPU Frequency: 1996035000 Hz
2021-11-23 17:28:32.913970: I tensorflow/compiler/xla/service/service.cc:168] XLA service 0x71c1d40 initialized for platform Host (this does not guarantee that XLA will be used). Devices:
2021-11-23 17:28:32.914037: I tensorflow/compiler/xla/service/service.cc:176]   StreamExecutor device (0): Host, Default Version
/home/top/.pyenv/versions/3.7.12/lib/python3.7/site-packages/keras/engine/training.py:297: UserWarning: Discrepancy between trainable weights and collected trainable weights, did you set `model.trainable` without calling `model.compile` after ?
  'Discrepancy between trainable weights and collected trainable'
WARNING:tensorflow:From /home/top/.pyenv/versions/3.7.12/lib/python3.7/site-packages/tensorflow_core/python/ops/math_grad.py:1424: where (from tensorflow.python.ops.array_ops) is deprecated and will be removed in a future version.
Instructions for updating:
Use tf.where in 2.0, which has the same broadcast rule as np.where
WARNING:tensorflow:From /home/top/.pyenv/versions/3.7.12/lib/python3.7/site-packages/keras/backend/tensorflow_backend.py:422: The name tf.global_variables is deprecated. Please use tf.compat.v1.global_variables instead.

2021-11-23 17:31:00.588247: E tensorflow/core/grappler/optimizers/dependency_optimizer.cc:697] Iteration = 0, topological sort failed with message: The graph couldn't be sorted in topological order.
2021-11-23 17:31:00.618062: E tensorflow/core/grappler/optimizers/dependency_optimizer.cc:697] Iteration = 1, topological sort failed with message: The graph couldn't be sorted in topological order.
2021-11-23 17:31:00.724588: E tensorflow/core/grappler/optimizers/meta_optimizer.cc:533] model_pruner failed: Invalid argument: MutableGraphView::MutableGraphView error: node 'loss_2/model_2_loss/mean_squared_error/weighted_loss/concat' has self cycle fanin 'loss_2/model_2_loss/mean_squared_error/weighted_loss/concat'.
2021-11-23 17:31:00.970925: E tensorflow/core/grappler/optimizers/meta_optimizer.cc:533] remapper failed: Invalid argument: MutableGraphView::MutableGraphView error: node 'loss_2/model_2_loss/mean_squared_error/weighted_loss/concat' has self cycle fanin 'loss_2/model_2_loss/mean_squared_error/weighted_loss/concat'.
2021-11-23 17:31:01.000924: E tensorflow/core/grappler/optimizers/meta_optimizer.cc:533] arithmetic_optimizer failed: Invalid argument: The graph couldn't be sorted in topological order.
2021-11-23 17:31:01.025266: E tensorflow/core/grappler/optimizers/dependency_optimizer.cc:697] Iteration = 0, topological sort failed with message: The graph couldn't be sorted in topological order.
2021-11-23 17:31:01.052125: E tensorflow/core/grappler/optimizers/dependency_optimizer.cc:697] Iteration = 1, topological sort failed with message: The graph couldn't be sorted in topological order.
pca.n_components_:  23
df_pca.shape:  (37500, 23)
X_ae.shape:  (37500, 26)
Epoch: 1/100, [Dx loss: [ 0.18105048 -0.13416174 -0.01029416  0.03255063]] [Dz loss: [-2.6223772  -0.9931606  -2.4652154   0.08359992]] [G loss: [7.710284   0.02827455 6.6223617  0.10596473]]
Epoch: 2/100, [Dx loss: [47.628464   -0.0867005   0.08629849  4.7628856 ]] [Dz loss: [ -2.9616442   -1.287356   -11.33306      0.96587694]] [G loss: [17.58553    -0.21178783 17.311747    0.04855709]]
Epoch: 3/100, [Dx loss: [ 5.2937245  -0.7024071   0.68347293  0.53126574]] [Dz loss: [-19.589584    1.7870455 -27.13334     0.575671 ]] [G loss: [36.044903  -0.674837  36.238487   0.0481253]]
Epoch: 4/100, [Dx loss: [ 0.05352975 -0.13374093  0.06832542  0.01189453]] [Dz loss: [-18.987492     3.3892138  -27.434784     0.50580865]] [G loss: [ 3.2798744e+01 -2.3295784e-02  3.2416946e+01  4.0509589e-02]]
Epoch: 5/100, [Dx loss: [-0.02873167 -0.07728802 -0.00513622  0.00536926]] [Dz loss: [ -9.826303     3.3518891  -16.97692      0.37987268]] [G loss: [18.135242    0.02068634 17.716688    0.03978692]]
Epoch: 6/100, [Dx loss: [-0.01209145 -0.03737321 -0.04994639  0.00752281]] [Dz loss: [-1.3100296   2.4593506  -5.0176597   0.12482799]] [G loss: [5.4095645  0.05925633 4.94455    0.04057588]]
Epoch: 7/100, [Dx loss: [-0.06353763  0.04670862 -0.14496645  0.00347202]] [Dz loss: [ 0.5680647   1.9403266  -1.8953859   0.05231235]] [G loss: [2.4802954  0.16477056 1.9085345  0.04069904]]
Epoch: 8/100, [Dx loss: [-0.046701    0.3223942  -0.42589632  0.00568012]] [Dz loss: [ 1.3574115  1.6603433 -0.7947756  0.0491844]] [G loss: [1.6793197  0.4507469  0.8309438  0.03976293]]
Epoch: 9/100, [Dx loss: [-0.06930359  0.2870646  -0.39555386  0.00391857]] [Dz loss: [ 1.1636746   1.486419   -0.7119815   0.03892374]] [G loss: [1.5804244  0.39818916 0.7926107  0.03896245]]
Epoch: 10/100, [Dx loss: [-0.05186515  0.32713225 -0.43080878  0.00518115]] [Dz loss: [ 1.3746617   1.330202   -0.31246042  0.035692  ]] [G loss: [1.2217418  0.44483992 0.4018275  0.03750745]]
Epoch: 11/100, [Dx loss: [-0.04888986  0.31300074 -0.39950088  0.00376102]] [Dz loss: [ 1.0144678   1.311483   -0.66777116  0.03707557]] [G loss: [1.6173404  0.40191966 0.8616938  0.0353727 ]]
Epoch: 12/100, [Dx loss: [-0.06544892  0.35080007 -0.45067194  0.00344229]] [Dz loss: [ 0.4853528   1.4078231  -1.2973795   0.03749092]] [G loss: [2.3580413  0.46191284 1.5225205  0.03736078]]
Epoch: 13/100, [Dx loss: [-0.07170215  0.4750317  -0.5846342   0.00379003]] [Dz loss: [ 1.1774429   1.3793445  -0.65281165  0.04509099]] [G loss: [1.9162613  0.58935815 0.95922303 0.03676802]]
Epoch: 14/100, [Dx loss: [-0.07061847  0.4366585  -0.539361    0.00320841]] [Dz loss: [-1.2816113   1.7468596  -3.533808    0.05053375]] [G loss: [5.2119527  0.5447603  4.302116   0.03650773]]
Epoch: 15/100, [Dx loss: [-0.0746027   0.45950478 -0.56886995  0.00347626]] [Dz loss: [-0.21423063  1.9813298  -2.7849712   0.0589411 ]] [G loss: [3.9541063  0.578035   3.0271583  0.03489135]]
Epoch: 16/100, [Dx loss: [-0.06744487  0.36555305 -0.46608493  0.0033087 ]] [Dz loss: [-0.37155506  1.8959259  -2.816215    0.05487346]] [G loss: [3.9504967  0.45946363 3.1484237  0.03426094]]
Epoch: 17/100, [Dx loss: [-0.05374329  0.40911287 -0.4973053   0.00344492]] [Dz loss: [ 0.02499982  1.6477026  -2.0603833   0.04376804]] [G loss: [3.0148687  0.51771116 2.168514   0.03286435]]
Epoch: 18/100, [Dx loss: [-0.06013003  0.45544443 -0.54559815  0.00300236]] [Dz loss: [ 1.0061706   1.3390415  -0.70669895  0.03738278]] [G loss: [1.7253639 0.5494391 0.8395377 0.0336387]]
Epoch: 19/100, [Dx loss: [-0.06678699  0.3978966  -0.4925323   0.00278487]] [Dz loss: [ 0.84470314  1.3133166  -0.8685711   0.03999574]] [G loss: [1.8028064  0.4967747  0.9822907  0.03237408]]
Epoch: 20/100, [Dx loss: [-0.0713439   0.24853541 -0.34751168  0.00276323]] [Dz loss: [ 1.7378626   1.2504563  -0.16972585  0.06571323]] [G loss: [1.0259374  0.34679553 0.33348778 0.03456542]]
Epoch: 21/100, [Dx loss: [-0.09061433  0.24065146 -0.36284536  0.00315796]] [Dz loss: [-1.1487321   1.4666507  -3.1009364   0.04855537]] [G loss: [4.151751   0.37535828 3.4235785  0.03528142]]
Epoch: 22/100, [Dx loss: [-0.06907637  0.28642622 -0.38064817  0.00251456]] [Dz loss: [ 0.5260967   1.1746855  -1.0272979   0.03787088]] [G loss: [1.8337312  0.39275372 1.1076288  0.03333485]]
Epoch: 23/100, [Dx loss: [-0.08184967  0.35387895 -0.46409458  0.0028366 ]] [Dz loss: [ 0.7702502   0.649428   -0.28224456  0.04030668]] [G loss: [1.3499267  0.4759162  0.5370352  0.03369753]]
Epoch: 24/100, [Dx loss: [-0.08802342  0.3171264  -0.43437046  0.00292206]] [Dz loss: [-0.80978423  0.6627485  -1.8958343   0.04233015]] [G loss: [3.1074753  0.43284205 2.3393333  0.03353   ]]
Epoch: 25/100, [Dx loss: [-0.07261477  0.27793995 -0.37660515  0.00260504]] [Dz loss: [-0.4655704   0.976402   -2.0460544   0.06040819]] [G loss: [3.0579605  0.39769372 2.3396292  0.03206379]]
Epoch: 26/100, [Dx loss: [-0.07697987  0.40001824 -0.5043376   0.00273394]] [Dz loss: [-0.4945343  1.2916969 -2.2923741  0.0506143]] [G loss: [3.4432685  0.5055077  2.6201513  0.03176099]]
Epoch: 27/100, [Dx loss: [-0.07385215  0.23581709 -0.33826068  0.00285914]] [Dz loss: [-0.64255327  0.9076205  -1.9668826   0.0416709 ]] [G loss: [2.8381972  0.34410742 2.196812   0.02972781]]
Epoch: 28/100, [Dx loss: [-0.06686576  0.2691887  -0.361236    0.00251816]] [Dz loss: [-0.3005294   0.59887594 -1.3724163   0.04730111]] [G loss: [2.2476194  0.37578565 1.5434387  0.0328395 ]]
Epoch: 29/100, [Dx loss: [-0.06956176  0.46415472 -0.56067926  0.00269629]] [Dz loss: [ 0.17780375  0.89180994 -1.1774255   0.04634193]] [G loss: [2.4253478  0.5748008  1.5148734  0.03356735]]
Epoch: 30/100, [Dx loss: [-0.08917604  0.38024557 -0.49672523  0.00273036]] [Dz loss: [-0.48497206  1.0656934  -2.0791528   0.05284875]] [G loss: [3.2666612  0.5115629  2.4106698  0.03444283]]
Epoch: 31/100, [Dx loss: [-0.08188126  0.44455504 -0.5520946   0.00256583]] [Dz loss: [-0.9885282   0.7866255  -2.2635798   0.04884264]] [G loss: [3.3568656  0.5589212  2.4739997  0.03239445]]
Epoch: 32/100, [Dx loss: [-0.06132553  0.16767123 -0.25341195  0.00244152]] [Dz loss: [ 0.588226    0.43645906 -0.24211727  0.03938842]] [G loss: [1.1133717  0.24769948 0.5541427  0.03115297]]
Epoch: 33/100, [Dx loss: [-0.07948224  0.16751194 -0.27268946  0.00256953]] [Dz loss: [-1.9079641   0.9082129  -3.4143832   0.05982061]] [G loss: [4.5417967  0.29319844 3.9384825  0.03101155]]
Epoch: 34/100, [Dx loss: [-0.08027478  0.31249246 -0.41727048  0.00245032]] [Dz loss: [-1.188617    1.2979954  -3.0985649   0.06119527]] [G loss: [4.076947   0.42275226 3.344307   0.0309888 ]]
Epoch: 35/100, [Dx loss: [-0.07937983  0.31055602 -0.4175752   0.00276394]] [Dz loss: [ 0.7594651   1.185754   -0.9179369   0.04916483]] [G loss: [1.890635   0.4303386  1.1565568  0.03037398]]
Epoch: 36/100, [Dx loss: [-0.07223098  0.42639124 -0.52939236  0.00307702]] [Dz loss: [-0.81696403  0.94001627 -2.1873708   0.04303908]] [G loss: [3.486103  0.5204627 2.6475294 0.0318111]]
Epoch: 37/100, [Dx loss: [-0.08148727  0.37253737 -0.47890803  0.00248834]] [Dz loss: [-1.8159503   0.93904525 -3.2813299   0.05263343]] [G loss: [4.49853    0.495657   3.6889575  0.03139152]]
Epoch: 38/100, [Dx loss: [-0.09099847  0.39753166 -0.5121024   0.00235723]] [Dz loss: [-0.20456548  0.7602023  -1.4670172   0.05022497]] [G loss: [2.5088902  0.51511556 1.684785   0.03089899]]
Epoch: 39/100, [Dx loss: [-0.09342422  0.40093964 -0.5199524   0.00255885]] [Dz loss: [-1.5682437   0.50025827 -2.7460854   0.06775834]] [G loss: [4.032801   0.52596796 3.1935937  0.03132395]]
Epoch: 40/100, [Dx loss: [-0.08453968  0.3480341  -0.4564623   0.00238884]] [Dz loss: [-1.5369172   0.5085065  -2.6359725   0.05905489]] [G loss: [3.6301224  0.45660865 2.8699846  0.03035294]]
Epoch: 41/100, [Dx loss: [-0.07387462  0.2279152  -0.3259646   0.00241748]] [Dz loss: [ 0.35268533  0.30159932 -0.32548267  0.03765687]] [G loss: [1.1360551  0.33851787 0.48809555 0.03094418]]
Epoch: 42/100, [Dx loss: [-0.08559549  0.16247007 -0.2716556   0.002359  ]] [Dz loss: [-0.6492927  -0.02155175 -1.0038615   0.03761206]] [G loss: [1.9580147  0.2680873  1.3926758  0.02972518]]
Epoch: 43/100, [Dx loss: [-0.08579142  0.3418834  -0.45292154  0.00252467]] [Dz loss: [-2.2146838  -0.17081003 -2.710582    0.06667081]] [G loss: [3.7984426  0.49412528 3.007331   0.02969859]]
Epoch: 44/100, [Dx loss: [-0.06492636  0.26517737 -0.35464495  0.00245412]] [Dz loss: [-0.668805   -0.31782892 -0.7966552   0.04456792]] [G loss: [1.5918778  0.34140584 0.97061944 0.02798525]]
Epoch: 45/100, [Dx loss: [-0.09844897  0.29920352 -0.41904157  0.00213891]] [Dz loss: [-0.3492794  -0.5994543  -0.15375286  0.04039278]] [G loss: [1.118799   0.43357614 0.38263455 0.03025883]]
Epoch: 46/100, [Dx loss: [-0.07506171  0.20103589 -0.30053812  0.00244406]] [Dz loss: [-1.8307918  -0.92540586 -1.4034078   0.04980221]] [G loss: [2.3047185  0.29468405 1.7057316  0.03043028]]
Epoch: 47/100, [Dx loss: [-0.09548111  0.20849079 -0.32987365  0.00259018]] [Dz loss: [-2.183194  -1.1329919 -1.5407461  0.0490544]] [G loss: [2.3191519  0.34130177 1.6964952  0.0281355 ]]
Epoch: 48/100, [Dx loss: [-0.09609514  0.3293379  -0.4462963   0.00208633]] [Dz loss: [-0.2855365  -1.5032182   0.9110983   0.03065835]] [G loss: [-0.07285006  0.4556016  -0.81747055  0.02890189]]
Epoch: 49/100, [Dx loss: [-0.09201933  0.13728775 -0.2510053   0.00216983]] [Dz loss: [-0.50279206 -1.8595855   0.98809916  0.03686941]] [G loss: [-0.13358653  0.24389268 -0.6766144   0.02991351]]
Epoch: 50/100, [Dx loss: [-0.0834107   0.15502125 -0.25831926  0.00198873]] [Dz loss: [-3.0400927  -1.3615702  -2.295195    0.06166727]] [G loss: [3.1674097  0.27147874 2.601653   0.02942777]]
Epoch: 51/100, [Dx loss: [-0.08937176  0.14910549 -0.25724652  0.00187693]] [Dz loss: [-1.9244292  -0.8842717  -1.4344568   0.03942991]] [G loss: [2.1109092  0.25965005 1.5575448  0.02937143]]
Epoch: 52/100, [Dx loss: [-0.08358268  0.29546374 -0.4022692   0.00232229]] [Dz loss: [-0.47638178 -0.9246582   0.21491536  0.02333612]] [G loss: [ 0.58582866  0.4289788  -0.13616423  0.02930141]]
Epoch: 53/100, [Dx loss: [-0.08852374  0.25631794 -0.36172977  0.0016888 ]] [Dz loss: [-1.0031224  -1.4257648   0.12276634  0.02998762]] [G loss: [0.7446434  0.35848662 0.07559937 0.03105574]]
Epoch: 54/100, [Dx loss: [-0.102394    0.2915641  -0.41694838  0.00229903]] [Dz loss: [-2.8362138  -2.0884233  -1.2202171   0.04724259]] [G loss: [2.1197364  0.43110368 1.3827307  0.03059022]]
Epoch: 55/100, [Dx loss: [-0.08087481  0.29139447 -0.39125752  0.00189883]] [Dz loss: [-1.8847475  -2.278285    0.08236669  0.03111708]] [G loss: [ 0.63121164  0.38818944 -0.05503523  0.02980574]]
Epoch: 56/100, [Dx loss: [-0.06339133  0.3656361  -0.45748845  0.0028461 ]] [Dz loss: [-0.41687527 -2.7839155   2.1425834   0.02244577]] [G loss: [-1.3630385   0.46979693 -2.1343977   0.03015624]]
Epoch: 57/100, [Dx loss: [-0.09155864  0.284393   -0.4002696   0.00243179]] [Dz loss: [ 0.13758391 -3.505524    3.3421953   0.03009125]] [G loss: [-2.5280352   0.41194963 -3.2296197   0.02896349]]
Epoch: 58/100, [Dx loss: [-0.07851041  0.37296987 -0.47913933  0.0027659 ]] [Dz loss: [-1.8679953 -3.1127932  0.8199956  0.0424802]] [G loss: [ 0.2873815   0.47746375 -0.50292856  0.03128463]]
Epoch: 59/100, [Dx loss: [-0.09319265 -0.06007526 -0.06808551  0.00349681]] [Dz loss: [-2.1034734  -1.6067363  -0.83561206  0.03388751]] [G loss: [1.3759317  0.09640184 0.9139603  0.03655696]]
Epoch: 60/100, [Dx loss: [-0.10501857  0.3274264  -0.46330217  0.00308573]] [Dz loss: [-1.0677159  -1.4650128   0.14309658  0.02542001]] [G loss: [ 0.67164093  0.46092862 -0.08266738  0.02933796]]
Epoch: 61/100, [Dx loss: [-0.05689422  0.2934447  -0.40425262  0.00539138]] [Dz loss: [-0.8438941  -1.9731674   0.8786677   0.02506058]] [G loss: [-0.06597276  0.43510625 -0.81500953  0.03139305]]
Epoch: 62/100, [Dx loss: [-0.11076017  0.05454074 -0.18579358  0.00204927]] [Dz loss: [-1.3893148  -1.8256426   0.08858247  0.03477451]] [G loss: [0.5275999  0.17141093 0.05873028 0.02974587]]
Epoch: 63/100, [Dx loss: [-0.09872966  0.12391387 -0.23988576  0.00172422]] [Dz loss: [-1.2433118  -1.405086   -0.11894374  0.02807179]] [G loss: [0.753842   0.2673593  0.15915951 0.03273232]]
Epoch: 64/100, [Dx loss: [ 6.2820056e+05 -4.1941605e+00  9.4378529e+00  6.2819551e+04]] [Dz loss: [-0.6468712  -1.8967491   1.0135638   0.02363142]] [G loss: [18.543205   18.629587   -0.9818688   0.08954843]]
Epoch: 65/100, [Dx loss: [ 2.8120443e+04  2.8620603e+00 -2.6443806e+00  2.8120227e+03]] [Dz loss: [-0.72424704 -2.2887032   1.3090564   0.02553996]] [G loss: [ 1.1981254   1.9335529  -1.2685022   0.05330747]]
Epoch: 66/100, [Dx loss: [ 1.0466049e+03  3.6002541e-01 -1.5673073e-02  1.0462604e+02]] [Dz loss: [-0.8004347  -2.1908672   1.1383072   0.02521251]] [G loss: [-0.3310468   0.06976104 -1.0734586   0.06726507]]
Epoch: 67/100, [Dx loss: [731.7735     -2.7758355   3.0442052  73.15051  ]] [Dz loss: [-1.137838   -1.9696432   0.54285574  0.02889496]] [G loss: [-3.0362198  -3.1310484  -0.47515437  0.05699828]]
Epoch: 68/100, [Dx loss: [647.84106    -4.4843554   5.028809   64.72967  ]] [Dz loss: [-1.0726259  -2.2302012   0.8987373   0.02588381]] [G loss: [-5.2493477  -5.0229993  -0.86734045  0.06409924]]
Epoch: 69/100, [Dx loss: [555.63074    -5.791612    6.1133895  55.53089  ]] [Dz loss: [-0.8225216  -2.4523766   1.387185    0.02426699]] [G loss: [-6.939989   -6.101713   -1.380981    0.05427064]]
Epoch: 70/100, [Dx loss: [359.5444     -6.2495656   6.381456   35.941254 ]] [Dz loss: [-0.6734885  -2.5305834   1.6122239   0.02448711]] [G loss: [-7.4943757  -6.3613935  -1.5566517   0.04236693]]
Epoch: 71/100, [Dx loss: [239.54782    -5.4303703   5.509137   23.946903 ]] [Dz loss: [-1.0147983  -2.7607567   1.4955714   0.02503861]] [G loss: [-6.5141068  -5.4281635  -1.4555031   0.03695598]]
Epoch: 72/100, [Dx loss: [188.80194    -4.365203    4.4187837  18.874834 ]] [Dz loss: [-0.8664376  -2.8856313   1.7779818   0.02412118]] [G loss: [-5.7061434  -4.3351316  -1.7373565   0.03663453]]
Epoch: 73/100, [Dx loss: [188.75893    -2.6649034   2.7030008  18.872086 ]] [Dz loss: [-1.1438243  -2.8055503   1.3660713   0.02956544]] [G loss: [-3.499262   -2.612586   -1.2546641   0.03679876]]
Epoch: 74/100, [Dx loss: [200.3201     -1.5483376   1.6201097  20.024836 ]] [Dz loss: [-1.5023606  -2.3552551   0.5786009   0.02742937]] [G loss: [-1.6437718  -1.5197955  -0.50443983  0.03804636]]
Epoch: 75/100, [Dx loss: [288.55948     0.7217081  -0.5915751  28.842937 ]] [Dz loss: [-1.481015   -2.2563312   0.469455    0.03058611]] [G loss: [ 0.63325214  0.67079145 -0.4707182   0.04331789]]
Epoch: 76/100, [Dx loss: [ 3.1230186e+03 -5.9253198e-01  8.1254447e-01  3.1227982e+02]] [Dz loss: [-1.4942002  -2.6918201   0.89595515  0.03016656]] [G loss: [-2.0283792  -1.5988044  -0.8749361   0.04453613]]
Epoch: 77/100, [Dx loss: [6585.589     -28.034534   28.105547  658.55176 ]] [Dz loss: [-1.2804837  -3.1197915   1.5593965   0.02799108]] [G loss: [-29.124678   -28.01698     -1.5577937    0.04500961]]
Epoch: 78/100, [Dx loss: [774.2393   -12.699633  12.699041  77.42401 ]] [Dz loss: [-1.2191478  -3.361136    1.8547099   0.02872783]] [G loss: [-13.862924   -12.407971    -1.8557811    0.04008276]]
Epoch: 79/100, [Dx loss: [576.95245  -10.315595  10.302203  57.696587]] [Dz loss: [-1.1284081  -3.4108038   2.0030851   0.02793104]] [G loss: [-11.735492   -10.152029    -1.9607183    0.03772547]]
Epoch: 80/100, [Dx loss: [489.07343   -8.387106   8.372599  48.90879 ]] [Dz loss: [-1.1109555  -3.4991987   2.105482    0.02827611]] [G loss: [-9.962906   -8.286671   -2.0493724   0.03731386]]
Epoch: 81/100, [Dx loss: [415.12866    -7.2130013   7.1968713  41.51447  ]] [Dz loss: [-1.2018594  -3.269275    1.7870748   0.02803405]] [G loss: [-8.483685   -7.116812   -1.7314415   0.03645691]]
Epoch: 82/100, [Dx loss: [334.5222     -6.27888     6.2416186  33.45594  ]] [Dz loss: [-1.4367962  -2.8650255   1.1297317   0.02984979]] [G loss: [-6.946008   -6.213513   -1.0904253   0.03579301]]
Epoch: 83/100, [Dx loss: [276.3142     -5.5907664   5.553858   27.635109 ]] [Dz loss: [-1.538735   -2.334547    0.50868225  0.02871304]] [G loss: [-5.6052213  -5.52782    -0.42393208  0.03465307]]
Epoch: 84/100, [Dx loss: [232.99486    -5.0490475   5.0175095  23.302643 ]] [Dz loss: [-1.5900553  -1.9798038   0.09650825  0.02932399]] [G loss: [-4.7091327  -5.025244   -0.02754944  0.03436608]]
Epoch: 85/100, [Dx loss: [207.24698    -4.6202807   4.6044173  20.726286 ]] [Dz loss: [-1.45818   -2.0662606  0.3229938  0.0285087]] [G loss: [-4.54512    -4.594903   -0.29363564  0.03434188]]2021-11-25 17:10:56.165193: E tensorflow/core/grappler/optimizers/dependency_optimizer.cc:697] Iteration = 0, topological sort failed with message: The graph couldn't be sorted in topological order.
2021-11-25 17:10:56.334971: E tensorflow/core/grappler/optimizers/dependency_optimizer.cc:697] Iteration = 1, topological sort failed with message: The graph couldn't be sorted in topological order.
2021-11-25 17:10:56.670146: E tensorflow/core/grappler/optimizers/meta_optimizer.cc:533] model_pruner failed: Invalid argument: MutableGraphView::MutableGraphView error: node 'loss_5/model_9_loss/mean_squared_error/weighted_loss/concat' has self cycle fanin 'loss_5/model_9_loss/mean_squared_error/weighted_loss/concat'.
2021-11-25 17:10:57.880806: E tensorflow/core/grappler/optimizers/meta_optimizer.cc:533] remapper failed: Invalid argument: MutableGraphView::MutableGraphView error: node 'loss_5/model_9_loss/mean_squared_error/weighted_loss/concat' has self cycle fanin 'loss_5/model_9_loss/mean_squared_error/weighted_loss/concat'.
2021-11-25 17:10:58.066437: E tensorflow/core/grappler/optimizers/meta_optimizer.cc:533] arithmetic_optimizer failed: Invalid argument: The graph couldn't be sorted in topological order.
2021-11-25 17:10:58.196209: E tensorflow/core/grappler/optimizers/dependency_optimizer.cc:697] Iteration = 0, topological sort failed with message: The graph couldn't be sorted in topological order.
2021-11-25 17:10:58.351545: E tensorflow/core/grappler/optimizers/dependency_optimizer.cc:697] Iteration = 1, topological sort failed with message: The graph couldn't be sorted in topological order.

Epoch: 86/100, [Dx loss: [197.34349    -3.907351    3.8827448  19.73681  ]] [Dz loss: [-1.384779   -2.1745057   0.51579666  0.02739299]] [G loss: [-4.0256386  -3.8630495  -0.5058515   0.03432623]]
Epoch: 87/100, [Dx loss: [286.0392     -1.3660302   1.3183451  28.608692 ]] [Dz loss: [-1.2901729  -2.2638679   0.7044291   0.02692657]] [G loss: [-1.3611734  -1.0052129  -0.6874438   0.03314834]]
Epoch: 88/100, [Dx loss: [393.62997     4.0744157  -4.123261   39.36788  ]] [Dz loss: [-1.2818174  -2.217479    0.6775979   0.02580639]] [G loss: [ 4.0231476   4.3113103  -0.62415177  0.03359887]]
Epoch: 89/100, [Dx loss: [1025.4382     10.88294   -10.901666  102.545685]] [Dz loss: [-1.3470021  -2.2233257   0.6073759   0.02689473]] [G loss: [11.036695   11.2663765  -0.5723537   0.03426701]]
Epoch: 90/100, [Dx loss: [552.81146   13.173802 -13.239949  55.287758]] [Dz loss: [-1.4156339  -2.024397    0.34073108  0.02680319]] [G loss: [13.302117   13.236526   -0.27855086  0.03441422]]
Epoch: 91/100, [Dx loss: [340.34433   11.818355 -11.905387  34.04313 ]] [Dz loss: [-1.3857543  -1.8924695   0.22546384  0.02812513]] [G loss: [11.976926   11.841833   -0.21207803  0.03471708]]
Epoch: 92/100, [Dx loss: [273.41602   10.973638 -11.034039  27.347643]] [Dz loss: [-1.2508603  -2.1159513   0.5925408   0.02725503]] [G loss: [10.762909   11.007239   -0.5876767   0.03433461]]
Epoch: 93/100, [Dx loss: [245.19272   10.795446 -10.841499  24.523874]] [Dz loss: [-1.1855192  -2.2768672   0.81937945  0.02719687]] [G loss: [10.409942   10.847464   -0.7846534   0.03471304]]
Epoch: 94/100, [Dx loss: [244.32301    9.982169  -9.978204  24.431908]] [Dz loss: [-1.1367824  -2.2450423   0.83922637  0.02690334]] [G loss: [ 9.461536    9.867634   -0.8006374   0.03945399]]
Epoch: 95/100, [Dx loss: [228.40656    8.519001  -8.471152  22.835875]] [Dz loss: [-1.2135996  -1.8470094   0.36201787  0.02713921]] [G loss: [ 8.545417    8.425565   -0.30076167  0.04206134]]
Epoch: 96/100, [Dx loss: [187.3327      7.3329625  -7.355678   18.735538 ]] [Dz loss: [-1.2747978  -1.711816    0.15637179  0.02806462]] [G loss: [ 7.6093874   7.3534546  -0.1145339   0.03704665]]
Epoch: 97/100, [Dx loss: [155.50731    7.828472  -7.88208   15.55609 ]] [Dz loss: [-1.3268913  -1.5453968  -0.05580438  0.02743097]] [G loss: [8.3438635  7.899811   0.08731671 0.0356736 ]]
Epoch: 98/100, [Dx loss: [142.42336    8.151965  -8.214882  14.248628]] [Dz loss: [-1.4114856  -1.6534048  -0.05021728  0.02921366]] [G loss: [8.708851   8.267242   0.08026242 0.03613451]]
Epoch: 99/100, [Dx loss: [138.83253    8.680379  -8.784376  13.893651]] [Dz loss: [-1.400259   -1.6355907  -0.03778607  0.02731178]] [G loss: [9.238906   8.8338585  0.04833976 0.03567076]]
Epoch: 100/100, [Dx loss: [140.78052    9.309917  -9.41125   14.088186]] [Dz loss: [-1.427201   -1.7902915   0.07892275  0.02841677]] [G loss: [ 9.75518     9.461602   -0.06580183  0.03593797]]
(7378, 100, 23)
Epoch: 1/100, [Dx loss: [ 1.4843028  -0.19581582  0.05514884  0.16249695]] [Dz loss: [ 1.2311044   0.32341263 -0.1037778   0.1011469 ]] [G loss: [ 4.697473   -0.0824543   3.159936    0.16199915]]
Epoch: 2/100, [Dx loss: [ 1.3223102  -0.05763948 -0.02510337  0.1405053 ]] [Dz loss: [-10.424884    1.3111011 -17.921486    0.6185498]] [G loss: [24.240206    0.05242713 23.173788    0.10139921]]
Epoch: 3/100, [Dx loss: [-0.30143017 -0.38267416  0.02592913  0.00553149]] [Dz loss: [-14.330847    3.2634943 -21.973665    0.4379324]] [G loss: [ 2.7182007e+01 -1.8543845e-02  2.5881615e+01  1.3189344e-01]]
Epoch: 4/100, [Dx loss: [-0.29025087 -0.3952703   0.06713646  0.00378829]] [Dz loss: [ -6.4195495    3.1197674  -11.450984     0.19116665]] [G loss: [13.380148   -0.04350468 12.275052    0.11486003]]
Epoch: 5/100, [Dx loss: [ 0.6923662  -0.25302973 -0.00298687  0.09483827]] [Dz loss: [-1.3242029   2.6410923  -4.7398553   0.07745591]] [G loss: [6.3922987  0.15646185 4.7830734  0.14527637]]
Epoch: 6/100, [Dx loss: [ 2.6382879e+04 -2.8505543e-01  8.7271148e-01  2.6382295e+03]] [Dz loss: [ 0.38927078  2.3423584  -2.428898    0.04758101]] [G loss: [4.868836   0.532489   2.493408   0.18429393]]
Epoch: 7/100, [Dx loss: [ 8.4775732e+02 -7.8689611e-01  6.6158646e-01  8.4788261e+01]] [Dz loss: [ 1.146013    2.2042274  -1.5127507   0.04545368]] [G loss: [ 2.3326864  -0.82474613  1.5686734   0.15887593]]
Epoch: 8/100, [Dx loss: [54.593796  -1.4579897  1.4571544  5.4594636]] [Dz loss: [ 1.5627313   1.9680735  -0.8858691   0.04805265]] [G loss: [ 0.6100901  -1.4529797   0.92948514  0.11335848]]
Epoch: 9/100, [Dx loss: [40.62001   -1.5426956  1.5550944  4.060761 ]] [Dz loss: [ 1.6783131   1.6837218  -0.510419    0.05050101]] [G loss: [ 0.06566762 -1.5576512   0.58824575  0.10350733]]
Epoch: 10/100, [Dx loss: [23.549944  -1.2574353  1.251625   2.3555758]] [Dz loss: [1.833724   1.3376932  0.07298138 0.04230498]] [G loss: [-0.14634086 -1.2215734   0.06735735  0.10078751]]
Epoch: 11/100, [Dx loss: [15.549726   -0.96721154  0.96772695  1.5549213 ]] [Dz loss: [-0.03156367  1.4151987  -1.9338058   0.0487044 ]] [G loss: [ 2.4588938  -0.9540335   2.4941778   0.09187496]]
Epoch: 12/100, [Dx loss: [11.72659    -0.81129915  0.791181    1.174671  ]] [Dz loss: [ 0.1300578   1.70523    -2.1717117   0.05965394]] [G loss: [ 2.6173713  -0.7814111   2.5821764   0.08166062]]
Epoch: 13/100, [Dx loss: [ 8.799587  -0.6063112  0.5980525  0.8807847]] [Dz loss: [-0.5085896   1.9561586  -3.435849    0.09711006]] [G loss: [ 4.22593    -0.58380634  3.9440546   0.08656817]]
Epoch: 14/100, [Dx loss: [ 8.436804   -0.513139    0.50692785  0.8443016 ]] [Dz loss: [ 0.27940995  1.8273157  -2.2501965   0.07022914]] [G loss: [ 2.570014   -0.50293976  2.3278806   0.07450727]]
Epoch: 15/100, [Dx loss: [ 7.5121455  -0.33895263  0.3344144   0.75166845]] [Dz loss: [ 1.0240045   1.7755709  -1.3112034   0.05596374]] [G loss: [ 1.7763733  -0.32442105  1.3910365   0.07097578]]
Epoch: 16/100, [Dx loss: [ 6.337342   -0.25352907  0.2551746   0.6335695 ]] [Dz loss: [ 1.4220376  1.5102024 -0.5673878  0.0479223]] [G loss: [ 1.0409466  -0.24960843  0.6204922   0.06700628]]
Epoch: 17/100, [Dx loss: [ 7.9396148e+00 -3.3362189e-03  5.1943585e-03  7.9377574e-01]] [Dz loss: [1.5792396e+00 1.1471962e+00 3.0483658e-04 4.3173879e-02]] [G loss: [0.6682191  0.01103267 0.04131925 0.06158672]]
Epoch: 18/100, [Dx loss: [13.270428    0.35466993 -0.35001513  1.3265773 ]] [Dz loss: [1.6615837  1.0244538  0.13470371 0.05024258]] [G loss: [1.0511376  0.38240147 0.07155206 0.0597184 ]]
Epoch: 19/100, [Dx loss: [36.362328   1.2865992 -1.2340043  3.6309743]] [Dz loss: [-0.39538085  1.2104492  -2.2051463   0.05993162]] [G loss: [4.473406   1.2884365  2.5716026  0.06133662]]
Epoch: 20/100, [Dx loss: [37.410778   1.881841  -1.8303299  3.7359273]] [Dz loss: [ 1.5639402   0.9926697  -0.07813278  0.06494033]] [G loss: [2.6738653  1.8543401  0.20411156 0.0615414 ]]
Epoch: 21/100, [Dx loss: [16.991024   1.8389393 -1.8148783  1.6966965]] [Dz loss: [-1.1860243   1.0395719  -3.1631625   0.09375659]] [G loss: [6.4689665  1.8122077  4.031159   0.06256001]]
Epoch: 22/100, [Dx loss: [ 9.013651    1.9466372  -1.9389832   0.90059966]] [Dz loss: [-0.06205474  1.3759986  -2.4174263   0.09793732]] [G loss: [5.0912094  1.9514782  2.579395   0.05603364]]
Epoch: 23/100, [Dx loss: [ 7.5701127  2.12071   -2.1062958  0.7555699]] [Dz loss: [ 1.1003226   1.2631863  -0.70557463  0.05427111]] [G loss: [3.5810575  2.1127667  0.92989486 0.05383956]]
Epoch: 24/100, [Dx loss: [ 5.3047757  2.1763074 -2.161669   0.5290137]] [Dz loss: [-0.8777476   1.1929917  -2.8037639   0.07330243]] [G loss: [6.129994  2.16558   3.4345243 0.052989 ]]
Epoch: 25/100, [Dx loss: [ 4.5858893   2.2804966  -2.2769063   0.45822978]] [Dz loss: [ 0.45824757  1.2957976  -2.0006983   0.1163148 ]] [G loss: [4.871079   2.284093   2.0973506  0.04896361]]
Epoch: 26/100, [Dx loss: [ 4.7278886   2.2911775  -2.290765    0.47274756]] [Dz loss: [ 0.8647597   1.3780609  -1.1394948   0.06261934]] [G loss: [4.0692635  2.2911186  1.3070699  0.04710751]]
Epoch: 27/100, [Dx loss: [ 4.15548     2.310624   -2.3025858   0.41474423]] [Dz loss: [-0.02245037  1.4042356  -2.069388    0.06427019]] [G loss: [5.295078   2.3107977  2.4376402  0.05466392]]
Epoch: 28/100, [Dx loss: [ 5.755796   2.5809078 -2.5725627  0.5747451]] [Dz loss: [ 1.1174012   1.3884932  -1.2057202   0.09346282]] [G loss: [4.334946   2.5897663  1.2475175  0.04976622]]
Epoch: 29/100, [Dx loss: [ 9.022862   2.8015237 -2.7962341  0.9017575]] [Dz loss: [ 1.4540008   1.2832676  -0.33355135  0.0504285 ]] [G loss: [3.6460488  2.8100238  0.37334326 0.04626818]]
Epoch: 30/100, [Dx loss: [ 7.2820773  2.9166803 -2.916299   0.7281697]] [Dz loss: [ 1.3848146   1.1227516  -0.1829309   0.04449939]] [G loss: [3.8641295  2.9234557  0.386703   0.05539706]]
Epoch: 31/100, [Dx loss: [ 7.772356    2.991757   -3.0121312   0.77927303]] [Dz loss: [ 0.34885827  1.2646415  -1.4866855   0.05709025]] [G loss: [5.5408053  3.0161216  1.6598155  0.08648682]]
Epoch: 32/100, [Dx loss: [ 3.7817552  2.9039237 -2.933535   0.3811366]] [Dz loss: [ 1.0436126   1.2659283  -0.71035606  0.04880405]] [G loss: [4.4268684  2.917565   0.85951704 0.06497865]]
Epoch: 33/100, [Dx loss: [ 4.2752566  2.654344  -2.6848342  0.4305745]] [Dz loss: [ 1.2363364  1.2664745 -0.6256213  0.0595483]] [G loss: [4.2203794  2.6815517  0.9593348  0.05794927]]
Epoch: 34/100, [Dx loss: [ 3.5944245  2.606919  -2.6236737  0.3611179]] [Dz loss: [-1.8738537   1.5928618  -4.3241954   0.08574796]] [G loss: [8.104861  2.6187773 4.8751307 0.0610954]]
Epoch: 35/100, [Dx loss: [ 3.67641    2.4392722 -2.4550905  0.3692228]] [Dz loss: [ 0.9799367   1.4284945  -1.411771    0.09632134]] [G loss: [4.6175294 2.4508047 1.4894569 0.0677268]]
Epoch: 36/100, [Dx loss: [ 4.143034    2.4634378  -2.486708    0.41663036]] [Dz loss: [ 0.9833466   1.2236878  -0.80351186  0.05631704]] [G loss: [4.1182876  2.5084946  0.9709706  0.06388225]]
Epoch: 37/100, [Dx loss: [ 6.7981486  2.9590325 -2.966973   0.6806089]] [Dz loss: [ 0.38631672  1.2806054  -1.4260551   0.05317662]] [G loss: [5.2588496  2.982786   1.7582625  0.05178008]]
Epoch: 38/100, [Dx loss: [ 6.7822804   2.7965844  -2.794942    0.67806345]] [Dz loss: [ 0.1580779   1.3964249  -1.8814539   0.06431067]] [G loss: [5.311785   2.7858024  1.9868869  0.05390963]]
Epoch: 39/100, [Dx loss: [ 4.1226025   2.7783904  -2.7918816   0.41360942]] [Dz loss: [ 1.615564    1.2490709  -0.31559274  0.06820862]] [G loss: [3.6545844  2.7951016  0.37745583 0.04820271]]
Epoch: 40/100, [Dx loss: [ 2.4084833   2.5791132  -2.5903282   0.24196991]] [Dz loss: [1.8623435  0.91916347 0.16734868 0.07758314]] [G loss: [3.0880234  2.5754077  0.08791102 0.0424705 ]]
Epoch: 41/100, [Dx loss: [ 1.6224381   2.3988304  -2.4007263   0.16243348]] [Dz loss: [-1.7882193   1.0654694  -3.5457456   0.06920566]] [G loss: [6.942674   2.3974638  4.14226    0.04029497]]
Epoch: 42/100, [Dx loss: [ 1.2953409   2.3644445  -2.3743088   0.13052055]] [Dz loss: [ 0.51174366  1.1567719  -1.512714    0.08676856]] [G loss: [4.3208942  2.3746862  1.5802709  0.03659365]]
Epoch: 43/100, [Dx loss: [ 1.3508158  2.3827636 -2.3942418  0.1362294]] [Dz loss: [ 0.33111638  1.0288609  -1.2383832   0.05406385]] [G loss: [4.241915   2.396581   1.482859   0.03624749]]
Epoch: 44/100, [Dx loss: [ 1.251286    2.3866267  -2.3962603   0.12609199]] [Dz loss: [-0.42326254  1.0804094  -2.0812752   0.05776032]] [G loss: [5.111152   2.3961504  2.358882   0.03561194]]
Epoch: 45/100, [Dx loss: [ 1.3830566   2.347258   -2.3563437   0.13921423]] [Dz loss: [ 0.5782112   1.2638601  -1.3446817   0.06590325]] [G loss: [4.157072   2.3507407  1.4462472  0.03600836]]
Epoch: 46/100, [Dx loss: [ 1.2533561   2.1606917  -2.1735573   0.12662217]] [Dz loss: [ 0.67387986  1.1842024  -0.98258764  0.0472265 ]] [G loss: [3.723562   2.1625624  1.1618749  0.03991244]]
Epoch: 47/100, [Dx loss: [ 0.7158303   2.124519   -2.1363208   0.07276316]] [Dz loss: [-0.02488861  1.1288493  -1.6597599   0.05060217]] [G loss: [4.407873   2.1469405  1.9137826  0.03471499]]
Epoch: 48/100, [Dx loss: [ 0.59592783  2.2330847  -2.244169    0.06070125]] [Dz loss: [ 0.3719343  1.1287985 -1.4792622  0.0722398]] [G loss: [4.2464337  2.2441542  1.6456141  0.03566654]]
Epoch: 49/100, [Dx loss: [ 0.59248495  2.260073   -2.2774582   0.06098699]] [Dz loss: [ 0.7769381   0.8796828  -0.6164442   0.05136997]] [G loss: [3.3872278  2.2826176  0.7545688  0.03500417]]
Epoch: 50/100, [Dx loss: [ 0.6371767   2.2782729  -2.2923691   0.06512733]] [Dz loss: [-0.09453422  0.8378695  -1.433492    0.05010881]] [G loss: [4.535677   2.2931426  1.8842111  0.03583228]]
Epoch: 51/100, [Dx loss: [ 0.49611223  2.3294377  -2.3370655   0.05037393]] [Dz loss: [-1.1937609   1.1512983  -3.1034346   0.07583755]] [G loss: [6.091356   2.3366027  3.3259048  0.04288479]]
Epoch: 52/100, [Dx loss: [ 0.51498836  2.149747   -2.1614408   0.05266824]] [Dz loss: [ 0.57213175  1.0589778  -1.1115528   0.06247067]] [G loss: [3.792559   2.1560903  1.2088284  0.04276403]]
Epoch: 53/100, [Dx loss: [ 0.4057243   2.1603057  -2.1731887   0.04186071]] [Dz loss: [ 0.35697633  0.588794   -0.6602488   0.0428431 ]] [G loss: [4.059271   2.1795049  0.85524267 0.1024523 ]]
Epoch: 54/100, [Dx loss: [ 0.59403265  2.4098856  -2.4697678   0.06539153]] [Dz loss: [-1.2534329   0.87567574 -2.7185297   0.05894209]] [G loss: [6.5092254  2.481155   3.2227364  0.08053339]]
Epoch: 55/100, [Dx loss: [ 0.4411902  2.5168102 -2.5704823  0.0494862]] [Dz loss: [-2.5869396   1.1613631  -4.574838    0.08265356]] [G loss: [8.158772   2.5876894  4.8285017  0.07425819]]
Epoch: 56/100, [Dx loss: [ 0.45143598  2.7461102  -2.8153179   0.05206444]] [Dz loss: [ 0.30671665  0.7141727  -0.9596685   0.05522124]] [G loss: [4.869236  2.8256533 1.0431875 0.1000395]]
Epoch: 57/100, [Dx loss: [ 0.44112226  2.887844   -2.952308    0.05055862]] [Dz loss: [-1.0594149   0.61026555 -2.2609835   0.05913034]] [G loss: [6.14691    2.9630997  2.4488938  0.07349162]]
Epoch: 58/100, [Dx loss: [ 0.4002779  3.0575392 -3.1085558  0.0451294]] [Dz loss: [-0.3041748   0.7781585  -1.6316501   0.05493169]] [G loss: [5.5330825  3.1211874  1.7890046  0.06228904]]
Epoch: 59/100, [Dx loss: [ 0.64025706  3.201725   -3.2381325   0.06766646]] [Dz loss: [-0.19690722  0.60418165 -1.3278273   0.05267385]] [G loss: [5.2585697  3.2421029  1.4460137  0.05704533]]
Epoch: 60/100, [Dx loss: [ 0.61913437  3.3652837  -3.3957288   0.06495798]] [Dz loss: [-0.91396934  0.32968295 -1.7405506   0.04968982]] [G loss: [5.8775325  3.4104881  1.9108962  0.05561475]]
Epoch: 61/100, [Dx loss: [ 0.33170038  3.4120402  -3.4367995   0.03564596]] [Dz loss: [-0.706919   -0.20272635 -0.8586816   0.03544891]] [G loss: [4.865871   3.4329019  0.9219064  0.05110626]]
Epoch: 62/100, [Dx loss: [ 0.23878203  3.3438463  -3.3627427   0.02576788]] [Dz loss: [-0.69063044 -0.90373397 -0.20298095  0.04160846]] [G loss: [4.1820283  3.3620772  0.32711264 0.04928388]]
Epoch: 63/100, [Dx loss: [ 0.30425984  3.2925868  -3.30465     0.03163227]] [Dz loss: [-1.1041025  -1.5562937   0.04200956  0.0410182 ]] [G loss: [3.80082    3.3024986  0.06259066 0.0435731 ]]
Epoch: 64/100, [Dx loss: [ 0.4260756   3.262481   -3.2764645   0.04400588]] [Dz loss: [-1.3163277  -1.7831101   0.01028759  0.04564953]] [G loss: [3.8136146  3.2780893  0.16826835 0.03672573]]
Epoch: 65/100, [Dx loss: [ 0.41773835  3.2449918  -3.2573342   0.04300811]] [Dz loss: [-1.874534   -1.1305685  -1.1317585   0.03877933]] [G loss: [4.9215927 3.2549715 1.3175685 0.0349053]]
Epoch: 66/100, [Dx loss: [ 0.38738555  3.2044108  -3.2316458   0.04146204]] [Dz loss: [-1.3054502  -0.6626104  -1.0054914   0.03626515]] [G loss: [4.7022243  3.229576   1.0990428  0.03736049]]
Epoch: 67/100, [Dx loss: [ 0.26273975  3.1544719  -3.1864383   0.02947062]] [Dz loss: [-0.9560272 -0.5547388 -0.7138933  0.0312605]] [G loss: [4.4010186  3.1849585  0.85602    0.03600403]]
Epoch: 68/100, [Dx loss: [ 0.19908676  3.1271217  -3.1676717   0.02396363]] [Dz loss: [-1.0946001 -0.52319   -0.9072558  0.0335846]] [G loss: [4.531352   3.169839   0.9934252  0.03680877]]
Epoch: 69/100, [Dx loss: [ 0.18602544  3.1418169  -3.1714683   0.02156775]] [Dz loss: [-0.7324535  -1.4698097   0.4423803   0.02949759]] [G loss: [ 3.0823977   3.173394   -0.43728474  0.03462888]]
Epoch: 70/100, [Dx loss: [ 0.21412055  3.1429377  -3.1648157   0.02359984]] [Dz loss: [-0.7514382  -2.0141969   0.98496324  0.02777955]] [G loss: [ 2.6056886   3.163544   -0.8628463   0.03049911]]
Epoch: 71/100, [Dx loss: [ 0.3250551   3.1232429  -3.1471145   0.03489267]] [Dz loss: [-1.4367611  -1.4336241  -0.39599255  0.03928558]] [G loss: [4.049078   3.1437218  0.5939049  0.03114508]]2021-11-28 03:24:13.071628: E tensorflow/core/grappler/optimizers/dependency_optimizer.cc:697] Iteration = 0, topological sort failed with message: The graph couldn't be sorted in topological order.
2021-11-28 03:24:13.164002: E tensorflow/core/grappler/optimizers/dependency_optimizer.cc:697] Iteration = 1, topological sort failed with message: The graph couldn't be sorted in topological order.
2021-11-28 03:24:13.516211: E tensorflow/core/grappler/optimizers/meta_optimizer.cc:533] model_pruner failed: Invalid argument: MutableGraphView::MutableGraphView error: node 'loss_8/model_16_loss/mean_squared_error/weighted_loss/concat' has self cycle fanin 'loss_8/model_16_loss/mean_squared_error/weighted_loss/concat'.
2021-11-28 03:24:14.795936: E tensorflow/core/grappler/optimizers/meta_optimizer.cc:533] remapper failed: Invalid argument: MutableGraphView::MutableGraphView error: node 'loss_8/model_16_loss/mean_squared_error/weighted_loss/concat' has self cycle fanin 'loss_8/model_16_loss/mean_squared_error/weighted_loss/concat'.
2021-11-28 03:24:14.885850: E tensorflow/core/grappler/optimizers/meta_optimizer.cc:533] arithmetic_optimizer failed: Invalid argument: The graph couldn't be sorted in topological order.
2021-11-28 03:24:14.950461: E tensorflow/core/grappler/optimizers/dependency_optimizer.cc:697] Iteration = 0, topological sort failed with message: The graph couldn't be sorted in topological order.
2021-11-28 03:24:15.106217: E tensorflow/core/grappler/optimizers/dependency_optimizer.cc:697] Iteration = 1, topological sort failed with message: The graph couldn't be sorted in topological order.

Epoch: 72/100, [Dx loss: [ 0.5722556   3.1191952  -3.140421    0.05934814]] [Dz loss: [-1.6880527 -0.8663028 -1.2390667  0.0417317]] [G loss: [4.827271  3.1499107 1.3476022 0.0329758]]
Epoch: 73/100, [Dx loss: [ 0.95621955  3.5388782  -3.5536768   0.0971017 ]] [Dz loss: [-1.2110965  -1.1892499  -0.36955497  0.03477084]] [G loss: [4.299513   3.5752687  0.39478654 0.03294576]]
Epoch: 74/100, [Dx loss: [ 0.5055693   3.165746   -3.1767182   0.05165417]] [Dz loss: [-0.9180096  -1.5340569   0.32451996  0.02915276]] [G loss: [ 3.2306113   3.135676   -0.21792127  0.03128566]]
Epoch: 75/100, [Dx loss: [ 0.21105723  2.7340941  -2.7437332   0.02206958]] [Dz loss: [-1.5322932  -1.1582199  -0.7231188   0.03490458]] [G loss: [3.9647772  2.73605    0.9220932  0.03066343]]
Epoch: 76/100, [Dx loss: [ 0.33950007  2.596659   -2.61633     0.03591712]] [Dz loss: [-1.4157393  -0.96622527 -0.83742887  0.03879144]] [G loss: [3.7799666 2.6147172 0.8680405 0.0297209]]
Epoch: 77/100, [Dx loss: [ 0.3596029   2.4855723  -2.4980824   0.03721129]] [Dz loss: [-0.94873327 -1.7812017   0.50554776  0.03269206]] [G loss: [ 2.343131    2.4945693  -0.42341393  0.02719755]]
Epoch: 78/100, [Dx loss: [ 0.1866038   2.4978044  -2.5122025   0.02010021]] [Dz loss: [-1.1198169  -1.4735062   0.06121836  0.02924709]] [G loss: [2.8681498  2.5121958  0.09202307 0.02639307]]
Epoch: 79/100, [Dx loss: [ 0.1362562   2.509837   -2.5378876   0.01643067]] [Dz loss: [-1.3014154  -0.76949644 -0.85350704  0.03215884]] [G loss: [3.7904465  2.5398529  0.99840295 0.02521908]]
Epoch: 80/100, [Dx loss: [ 0.11561003  2.4743035  -2.5009923   0.0142299 ]] [Dz loss: [-1.3431004  -0.43398407 -1.2596865   0.03505704]] [G loss: [4.13447    2.4966416  1.3782852  0.02595429]]
Epoch: 81/100, [Dx loss: [ 0.1471456   2.357781   -2.3813436   0.01707084]] [Dz loss: [-1.1806004 -0.3760111 -1.1130211  0.0308432]] [G loss: [3.8394814  2.3752666  1.1825695  0.02816457]]
Epoch: 82/100, [Dx loss: [ 0.12125137  2.219479   -2.2445784   0.01463505]] [Dz loss: [-1.1020857  -0.6078115  -0.7855787   0.02913045]] [G loss: [3.3756437  2.2426279  0.86085135 0.02721642]]
Epoch: 83/100, [Dx loss: [ 0.16313511  2.286119   -2.3118339   0.01888499]] [Dz loss: [-1.1805354  -0.87150455 -0.6303587   0.03213278]] [G loss: [3.2931235  2.318825   0.7066248  0.02676737]]
Epoch: 84/100, [Dx loss: [ 0.19328347  2.410437   -2.4438345   0.02266817]] [Dz loss: [-1.4229696  -1.043174   -0.7298588   0.03500631]] [G loss: [3.4929953  2.446946   0.796174   0.02498754]]
Epoch: 85/100, [Dx loss: [ 0.12674144  2.4087071  -2.445174    0.01632078]] [Dz loss: [-1.2891804  -1.2958868  -0.3319441   0.03386504]] [G loss: [3.1470444  2.446554   0.43613794 0.02643528]]
Epoch: 86/100, [Dx loss: [ 0.07029021  2.3935595  -2.4299192   0.01066505]] [Dz loss: [-1.4463236  -1.4216765  -0.38269863  0.03580515]] [G loss: [3.1409683  2.4303317  0.46245354 0.02481831]]
Epoch: 87/100, [Dx loss: [ 0.15149285  2.3763788  -2.410527    0.0185641 ]] [Dz loss: [-1.3520324  -1.3854845  -0.30264324  0.03360951]] [G loss: [3.064988   2.4160414  0.4072441  0.02417024]]
Epoch: 88/100, [Dx loss: [ 0.25887844  2.4986815  -2.5308      0.02909967]] [Dz loss: [-1.5631542  -1.4820184  -0.43186992  0.03507344]] [G loss: [3.321595   2.5347478  0.55788416 0.02289626]]
Epoch: 89/100, [Dx loss: [ 0.14559282  2.470741   -2.5040126   0.01788642]] [Dz loss: [-1.5120262  -1.8474824  -0.01774741  0.03532038]] [G loss: [2.7746127  2.5010679  0.05710343 0.02164415]]
Epoch: 90/100, [Dx loss: [ 0.12102292  2.3756177  -2.402758    0.01481631]] [Dz loss: [-1.1938982  -2.5847507   1.0784079   0.03124452]] [G loss: [ 1.6129315  2.3929694 -1.009728   0.022969 ]]
Epoch: 91/100, [Dx loss: [ 0.1519206   2.1388192  -2.1497488   0.01628504]] [Dz loss: [-1.946685   -2.3113987  -0.02837583  0.03930898]] [G loss: [2.5757186  2.1403022  0.20089884 0.02345174]]
Epoch: 92/100, [Dx loss: [ 0.13026151  2.1721935  -2.190669    0.0148737 ]] [Dz loss: [-1.7904398  -2.1765413   0.00495407  0.03811475]] [G loss: [2.550791   2.2099555  0.10095458 0.02398809]]
Epoch: 93/100, [Dx loss: [ 0.13682981  2.5394883  -2.569077    0.01664189]] [Dz loss: [-1.7894751  -2.132234   -0.02636513  0.03691244]] [G loss: [2.971502   2.5784204  0.18151498 0.02115667]]
Epoch: 94/100, [Dx loss: [ 0.11324079  2.5084941  -2.5351126   0.01398589]] [Dz loss: [-1.4993187  -2.3729146   0.50645417  0.03671415]] [G loss: [ 2.30566     2.535751   -0.45032474  0.02202335]]
Epoch: 95/100, [Dx loss: [ 0.2039109   2.5619967  -2.5968525   0.02387662]] [Dz loss: [-1.4149661  -2.8811293   1.1575733   0.03085905]] [G loss: [ 1.7706944   2.5971332  -1.0445105   0.02180718]]
Epoch: 96/100, [Dx loss: [ 0.19602486  2.2640603  -2.294983    0.02269478]] [Dz loss: [-2.10873    -2.283943   -0.23109604  0.04063085]] [G loss: [2.856085   2.2683585  0.3689756  0.02187508]]
Epoch: 97/100, [Dx loss: [ 0.14895488  1.8569092  -1.8907483   0.01827936]] [Dz loss: [-1.9211321  -2.2346766  -0.09500238  0.04085471]] [G loss: [2.2773302  1.8709134  0.17127547 0.02351413]]
Epoch: 98/100, [Dx loss: [ 0.10412628  1.5360295  -1.5622078   0.01303047]] [Dz loss: [-1.8808008  -2.2086875  -0.05941985  0.03873067]] [G loss: [1.9718032  1.5547391  0.17875153 0.02383123]]
Epoch: 99/100, [Dx loss: [ 0.08902391  1.4114347  -1.4321538   0.0109743 ]] [Dz loss: [-2.0245626  -1.9380637  -0.47721136  0.03907128]] [G loss: [2.193612   1.4255494  0.55757725 0.02104851]]
Epoch: 100/100, [Dx loss: [ 0.06602999  1.335273   -1.3556468   0.00864037]] [Dz loss: [-1.9943081  -1.8110168  -0.54099727  0.03577062]] [G loss: [2.1775205  1.3605044  0.6253982  0.01916182]]
(7375, 100, 26)
Epoch: 1/100, [Dx loss: [ 0.01449579 -0.54241127  0.05394034  0.05029668]] [Dz loss: [-3.251939   -1.2238631  -2.9287143   0.09006383]] [G loss: [12.332517    0.20390844  8.491424    0.36371833]]
Epoch: 2/100, [Dx loss: [ 1.396839   -0.04498453 -0.09463161  0.1536455 ]] [Dz loss: [ 4.1364913 -0.7699025 -7.380693   1.2287084]] [G loss: [20.308893   0.1138372 18.209658   0.1985398]]
Epoch: 3/100, [Dx loss: [ 0.22418655 -0.07048523 -0.20320761  0.04978794]] [Dz loss: [-60.392353    2.1419578 -75.8767      1.3342397]] [G loss: [1.0118980e+02 6.3414134e-02 9.9371750e+01 1.7546271e-01]]
Epoch: 4/100, [Dx loss: [ 2.8827565  -0.13257644 -0.15216924  0.3167502 ]] [Dz loss: [-49.256702   4.438224 -73.93008    2.023515]] [G loss: [90.59954     0.28509185 88.34122     0.1973227 ]]
Epoch: 5/100, [Dx loss: [ 4.1956601e+02 -7.9508856e-02  6.2114131e-02  4.1958344e+01]] [Dz loss: [-30.820847    5.0973954 -54.295498    1.8377261]] [G loss: [58.68416     0.2850819  56.51324     0.18858363]]
Epoch: 6/100, [Dx loss: [ 2.4372632e+03 -1.8452738e-01  1.3380580e-01  2.4373131e+02]] [Dz loss: [ -2.0853558   3.896532  -12.816953    0.6835065]] [G loss: [15.890771   -0.43402854 12.228366    0.40964356]]
Epoch: 7/100, [Dx loss: [ 7.8992615   0.10876047 -0.09979985  0.78903   ]] [Dz loss: [ 1.1883347   2.6766734  -3.3247561   0.18364175]] [G loss: [5.426459   0.13433413 3.2442496  0.20478751]]
Epoch: 8/100, [Dx loss: [ 0.54158854  0.0314213  -0.10163544  0.06118026]] [Dz loss: [ 1.4322104   2.164241   -1.2511896   0.05191589]] [G loss: [3.0970511  0.10200145 1.2536508  0.17413992]]
Epoch: 9/100, [Dx loss: [ 0.4029346   0.05397223 -0.14290462  0.0491867 ]] [Dz loss: [ 1.9151206   1.9836273  -0.54052484  0.04720176]] [G loss: [2.3146913  0.14449681 0.55206054 0.1618134 ]]
Epoch: 10/100, [Dx loss: [ 0.35750958  0.03213953 -0.12523213  0.04506022]] [Dz loss: [ 2.2046778   1.88047    -0.2404715   0.05646791]] [G loss: [1.9674346  0.12370148 0.26665485 0.15770784]]
Epoch: 11/100, [Dx loss: [ 0.434963   -0.02600836 -0.07235059  0.0533322 ]] [Dz loss: [ 2.3233383   1.8519086  -0.22636427  0.06977943]] [G loss: [1.8507156  0.07307523 0.25400257 0.15236379]]
Epoch: 12/100, [Dx loss: [ 0.52331424 -0.2149802   0.12259726  0.06156971]] [Dz loss: [ 2.0476935   1.8866915  -0.56049997  0.07215019]] [G loss: [ 1.9294373  -0.13471231  0.6034288   0.1460721 ]]
Epoch: 13/100, [Dx loss: [ 0.50722724 -0.3873796   0.29965132  0.05949556]] [Dz loss: [ 1.6922089   1.9207244  -0.65595555  0.042744  ]] [G loss: [ 1.9263802  -0.3105082   0.6984953   0.15383933]]
Epoch: 14/100, [Dx loss: [ 0.3453575  -0.49665764  0.3972406   0.04447746]] [Dz loss: [2.253005   1.7590914  0.04244991 0.04514631]] [G loss: [ 1.1269367  -0.38778582 -0.01670634  0.15314287]]
Epoch: 15/100, [Dx loss: [ 0.32960537 -0.49023783  0.380001    0.04398422]] [Dz loss: [2.594404   1.556625   0.45722276 0.05805561]] [G loss: [ 0.6868592  -0.375692   -0.3849599   0.14475112]]
Epoch: 16/100, [Dx loss: [ 0.25064036 -0.37743437  0.25754878  0.03705259]] [Dz loss: [ 1.4135457   1.5594629  -0.67086333  0.05249461]] [G loss: [ 1.9851711  -0.24998994  0.8716576   0.13635033]]
Epoch: 17/100, [Dx loss: [ 0.20925926 -0.24350205  0.16946687  0.02832944]] [Dz loss: [-0.31476155  1.7363813  -2.369453    0.031831  ]] [G loss: [ 3.549946   -0.15775536  2.5573323   0.11503696]]
Epoch: 18/100, [Dx loss: [ 0.2016734  -0.12999451  0.06582939  0.02658385]] [Dz loss: [ 0.25067753  1.8604685  -1.97336     0.0363569 ]] [G loss: [ 3.1266172  -0.06114118  2.1128688   0.10748896]]
Epoch: 19/100, [Dx loss: [ 0.15746734 -0.10956201  0.03561296  0.02314163]] [Dz loss: [ 0.9493747   1.9462874  -1.3439938   0.03470813]] [G loss: [ 2.4202967  -0.03338938  1.4167485   0.10369375]]
Epoch: 20/100, [Dx loss: [ 0.1808369  -0.0253982  -0.05246808  0.02587032]] [Dz loss: [ 1.8943806   1.9432951  -0.7375235   0.06886093]] [G loss: [1.8751082  0.05901502 0.8129755  0.10031178]]
Epoch: 21/100, [Dx loss: [ 0.20352006  0.09203035 -0.16075917  0.02722488]] [Dz loss: [ 1.8655202   1.9987774  -0.68324673  0.05499896]] [G loss: [1.9240168  0.16800395 0.761859   0.09941538]]
Epoch: 22/100, [Dx loss: [ 0.17296337  0.14554425 -0.20954101  0.02369601]] [Dz loss: [ 1.7663492   1.9724225  -0.65661204  0.04505391]] [G loss: [1.8929749  0.20725626 0.7305105  0.09552082]]
Epoch: 23/100, [Dx loss: [ 0.15571348  0.09872994 -0.17601694  0.02330005]] [Dz loss: [ 2.0842195   1.9457883  -0.50438935  0.06428207]] [G loss: [1.7160659  0.17905167 0.5596374  0.09773769]]
Epoch: 24/100, [Dx loss: [ 0.17471734  0.2139901  -0.29120576  0.02519331]] [Dz loss: [ 1.740177    1.9386494  -0.8282679   0.06297956]] [G loss: [2.2108154  0.29687002 0.9106724  0.10032728]]
Epoch: 25/100, [Dx loss: [ 0.14585255  0.25038987 -0.337651    0.02331137]] [Dz loss: [ 1.4019744   1.9734882  -1.0001066   0.04285929]] [G loss: [2.3920233  0.34868726 1.0443525  0.09989835]]
Epoch: 26/100, [Dx loss: [ 0.10573645  0.383869   -0.46419826  0.01860658]] [Dz loss: [ 2.2083824   1.9229769  -0.3802768   0.06656825]] [G loss: [1.855455   0.46791267 0.39064276 0.09968996]]
Epoch: 27/100, [Dx loss: [ 0.1160531   0.40968475 -0.49765807  0.02040264]] [Dz loss: [ 2.4181333   1.8287123  -0.11837444  0.07077952]] [G loss: [1.6646094  0.4981015  0.16943093 0.0997077 ]]
Epoch: 28/100, [Dx loss: [ 0.1290553   0.39262038 -0.488838    0.02252729]] [Dz loss: [2.6688082  1.8398174  0.06045174 0.07685393]] [G loss: [1.4518951  0.49339122 0.05522265 0.0903281 ]]
Epoch: 29/100, [Dx loss: [ 0.19486415  0.53933007 -0.62429076  0.02798248]] [Dz loss: [ 0.3899199   2.0869176  -2.2516532   0.05546553]] [G loss: [4.080692   0.6353278  2.586155   0.08592091]]
Epoch: 30/100, [Dx loss: [ 0.23293635  0.76443565 -0.8458362   0.0314337 ]] [Dz loss: [-0.23788592  2.1924407  -2.809829    0.03795018]] [G loss: [4.743628   0.8547085  2.9810586  0.09078607]]
Epoch: 31/100, [Dx loss: [ 0.13576768  0.84231234 -0.9249113   0.02183665]] [Dz loss: [ 0.53227794  2.186628   -2.1027868   0.04484364]] [G loss: [3.9709046  0.93244857 2.1700733  0.08683828]]
Epoch: 32/100, [Dx loss: [ 0.14870414  0.87802744 -0.9646179   0.02352946]] [Dz loss: [ 1.6216142   2.2150116  -1.2961143   0.07027168]] [G loss: [3.227056   0.96797395 1.3493487  0.09097335]]
Epoch: 33/100, [Dx loss: [ 0.15382712  0.9036762  -0.9729173   0.02230681]] [Dz loss: [ 1.5799996   2.159507   -1.1218573   0.05423498]] [G loss: [3.223751   0.9733023  1.199726   0.10507228]]
Epoch: 34/100, [Dx loss: [ 0.08838109  0.8331519  -0.90764374  0.01628729]] [Dz loss: [ 1.1369674   2.079017   -1.412584    0.04705343]] [G loss: [3.2969697  0.91067624 1.4170016  0.09692917]]
Epoch: 35/100, [Dx loss: [ 0.07051094  0.8649686  -0.94190484  0.01474473]] [Dz loss: [ 1.3511201   2.0513172  -1.3337808   0.06335833]] [G loss: [3.261435   0.94079185 1.4023687  0.09182749]]
Epoch: 36/100, [Dx loss: [ 0.06596343  0.8292622  -0.90214527  0.01388464]] [Dz loss: [ 2.124482    2.0189242  -0.82146335  0.09270209]] [G loss: [2.69005    0.9028831  0.85925674 0.09279101]]
Epoch: 37/100, [Dx loss: [ 0.04061122  0.73597515 -0.8155157   0.01201519]] [Dz loss: [ 2.3193378   1.8530434  -0.5524113   0.10187063]] [G loss: [2.2722764  0.81765234 0.5691637  0.08854605]]
Epoch: 38/100, [Dx loss: [ 0.00823266  0.80993557 -0.9063857   0.0104683 ]] [Dz loss: [ 2.3599086   1.6263758  -0.12235425  0.0855887 ]] [G loss: [1.9524155  0.91435057 0.12712546 0.09109393]]
Epoch: 39/100, [Dx loss: [ 0.00148683  0.83471096 -0.94087124  0.01076471]] [Dz loss: [2.5837803  1.4458542  0.40790996 0.07300159]] [G loss: [ 1.4609264   0.9447607  -0.36227298  0.08784386]]
Epoch: 40/100, [Dx loss: [-0.00245176  0.83256114 -0.9467974   0.01117845]] [Dz loss: [ 1.5276165  1.4952817 -0.6369939  0.0669329]] [G loss: [2.6931756  0.946414   0.8674443  0.08793175]]
Epoch: 41/100, [Dx loss: [-0.00368653  0.82290083 -0.9299718   0.01033846]] [Dz loss: [ 0.06719892  1.63939    -2.1971748   0.06249836]] [G loss: [4.164623   0.93163055 2.3570476  0.08759448]]
Epoch: 42/100, [Dx loss: [-0.01813956  0.80940217 -0.9219917   0.00944501]] [Dz loss: [ 1.5935189   1.6776682  -0.83461076  0.07504614]] [G loss: [2.6427443  0.92537314 0.87018913 0.08471822]]
Epoch: 43/100, [Dx loss: [-0.00669249  0.8818723  -1.0049524   0.01163877]] [Dz loss: [ 2.1891441   1.6463563  -0.34922072  0.08920088]] [G loss: [2.3856757  1.0124254  0.39625484 0.09769955]]
Epoch: 44/100, [Dx loss: [-0.01354341  0.9670146  -1.087904    0.0107346 ]] [Dz loss: [ 1.9061569  1.6819628 -0.518036   0.074223 ]] [G loss: [2.8628707 1.0980833 0.6053302 0.1159457]]
Epoch: 45/100, [Dx loss: [ 0.11223428  0.914531   -1.0356302   0.02333335]] [Dz loss: [ 1.1967734   1.7250755  -1.0788372   0.05505349]] [G loss: [3.4787633  1.0447941  1.3336654  0.11003038]]
Epoch: 46/100, [Dx loss: [-0.0548178   0.84536195 -1.0066823   0.01065024]] [Dz loss: [-0.38402027  1.802916   -2.7542372   0.05673008]] [G loss: [5.123491   1.0102643  3.016464   0.10967629]]
Epoch: 47/100, [Dx loss: [-0.04948624  0.74713755 -0.9355385   0.01389148]] [Dz loss: [ 1.1821092   1.8012608  -1.3088012   0.06896497]] [G loss: [3.4098113  0.9530558  1.3762506  0.10805046]]
Epoch: 48/100, [Dx loss: [ 0.05762196  0.81847775 -0.9522496   0.01913938]] [Dz loss: [ 1.7837634   1.7792382  -0.7049574   0.07094829]] [G loss: [2.5993242  0.94841105 0.7212688  0.09296444]]
Epoch: 49/100, [Dx loss: [ 0.03059559  0.8369336  -0.9445051   0.01381672]] [Dz loss: [ 2.3580387   1.601269   -0.02996878  0.07867382]] [G loss: [1.9943057  0.9534517  0.06019698 0.0980657 ]]
Epoch: 50/100, [Dx loss: [ 0.04197152  0.93973494 -1.0422021   0.01444385]] [Dz loss: [2.306959   1.5528972  0.06058007 0.06934819]] [G loss: [2.0299604  1.047222   0.10465086 0.08780872]]
Epoch: 51/100, [Dx loss: [ 0.02138984  0.9842372  -1.12444     0.01615927]] [Dz loss: [ 0.41684476  1.7324572  -1.7973995   0.04817873]] [G loss: [4.124754   1.1363959  2.1012685  0.08870891]]
Epoch: 52/100, [Dx loss: [ 0.06516763  1.0591513  -1.1520264   0.01580426]] [Dz loss: [-0.12373663  1.7917491  -2.4764082   0.05609223]] [G loss: [4.7462387  1.1558648  2.6766353  0.09137391]]
Epoch: 53/100, [Dx loss: [ 0.02983166  1.04331    -1.130147    0.01166687]] [Dz loss: [ 1.529532    1.7046682  -0.81540316  0.06402671]] [G loss: [2.8091521  1.1380267  0.85608846 0.0815037 ]]
Epoch: 54/100, [Dx loss: [ 0.02085993  1.1757733  -1.2854229   0.01305092]] [Dz loss: [ 1.9158225   1.6084372  -0.19897906  0.05063647]] [G loss: [2.5312314  1.2954212  0.33454868 0.09012612]]
Epoch: 55/100, [Dx loss: [ 9.4916957e-04  1.2527306e+00 -1.3482373e+00  9.6455896e-03]] [Dz loss: [ 1.12513     1.6536431  -0.9254139   0.03969011]] [G loss: [3.491812  1.3614516 1.1405301 0.098983 ]]
Epoch: 56/100, [Dx loss: [-0.05149658  1.3614194  -1.5053835   0.00924676]] [Dz loss: [ 0.01386917  1.7445931  -2.197945    0.04672211]] [G loss: [4.8412285 1.5122391 2.433201  0.0895788]]
Epoch: 57/100, [Dx loss: [-0.02795677  1.4433142  -1.5906602   0.01193895]] [Dz loss: [ 0.3661718   1.7900617  -1.8115983   0.03877082]] [G loss: [4.3106556 1.6039144 1.9279625 0.0778779]]
Epoch: 58/100, [Dx loss: [-0.02183637  1.5062536  -1.6204455   0.00923554]] [Dz loss: [ 1.71773     1.7711455  -0.68472743  0.06313118]] [G loss: [3.1074603  1.6274478  0.7331824  0.07468301]]
Epoch: 59/100, [Dx loss: [ 0.02276869  1.5245417  -1.6322129   0.01304401]] [Dz loss: [ 1.751909    1.6362011  -0.42295235  0.053866  ]] [G loss: [2.9320228  1.6323762  0.5540953  0.07455514]]
Epoch: 60/100, [Dx loss: [-0.03648634  1.4398426  -1.5412489   0.00649202]] [Dz loss: [ 0.94731534  1.4934924  -1.0194052   0.04732282]] [G loss: [3.5340574  1.546679   1.2379788  0.07493991]]
Epoch: 61/100, [Dx loss: [-0.02973665  1.4285378  -1.529227    0.00709524]] [Dz loss: [-0.05669973  1.4282649  -2.179748    0.06947832]] [G loss: [4.823123   1.5433339  2.4376743  0.08421145]]
Epoch: 62/100, [Dx loss: [-0.04082982  1.5387464  -1.6486907   0.00691144]] [Dz loss: [ 1.0122819   1.3717449  -1.0601429   0.07006804]] [G loss: [3.6097243 1.6641666 1.1645921 0.0780966]]
Epoch: 63/100, [Dx loss: [-0.02197875  1.5791398  -1.6926332   0.00915149]] [Dz loss: [ 1.1582198   1.2625334  -0.65228474  0.05479711]] [G loss: [3.181833   1.6975299  0.7606768  0.07236262]]
Epoch: 64/100, [Dx loss: [-0.02920234  1.4681802  -1.6329411   0.01355587]] [Dz loss: [ 0.11810648  1.266927   -1.7249254   0.05761049]] [G loss: [4.3296733  1.6360135  1.9840546  0.07096051]]
Epoch: 65/100, [Dx loss: [-0.02705683  1.3846256  -1.4981035   0.00864214]] [Dz loss: [ 0.57136565  1.2847039  -1.367131    0.06537929]] [G loss: [3.546592   1.5023907  1.442254   0.06019475]]
Epoch: 66/100, [Dx loss: [-0.01096143  1.3628132  -1.4385159   0.0064741 ]] [Dz loss: [ 0.39399043  1.3074697  -1.3633338   0.04498545]] [G loss: [3.4767792  1.4391938  1.4525546  0.05850306]]
Epoch: 67/100, [Dx loss: [-0.01945501  1.4176965  -1.505415    0.00682635]] [Dz loss: [ 1.3514706   1.2084857  -0.4207591   0.05637435]] [G loss: [2.6002326  1.512302   0.49732512 0.05906054]]
Epoch: 68/100, [Dx loss: [-0.05236801  1.3638572  -1.4821676   0.00659424]] [Dz loss: [ 0.63165206  1.2100872  -1.1332129   0.05547781]] [G loss: [3.3277473  1.4833648  1.2916871  0.05526954]]
Epoch: 69/100, [Dx loss: [-0.06774864  1.3444775  -1.4738135   0.00615873]] [Dz loss: [ 0.83693916  1.0022041  -0.7755688   0.06103042]] [G loss: [2.9089642  1.4825034  0.84916073 0.05773003]]
Epoch: 70/100, [Dx loss: [-0.02284691  1.376698   -1.459416    0.00598713]] [Dz loss: [ 0.6135679   0.7375051  -0.64432454  0.05203877]] [G loss: [2.7106946  1.4652855  0.7116083  0.05338007]]
Epoch: 71/100, [Dx loss: [-0.02318224  1.3293172  -1.4050505   0.0052551 ]] [Dz loss: [ 0.98835     0.49903947 -0.11400934  0.06033198]] [G loss: [2.154839   1.4024862  0.21277966 0.0539573 ]]
Epoch: 72/100, [Dx loss: [-0.01102897  1.3015686  -1.3622851   0.00496874]] [Dz loss: [ 0.13113236  0.32827544 -0.81810474  0.06209617]] [G loss: [2.847022   1.369664   0.967725   0.05096334]]
Epoch: 73/100, [Dx loss: [-0.02976973  1.3570783  -1.4349664   0.00481181]] [Dz loss: [ 0.06905112  0.162653   -0.7323669   0.06387652]] [G loss: [2.7824237  1.4374095  0.8671476  0.04778665]]
Epoch: 74/100, [Dx loss: [-0.06402005  1.3542979  -1.4606694   0.00423515]] [Dz loss: [-0.3602422   0.03215209 -0.8225781   0.04301839]] [G loss: [2.8879516 1.4653622 0.9337133 0.0488876]]
Epoch: 75/100, [Dx loss: [-0.01545707  1.3310935  -1.3921475   0.00455967]] [Dz loss: [ 0.00687734 -0.1624222  -0.31798825  0.04872879]] [G loss: [2.3895814  1.40365    0.4683576  0.05175735]]
Epoch: 76/100, [Dx loss: [ 0.01412348  1.4292831  -1.4627895   0.00476298]] [Dz loss: [-0.32206687 -0.32747546 -0.49103135  0.049644  ]] [G loss: [2.5491006  1.4613401  0.609484   0.04782766]]
Epoch: 77/100, [Dx loss: [-0.01976934  1.2267598  -1.3111638   0.00646344]] [Dz loss: [ 0.46319544 -0.639773    0.6137472   0.04892212]] [G loss: [ 1.3051612   1.312867   -0.5038275   0.04961216]]
Epoch: 78/100, [Dx loss: [ 0.01220937  1.3822031  -1.445749    0.00757557]] [Dz loss: [-0.79328924 -1.0594618  -0.32421735  0.05903899]] [G loss: [2.4129567  1.4635044  0.49235037 0.04571018]]
Epoch: 79/100, [Dx loss: [-0.04105538  1.3706456  -1.472394    0.00606931]] [Dz loss: [-0.92815113 -1.0821524  -0.40381292  0.05578142]] [G loss: [2.5037756 1.4665288 0.5732637 0.0463983]]
Epoch: 80/100, [Dx loss: [-0.01773036  1.3692102  -1.4412136   0.00542731]] [Dz loss: [-1.6422541  -0.9288836  -1.2405889   0.05272187]] [G loss: [3.3044395  1.4478062  1.3908807  0.04657525]]
Epoch: 81/100, [Dx loss: [-0.01394747  1.2689312  -1.3464003   0.00635216]] [Dz loss: [-0.39556676 -1.0872202   0.2792856   0.04123678]] [G loss: [ 1.5641495   1.3398823  -0.21121003  0.04354772]]
Epoch: 82/100, [Dx loss: [-0.02170156  1.208141   -1.2917174   0.00618748]] [Dz loss: [-0.43631154 -1.5611432   0.5853029   0.05395288]] [G loss: [ 1.2852445   1.2901574  -0.42005804  0.04151451]]
Epoch: 83/100, [Dx loss: [-0.01703184  1.2165178  -1.289609    0.00560594]] [Dz loss: [-2.3562853  -1.6829511  -1.27638     0.06030454]] [G loss: [3.10558    1.3016816  1.3864772  0.04174213]]
Epoch: 84/100, [Dx loss: [-0.02188306  1.1206683  -1.1936246   0.00510733]] [Dz loss: [-1.1972836  -1.7305927   0.17330307  0.0360006 ]] [G loss: [ 1.4719589   1.1858674  -0.13183568  0.0417927 ]]
Epoch: 85/100, [Dx loss: [-0.01002869  1.0336182  -1.0896463   0.00459996]] [Dz loss: [-1.1542416  -1.6744235   0.17245518  0.03477266]] [G loss: [ 1.4026794   1.0999173  -0.10686479  0.04096268]]
Epoch: 86/100, [Dx loss: [-0.01869567  1.1139338  -1.1744057   0.00417763]] [Dz loss: [-1.5052894  -1.6857442  -0.23594846  0.04164031]] [G loss: [1.9589225  1.1756845  0.34603947 0.04371984]]
Epoch: 87/100, [Dx loss: [-0.02388567  1.044046   -1.1186382   0.00507063]] [Dz loss: [-1.4664111  -1.8399166  -0.01756092  0.03910661]] [G loss: [1.6171951  1.1290259  0.08786198 0.04003072]]
Epoch: 88/100, [Dx loss: [-0.00727073  1.1642897  -1.2116954   0.00401346]] [Dz loss: [-1.1473286  -2.0164208   0.539126    0.03299665]] [G loss: [ 1.1092029   1.2130282  -0.4897147   0.03858894]]
Epoch: 89/100, [Dx loss: [-0.01204629  1.0407487  -1.0885929   0.00357981]] [Dz loss: [-1.2035788  -2.1475575   0.59003633  0.03539423]] [G loss: [ 0.99396425  1.0895939  -0.4907543   0.03951247]]
Epoch: 90/100, [Dx loss: [-0.01785905  1.0064362  -1.0617008   0.00374054]] [Dz loss: [-1.7354724  -1.7854239  -0.3341488   0.03840999]] [G loss: [1.8899916  1.0610533  0.43405962 0.03948786]]
Epoch: 91/100, [Dx loss: [-0.01705684  0.92058647 -0.96619666  0.00285534]] [Dz loss: [-1.9582268  -1.3420345  -1.0458292   0.04296367]] [G loss: [2.4741015  0.9645008  1.126775   0.03828256]]
Epoch: 92/100, [Dx loss: [-0.02549471  0.8572887  -0.9162154   0.00334323]] [Dz loss: [-1.4931858  -1.5515457  -0.30910087  0.03674609]] [G loss: [1.6594758  0.9170406  0.34946588 0.03929695]]
Epoch: 93/100, [Dx loss: [-0.02631056  0.96349514 -1.0284511   0.00386452]] [Dz loss: [-1.2146307 -2.0169582  0.4630365  0.0339291]] [G loss: [ 1.0015193   1.0313623  -0.42277476  0.03929318]]
Epoch: 94/100, [Dx loss: [-0.01373874  0.9962234  -1.0511795   0.00412176]] [Dz loss: [-1.3201462  -2.2308424   0.5531186   0.03575781]] [G loss: [ 0.93883187  1.0573033  -0.4907479   0.03722763]]
Epoch: 95/100, [Dx loss: [-0.01863734  0.900151   -0.95435417  0.00355658]] [Dz loss: [-1.5790236  -2.2044694   0.27446014  0.03509856]] [G loss: [ 1.1253757   0.95064616 -0.19731547  0.03720451]]
Epoch: 96/100, [Dx loss: [-0.01416956  0.83077484 -0.8810699   0.00361256]] [Dz loss: [-1.8665718  -1.9822276  -0.24349035  0.03591462]] [G loss: [1.5497476  0.8781096  0.294826   0.03768121]]
Epoch: 97/100, [Dx loss: [-0.01154831  0.7758032  -0.82299054  0.00356388]] [Dz loss: [-1.8283007  -1.8384016  -0.36555842  0.03756589]] [G loss: [1.5941861  0.8263554  0.41000995 0.03578208]]
Epoch: 98/100, [Dx loss: [-0.01503886  0.76308537 -0.8095072   0.00313829]] [Dz loss: [-1.6939061  -1.9567122  -0.08378119  0.03465872]] [G loss: [1.2972541  0.80645317 0.12687421 0.03639266]]
Epoch: 99/100, [Dx loss: [-0.01746932  0.72030795 -0.768714    0.00309368]] [Dz loss: [-1.6727883  -2.093397    0.07754263  0.03430656]] [G loss: [ 1.0646262   0.76571316 -0.05232917  0.03512422]]
Epoch: 100/100, [Dx loss: [-0.01439488  0.65060294 -0.6980179   0.00330201]] [Dz loss: [-1.7175744  -2.145911    0.07137661  0.03569596]] [G loss: [ 0.9998398   0.70051223 -0.03885178  0.03381793]]2021-11-30 17:23:13.305419: E tensorflow/core/grappler/optimizers/dependency_optimizer.cc:697] Iteration = 0, topological sort failed with message: The graph couldn't be sorted in topological order.
2021-11-30 17:23:13.459970: E tensorflow/core/grappler/optimizers/dependency_optimizer.cc:697] Iteration = 1, topological sort failed with message: The graph couldn't be sorted in topological order.
2021-11-30 17:23:13.914500: E tensorflow/core/grappler/optimizers/meta_optimizer.cc:533] model_pruner failed: Invalid argument: MutableGraphView::MutableGraphView error: node 'loss_11/model_23_loss/mean_squared_error/weighted_loss/concat' has self cycle fanin 'loss_11/model_23_loss/mean_squared_error/weighted_loss/concat'.
2021-11-30 17:23:14.913079: E tensorflow/core/grappler/optimizers/meta_optimizer.cc:533] remapper failed: Invalid argument: MutableGraphView::MutableGraphView error: node 'loss_11/model_23_loss/mean_squared_error/weighted_loss/concat' has self cycle fanin 'loss_11/model_23_loss/mean_squared_error/weighted_loss/concat'.
2021-11-30 17:23:15.030521: E tensorflow/core/grappler/optimizers/meta_optimizer.cc:533] arithmetic_optimizer failed: Invalid argument: The graph couldn't be sorted in topological order.
2021-11-30 17:23:15.181586: E tensorflow/core/grappler/optimizers/dependency_optimizer.cc:697] Iteration = 0, topological sort failed with message: The graph couldn't be sorted in topological order.
2021-11-30 17:23:15.380468: E tensorflow/core/grappler/optimizers/dependency_optimizer.cc:697] Iteration = 1, topological sort failed with message: The graph couldn't be sorted in topological order.

(7379, 100, 22)
Epoch: 1/100, [Dx loss: [ 0.4133938  -0.24817078  0.02352175  0.06380428]] [Dz loss: [-11.741402    -0.52556056 -12.9616585    0.17458181]] [G loss: [26.540926    0.03866362 22.181105    0.43211558]]
Epoch: 2/100, [Dx loss: [ 1.4973251e+02  4.2125963e-02 -3.1475272e-02  1.4972184e+01]] [Dz loss: [ 7.443182   -0.13341208 -4.819742    1.2396333 ]] [G loss: [19.221357    0.15276942 16.958235    0.21103524]]
Epoch: 3/100, [Dx loss: [ 1.9939519  -0.12142228  0.08659552  0.20287795]] [Dz loss: [ -87.45172      3.7462962 -142.06113      5.0863085]] [G loss: [ 1.7799489e+02 -7.8181952e-02  1.7616434e+02  1.9087453e-01]]
Epoch: 4/100, [Dx loss: [ 0.16336338  0.14660415 -0.20916133  0.02259206]] [Dz loss: [-58.326775    4.8183165 -95.31404     3.216895 ]] [G loss: [110.20261      0.22372599 108.20847      0.17704159]]
Epoch: 5/100, [Dx loss: [ 0.06853712  0.25522026 -0.31015733  0.01234742]] [Dz loss: [-26.516216    4.3950953 -47.397198    1.648589 ]] [G loss: [50.673668    0.3177899  48.73064     0.16252379]]
Epoch: 6/100, [Dx loss: [-0.00543271  0.32940012 -0.41922742  0.00843946]] [Dz loss: [ -5.4290566   4.0262346 -15.459215    0.6003922]] [G loss: [17.248695    0.4293704  15.575742    0.12435817]]
Epoch: 7/100, [Dx loss: [-0.05294732  0.42256397 -0.5525254   0.00770141]] [Dz loss: [ -5.7081814    3.6001363  -10.40127      0.10929522]] [G loss: [12.545511    0.55689996 10.813709    0.11749017]]
Epoch: 8/100, [Dx loss: [-0.09724157  0.4692103  -0.62144935  0.00549975]] [Dz loss: [-3.4235811   3.44618    -7.8344717   0.09647111]] [G loss: [9.846676   0.6259553  8.089237   0.11314838]]
Epoch: 9/100, [Dx loss: [-0.11698236  0.47742948 -0.6440846   0.00496728]] [Dz loss: [-0.98160607  3.1257827  -4.8316274   0.07242393]] [G loss: [6.7092533  0.6462899  4.919254   0.11437094]]
Epoch: 10/100, [Dx loss: [-0.11145459  0.45582864 -0.61839175  0.00511084]] [Dz loss: [ 0.4104849   2.7983704  -2.8363225   0.04484362]] [G loss: [4.7613144  0.61795825 2.8981645  0.12451924]]
Epoch: 11/100, [Dx loss: [-0.10573131  0.42298543 -0.57347023  0.00447536]] [Dz loss: [ 1.0057876   2.669532   -1.9861532   0.03224088]] [G loss: [3.9147735  0.5733084  2.112081   0.12293844]]
Epoch: 12/100, [Dx loss: [-0.0833046   0.3923292  -0.51612186  0.0040488 ]] [Dz loss: [ 0.67368156  2.7635283  -2.3809903   0.02911437]] [G loss: [4.1835556  0.5158919  2.4796395  0.11880243]]
Epoch: 13/100, [Dx loss: [-0.07946784  0.38212308 -0.49966472  0.00380738]] [Dz loss: [ 1.089529    2.697383   -1.8978099   0.02899562]] [G loss: [3.6103294  0.5047425  1.9639983  0.11415886]]
Epoch: 14/100, [Dx loss: [-0.08453793  0.39481804 -0.51770735  0.00383513]] [Dz loss: [ 1.5260917   2.505102   -1.297218    0.03182084]] [G loss: [3.017508   0.5210448  1.3450878  0.11513755]]
Epoch: 15/100, [Dx loss: [-0.08993842  0.42753163 -0.5543419   0.00368719]] [Dz loss: [ 1.6735888   2.3311467  -1.0151376   0.03575787]] [G loss: [2.8119452  0.55787593 1.0943589  0.115971  ]]
Epoch: 16/100, [Dx loss: [-0.0981904   0.42239428 -0.55918074  0.00385961]] [Dz loss: [ 1.7232776   2.408358   -1.0184724   0.03333914]] [G loss: [2.92406    0.5640217  1.107308   0.12527305]]
Epoch: 17/100, [Dx loss: [-0.10712039  0.45001    -0.5920564   0.00349261]] [Dz loss: [ 1.4408085   2.5777476  -1.6430179   0.05060787]] [G loss: [3.6902251  0.5967255  1.7791196  0.13143794]]
Epoch: 18/100, [Dx loss: [-0.09110082  0.44149402 -0.5730583   0.00404634]] [Dz loss: [ 0.66316396  2.729591   -2.3584335   0.02920062]] [G loss: [4.2327247  0.57769287 2.4420645  0.12129674]]
Epoch: 19/100, [Dx loss: [-0.0869281   0.43106335 -0.56765497  0.00496635]] [Dz loss: [ 2.1354623   2.5495372  -0.8397078   0.04256323]] [G loss: [2.6673038  0.5647274  0.87263656 0.12299398]]
Epoch: 20/100, [Dx loss: [-0.07769001  0.28461808 -0.4160367   0.00537286]] [Dz loss: [ 2.177458    2.4654977  -0.863672    0.05756325]] [G loss: [2.5683093  0.41459855 0.92019564 0.12335148]]
Epoch: 21/100, [Dx loss: [-0.10423508  0.2532114  -0.4029036   0.0045457 ]] [Dz loss: [ 1.8689492   2.3652732  -1.0078393   0.05115147]] [G loss: [2.7001672  0.4075766  1.0598543  0.12327363]]
Epoch: 22/100, [Dx loss: [-0.12744133  0.31585592 -0.48149788  0.00382006]] [Dz loss: [ 1.4798759   2.2241054  -1.1806393   0.04364096]] [G loss: [2.9471872  0.48872298 1.2650527  0.11934113]]
Epoch: 23/100, [Dx loss: [-0.12034908  0.35328668 -0.5124271   0.00387913]] [Dz loss: [ 1.037124    2.1081698  -1.3511598   0.02801141]] [G loss: [3.176294   0.5172708  1.4411589  0.12178645]]
Epoch: 24/100, [Dx loss: [-0.10782894  0.36692217 -0.5116752   0.00369241]] [Dz loss: [ 0.85086346  1.9562739  -1.4067816   0.03013711]] [G loss: [3.1832979  0.5214663  1.4812256  0.11806058]]
Epoch: 25/100, [Dx loss: [-0.09423906  0.43960914 -0.56756324  0.0033715 ]] [Dz loss: [ 0.90340376  1.8977972  -1.3192748   0.03248814]] [G loss: [3.1619904  0.5779841  1.4138428  0.11701635]]
Epoch: 26/100, [Dx loss: [-0.09657747  0.520112   -0.64999634  0.0033307 ]] [Dz loss: [ 0.6137356   1.8671266  -1.5547075   0.03013168]] [G loss: [3.5117278  0.6654846  1.6462064  0.12000367]]
Epoch: 27/100, [Dx loss: [-0.13299619  0.5510953  -0.7150915   0.00310001]] [Dz loss: [ 0.70340294  1.6990271  -1.3111423   0.03155185]] [G loss: [3.22245   0.7189114 1.3794093 0.1124129]]
Epoch: 28/100, [Dx loss: [-0.1613798   0.59275067 -0.7840302   0.00298998]] [Dz loss: [ 0.76223713  1.5879296  -1.1285435   0.03028512]] [G loss: [3.1640427  0.7950256  1.227187   0.11418299]]
Epoch: 29/100, [Dx loss: [-0.16471177  0.60495687 -0.7997029   0.00300342]] [Dz loss: [ 0.20453763  1.5242192  -1.6164001   0.02967186]] [G loss: [3.6881742  0.80705124 1.7096665  0.11714563]]
Epoch: 30/100, [Dx loss: [-0.16976328  0.52464825 -0.72839457  0.00339831]] [Dz loss: [-0.35107714  1.294958   -1.9568262   0.03107913]] [G loss: [3.8988197 0.7326263 2.0128462 0.1153347]]
Epoch: 31/100, [Dx loss: [-0.1611856   0.54392445 -0.73266715  0.00275571]] [Dz loss: [-0.25748843  0.89561814 -1.4620097   0.03089035]] [G loss: [3.386876   0.7487252  1.5135633  0.11245882]]
Epoch: 32/100, [Dx loss: [-0.13571513  0.61239946 -0.77922046  0.00311058]] [Dz loss: [-0.5969217   0.5189861  -1.4479278   0.03320198]] [G loss: [3.528253   0.77978617 1.519651   0.12288156]]
Epoch: 33/100, [Dx loss: [-0.12228066  0.525321   -0.68523747  0.00376359]] [Dz loss: [-0.33428577  0.00288089 -0.71150684  0.03743402]] [G loss: [2.6508567  0.6988089  0.77900714 0.11730406]]
Epoch: 34/100, [Dx loss: [-0.13923064  0.44318628 -0.6164135   0.00339965]] [Dz loss: [-1.178651   -0.5776968  -1.1019801   0.05010257]] [G loss: [2.9670334  0.62369245 1.2115422  0.11317986]]
Epoch: 35/100, [Dx loss: [-0.13574097  0.4595556  -0.63052183  0.00352252]] [Dz loss: [-0.9898012  -0.87470883 -0.5649729   0.04498802]] [G loss: [2.4397519  0.6354821  0.6798742  0.11243957]]
Epoch: 36/100, [Dx loss: [-0.12169738  0.47678995 -0.6271291   0.00286418]] [Dz loss: [-1.4778467  -0.8317453  -1.0960761   0.04499746]] [G loss: [3.130943   0.63959616 1.3105633  0.11807838]]
Epoch: 37/100, [Dx loss: [-0.12675041  0.5102127  -0.6694474   0.00324842]] [Dz loss: [-1.0102783 -0.7435835 -0.6775999  0.0410905]] [G loss: [2.6596525 0.682502  0.8132565 0.1163894]]
Epoch: 38/100, [Dx loss: [-0.12799315  0.53053206 -0.6886204   0.00300951]] [Dz loss: [-1.692085   -0.95070523 -1.1764079   0.04350279]] [G loss: [3.1984282  0.7001316  1.3878677  0.11104286]]
Epoch: 39/100, [Dx loss: [-0.14038654  0.53470373 -0.7047926   0.00297023]] [Dz loss: [-2.112681  -1.1990694 -1.4876505  0.0574039]] [G loss: [3.4010246 0.7119088 1.5216976 0.1167418]]
Epoch: 40/100, [Dx loss: [-0.14204697  0.57346934 -0.75224656  0.00367301]] [Dz loss: [-0.16440807 -1.5296993   1.0634949   0.03017962]] [G loss: [ 0.98551387  0.7621327  -0.96883494  0.11922162]]
Epoch: 41/100, [Dx loss: [-0.157659    0.5285775  -0.72377414  0.00375377]] [Dz loss: [-2.4293754 -1.6715311 -1.3067032  0.0548859]] [G loss: [3.5174994 0.7393478 1.4988487 0.1279303]]
Epoch: 42/100, [Dx loss: [-0.17081131  0.5696711  -0.7776069   0.00371243]] [Dz loss: [-2.1215072  -1.6846397  -0.98166823  0.05448008]] [G loss: [2.949064   0.7985248  1.0133138  0.11372259]]
Epoch: 43/100, [Dx loss: [-0.15246251  0.5590798  -0.7453272   0.00337849]] [Dz loss: [-0.63099337 -1.9960177   1.044642    0.03203824]] [G loss: [ 0.93126625  0.75427777 -0.97296387  0.11499524]]