nohup: ignoring input
Using TensorFlow backend.
WARNING:tensorflow:From /home/top/.pyenv/versions/3.7.12/lib/python3.7/site-packages/tensorflow_core/python/ops/resource_variable_ops.py:1630: calling BaseResourceVariable.__init__ (from tensorflow.python.ops.resource_variable_ops) with constraint is deprecated and will be removed in a future version.
Instructions for updating:
If using Keras pass *_constraint arguments to layers.
/home/top/.pyenv/versions/3.7.12/lib/python3.7/site-packages/keras/engine/training.py:297: UserWarning: Discrepancy between trainable weights and collected trainable weights, did you set `model.trainable` without calling `model.compile` after ?
  'Discrepancy between trainable weights and collected trainable'
WARNING:tensorflow:From /home/top/.pyenv/versions/3.7.12/lib/python3.7/site-packages/tensorflow_core/python/ops/math_grad.py:1424: where (from tensorflow.python.ops.array_ops) is deprecated and will be removed in a future version.
Instructions for updating:
Use tf.where in 2.0, which has the same broadcast rule as np.where
2021-11-12 16:58:23.015620: I tensorflow/core/platform/cpu_feature_guard.cc:142] Your CPU supports instructions that this TensorFlow binary was not compiled to use: AVX2 FMA
2021-11-12 16:58:23.095975: I tensorflow/core/platform/profile_utils/cpu_utils.cc:94] CPU Frequency: 1996035000 Hz
2021-11-12 16:58:23.171248: I tensorflow/compiler/xla/service/service.cc:168] XLA service 0xa1c0290 initialized for platform Host (this does not guarantee that XLA will be used). Devices:
2021-11-12 16:58:23.171762: I tensorflow/compiler/xla/service/service.cc:176]   StreamExecutor device (0): Host, Default Version
WARNING:tensorflow:From /home/top/.pyenv/versions/3.7.12/lib/python3.7/site-packages/keras/backend/tensorflow_backend.py:422: The name tf.global_variables is deprecated. Please use tf.compat.v1.global_variables instead.

2021-11-12 17:04:40.072916: E tensorflow/core/grappler/optimizers/dependency_optimizer.cc:697] Iteration = 0, topological sort failed with message: The graph couldn't be sorted in topological order.
2021-11-12 17:04:40.294985: E tensorflow/core/grappler/optimizers/dependency_optimizer.cc:697] Iteration = 1, topological sort failed with message: The graph couldn't be sorted in topological order.
2021-11-12 17:04:40.817242: E tensorflow/core/grappler/optimizers/meta_optimizer.cc:533] model_pruner failed: Invalid argument: MutableGraphView::MutableGraphView error: node 'loss_2/model_2_loss/mean_squared_error/weighted_loss/concat' has self cycle fanin 'loss_2/model_2_loss/mean_squared_error/weighted_loss/concat'.
2021-11-12 17:04:42.400481: E tensorflow/core/grappler/optimizers/meta_optimizer.cc:533] remapper failed: Invalid argument: MutableGraphView::MutableGraphView error: node 'loss_2/model_2_loss/mean_squared_error/weighted_loss/concat' has self cycle fanin 'loss_2/model_2_loss/mean_squared_error/weighted_loss/concat'.
2021-11-12 17:04:42.590342: E tensorflow/core/grappler/optimizers/meta_optimizer.cc:533] arithmetic_optimizer failed: Invalid argument: The graph couldn't be sorted in topological order.
2021-11-12 17:04:42.706179: E tensorflow/core/grappler/optimizers/dependency_optimizer.cc:697] Iteration = 0, topological sort failed with message: The graph couldn't be sorted in topological order.
2021-11-12 17:04:42.857881: E tensorflow/core/grappler/optimizers/dependency_optimizer.cc:697] Iteration = 1, topological sort failed with message: The graph couldn't be sorted in topological order.
Epoch: 1/200, [Dx loss: [ 1.5297194  -0.23657756  0.00418193  0.1762115 ]] [Dz loss: [ 2.5077462  -0.4251882   0.8695818   0.20633526]] [G loss: [ 5.077261   -0.00712208 -0.97583854  0.6060222 ]]
Epoch: 2/200, [Dx loss: [-0.03510083 -0.24008827  0.00483997  0.02001475]] [Dz loss: [ 6.226454   -0.7403896   6.3910837   0.05757602]] [G loss: [-2.2285318e-01 -6.4149499e-06 -5.2196722e+00  4.9968252e-01]]
Epoch: 3/200, [Dx loss: [ 0.31264603 -0.2978504   0.06268613  0.05478103]] [Dz loss: [ 7.053891   -0.79057825  7.343043    0.05014252]] [G loss: [ 1.3818063e+00  7.1049621e-04 -1.3208067e+00  2.7019024e-01]]
Epoch: 4/200, [Dx loss: [ 0.35817114 -0.01479358 -0.03590549  0.04088702]] [Dz loss: [-10.43698     -0.617881   -10.154134     0.03350337]] [G loss: [24.822172   -0.02756434 22.36516     0.24845758]]
Epoch: 5/200, [Dx loss: [ 0.60282815 -0.05768817 -0.04416727  0.07046836]] [Dz loss: [-33.349865    -0.366893   -35.380028     0.23970559]] [G loss: [5.2769138e+01 1.2531159e-02 5.0634975e+01 2.1216320e-01]]
Epoch: 6/200, [Dx loss: [30.000702    0.05430164 -0.05973424  3.0006137 ]] [Dz loss: [-31.213276    -0.09683289 -41.044083     0.992764  ]] [G loss: [55.67057    -0.42543018 53.371376    0.27246255]]
Epoch: 7/200, [Dx loss: [31.787373   -0.16774786  0.21451965  3.17406   ]] [Dz loss: [ -7.8748255    0.11932061 -22.863758     1.4869611 ]] [G loss: [3.1777819e+01 2.7638733e-02 2.9731071e+01 2.0191079e-01]]
Epoch: 8/200, [Dx loss: [ 1.3267509e+02  1.9521251e-01 -7.7068955e-02  1.3255693e+01]] [Dz loss: [12.716438    0.29665557  1.3741081   1.1045675 ]] [G loss: [10.3627      0.47129527  3.6129832   0.6278422 ]]
Epoch: 9/200, [Dx loss: [1.8732663e+02 2.7193954e-02 7.6946959e-02 1.8722248e+01]] [Dz loss: [18.364944    0.5225221  15.417547    0.24248739]] [G loss: [-6.579107    0.3484017  -9.229648    0.23021394]]
Epoch: 10/200, [Dx loss: [1.02581055e+02 4.92711402e-02 4.16283421e-02 1.02490158e+01]] [Dz loss: [17.56197     0.7609019  16.372557    0.04285117]] [G loss: [-6.3204794   0.35453093 -9.338804    0.26637945]]
Epoch: 11/200, [Dx loss: [15.134947    0.0327521  -0.04900904  1.5151203 ]] [Dz loss: [9.200239   0.92689466 6.5108557  0.17624898]] [G loss: [6.19042   0.6242804 2.5847938 0.2981346]]
Epoch: 12/200, [Dx loss: [ 2.1069698  -0.01462165 -0.02630293  0.21478942]] [Dz loss: [-28.215433     1.2179486  -30.790577     0.13571939]] [G loss: [52.6513     -0.12701486 50.066246    0.27120697]]
Epoch: 13/200, [Dx loss: [ 0.52397454  0.0109344  -0.06107978  0.05741199]] [Dz loss: [-104.01438       1.692239   -108.83419       0.31275684]] [G loss: [1.4757780e+02 1.1112733e-01 1.4509805e+02 2.3686203e-01]]
Epoch: 14/200, [Dx loss: [ 0.29852426 -0.01423344 -0.06408742  0.03768451]] [Dz loss: [-137.15407      2.43896   -173.30893      3.3715901]] [G loss: [2.1276970e+02 7.1848392e-02 2.1040756e+02 2.2902863e-01]]
Epoch: 15/200, [Dx loss: [ 0.09266956  0.01219012 -0.11138998  0.01918694]] [Dz loss: [ -63.92459      3.0989156 -147.21176      8.0188265]] [G loss: [1.5872711e+02 1.4541952e-01 1.5645651e+02 2.1251753e-01]]
Epoch: 16/200, [Dx loss: [ 0.01371643  0.04606079 -0.14163207  0.01092877]] [Dz loss: [-12.654757    3.1684492 -65.56208     4.9738874]] [G loss: [70.995346    0.16815913 68.844986    0.19822025]]
Epoch: 17/200, [Dx loss: [-0.00253045  0.06420422 -0.15034929  0.00836146]] [Dz loss: [ -7.547946    3.0734754 -21.879084    1.125766 ]] [G loss: [28.427933    0.17485899 26.267525    0.19855502]]
Epoch: 18/200, [Dx loss: [-0.00975706  0.11599474 -0.22393295  0.00981812]] [Dz loss: [ -3.820779     3.0888546  -11.194502     0.42848688]] [G loss: [19.240479    0.2533379  17.090075    0.18970653]]
Epoch: 19/200, [Dx loss: [-0.06716369  0.17702842 -0.31136283  0.00671707]] [Dz loss: [ -8.671972     3.300557   -15.452029     0.34795004]] [G loss: [25.378223    0.3411073  23.187115    0.18499988]]
Epoch: 20/200, [Dx loss: [-0.09653187  0.26566583 -0.42586184  0.00636641]] [Dz loss: [-23.611155     3.5645385  -29.809513     0.26338214]] [G loss: [42.297752   0.4709988 40.00768    0.1819076]]
Epoch: 21/200, [Dx loss: [-0.09252473  0.3943463  -0.55281204  0.0065941 ]] [Dz loss: [-39.673946    3.8656712 -48.218353    0.4678731]] [G loss: [62.96724     0.5899587  60.658566    0.17187141]]
Epoch: 22/200, [Dx loss: [-0.06547935  0.4568696  -0.5903522   0.00680033]] [Dz loss: [-50.795204    4.2794847 -64.93553     0.9860841]] [G loss: [79.42558     0.6045877  77.02398     0.17970106]]
Epoch: 23/200, [Dx loss: [-0.00879518  0.4481372  -0.5498358   0.00929035]] [Dz loss: [-54.925423    4.655475  -77.745766    1.8164866]] [G loss: [93.28633     0.54816043 90.465805    0.22723609]]
Epoch: 24/200, [Dx loss: [-0.0231831   0.43542424 -0.53166234  0.0073055 ]] [Dz loss: [-55.81893     4.9059267 -90.22606     2.9501197]] [G loss: [103.95715      0.5445877  100.97771      0.24348544]]
Epoch: 25/200, [Dx loss: [-0.05416333  0.46817094 -0.5795418   0.00572076]] [Dz loss: [-47.254326    5.0037603 -87.81969     3.5561604]] [G loss: [96.32351     0.5938785  93.52731     0.22023138]]
Epoch: 26/200, [Dx loss: [-0.07432143  0.5025176  -0.631687    0.0054848 ]] [Dz loss: [-33.462887    4.7519507 -67.96197     2.9747128]] [G loss: [72.91705     0.65333515 70.05237     0.22113475]]
Epoch: 27/200, [Dx loss: [-0.07901616  0.56689554 -0.69964147  0.00537298]] [Dz loss: [-17.384594    4.404224  -40.57254     1.8783724]] [G loss: [43.028965    0.7269336  40.117275    0.21847568]]
Epoch: 28/200, [Dx loss: [-0.08857614  0.6307007  -0.7813544   0.00620776]] [Dz loss: [ -6.757711    4.0511236 -19.071066    0.8262231]] [G loss: [22.27277     0.8052715  19.373428    0.20940694]]
Epoch: 29/200, [Dx loss: [-0.1117835   0.6709223  -0.8341752   0.00514694]] [Dz loss: [ -6.2799373    3.8654034  -12.913137     0.27677965]] [G loss: [17.18111     0.8523293  14.310818    0.20179632]]
Epoch: 30/200, [Dx loss: [-0.1233789   0.72819924 -0.90424615  0.0052668 ]] [Dz loss: [-12.711836     3.8647857  -19.827543     0.32509223]] [G loss: [24.00968     0.9334493  21.160954    0.19152758]]
Epoch: 31/200, [Dx loss: [-0.12663352  0.7997331  -0.9769436   0.0050577 ]] [Dz loss: [-16.410078     3.8984413  -25.619492     0.53109705]] [G loss: [30.598032   1.0035251 27.634552   0.1959956]]
Epoch: 32/200, [Dx loss: [-0.12634131  0.8505988  -1.0362481   0.0059308 ]] [Dz loss: [-14.401858    3.9076977 -25.052511    0.6742951]] [G loss: [28.624825    1.0619605  25.763523    0.17993426]]
Epoch: 33/200, [Dx loss: [-0.1386007   0.92035407 -1.1130373   0.00540825]] [Dz loss: [ -9.194154    3.8124802 -18.83477     0.5828136]] [G loss: [22.196346    1.1430271  19.281961    0.17713577]]
Epoch: 34/200, [Dx loss: [-0.13203101  0.9966939  -1.1881247   0.00593997]] [Dz loss: [ -3.9482803    3.6246822  -10.93639      0.33634275]] [G loss: [13.886232    1.2119949  10.948807    0.17254311]]
Epoch: 35/200, [Dx loss: [-0.12355004  1.0399785  -1.2101321   0.00466036]] [Dz loss: [-1.8180672   3.482965   -6.257713    0.09566802]] [G loss: [9.061817   1.2200062  6.2185907  0.16232198]]
Epoch: 36/200, [Dx loss: [-0.13772598  1.0511129  -1.2316655   0.00428267]] [Dz loss: [-2.0167217   3.400868   -5.8655844   0.04479961]] [G loss: [8.847609   1.2487881  6.0766306  0.15221898]]
Epoch: 37/200, [Dx loss: [-0.13076702  1.0990946  -1.2725651   0.00427036]] [Dz loss: [-3.6424484  3.364497  -7.4972925  0.0490347]] [G loss: [10.516042    1.295259    7.8563967   0.13643858]]
Epoch: 38/200, [Dx loss: [-0.11035582  1.1736768  -1.3244469   0.00404142]] [Dz loss: [-5.177055   3.3896136 -9.379645   0.0812976]] [G loss: [12.566579    1.3469656   9.977035    0.12425785]]
Epoch: 39/200, [Dx loss: [-0.10724274  1.2377522  -1.3828013   0.00378065]] [Dz loss: [ -5.7506113    3.367208   -10.471091     0.13532718]] [G loss: [13.370897   1.4073375 10.761993   0.1201566]]
Epoch: 40/200, [Dx loss: [-0.10460927  1.2984484  -1.442072    0.00390143]] [Dz loss: [ -5.2383056    3.3241322  -10.330947     0.17685089]] [G loss: [13.420595    1.465472   10.813129    0.11419931]]
Epoch: 41/200, [Dx loss: [-0.09543416  1.36418    -1.5019926   0.00423785]] [Dz loss: [-3.782743   3.272265  -8.849485   0.1794478]] [G loss: [11.691021   1.5256817  9.033198   0.113214 ]]
Epoch: 42/200, [Dx loss: [-0.09107077  
Epoch: 42/200, [Dx loss: [-0.11515678  0.8382077  -0.99334466  0.003998  ]] [Dz loss: [-0.6553439   2.9987009  -4.4576902   0.08036454]] [G loss: [7
Epoch: 43/200, [Dx loss: [-0.07869707  1.5336431  -1.642259    0.00299187]] [Dz loss: [-0.76377404  2.9925375  -4.6191373   0.08628257]] [G loss: [7.3471966  1.6698618  4.5718822  0.11054519]]
Epoch: 44/200, [Dx loss: [-0.0765795  1.600353  -1.7084496  0.0031517]] [Dz loss: [ 0.2632548   2.8360827  -3.2113595   0.06385313]] [G loss: [6.118803   1.7313173  3.2430477  0.11444382]]
Epoch: 45/200, [Dx loss: [-0.06101429  1.6552575  -1.7587099   0.00424384]] [Dz loss: [ 0.992496    2.7198043  -2.2345328   0.05072244]] [G loss: [5.1318636  1.7827237  2.2083206  0.11408193]]
Epoch: 46/200, [Dx loss: [-0.01962627  1.7483019  -1.8220822   0.00541539]] [Dz loss: [ 1.2119766  2.623863  -1.8454535  0.0433567]] [G loss: [5.0601177  1.85359    1.893815   0.13127126]]
Epoch: 47/200, [Dx loss: [-0.03673103  1.8386917  -1.9158423   0.00404194]] [Dz loss: [ 1.0846428   2.5697112  -1.8225399   0.03374716]] [G loss: [5.1440225  1.9391174  1.9157984  0.12891069]]
Epoch: 48/200, [Dx loss: [-0.04331364  1.8813848  -1.9647211   0.00400228]] [Dz loss: [ 0.8924116   2.552872   -1.9555279   0.02950675]] [G loss: [5.1949453  1.9734788  1.9788753  0.12425913]]
Epoch: 49/200, [Dx loss: [-0.01547841  1.9006226  -1.9823654   0.00662645]] [Dz loss: [ 0.647632    2.4773917  -2.1385627   0.03088028]] [G loss: [5.406621   1.9983342  2.2178192  0.11904676]]
Epoch: 50/200, [Dx loss: [-0.03411169  1.9550769  -2.0276113   0.00384227]] [Dz loss: [ 0.5941936   2.4806266  -2.2228618   0.03364287]] [G loss: [5.584357   2.0473173  2.3121498  0.12248896]]
Epoch: 51/200, [Dx loss: [-0.05638713  2.0034611  -2.0899339   0.00300858]] [Dz loss: [ 0.6557479   2.4455707  -2.1329198   0.03430968]] [G loss: [5.5507574  2.1137981  2.2707443  0.11662151]]
Epoch: 52/200, [Dx loss: [-0.07366498  2.0796618  -2.1782472   0.00249206]] [Dz loss: [ 0.8817412   2.4346578  -1.9326222   0.03797054]] [G loss: [5.412841   2.2123444  2.047698   0.11527985]]
Epoch: 53/200, [Dx loss: [-0.08812982  2.1577444  -2.2732058   0.00273313]] [Dz loss: [ 1.1038109   2.4102075  -1.7046293   0.03982328]] [G loss: [5.1825266  2.2948737  1.749033   0.11386199]]
Epoch: 54/200, [Dx loss: [-0.09144108  2.186003   -2.310844    0.00334001]] [Dz loss: [ 1.2827919   2.375687   -1.4979022   0.04050074]] [G loss: [4.9576874  2.3205333  1.5319456  0.11052082]]
Epoch: 55/200, [Dx loss: [-0.09055285  2.208006   -2.32457     0.00260115]] [Dz loss: [ 1.3407121   2.3458362  -1.3905394   0.03854156]] [G loss: [4.822112   2.3388615  1.3907447  0.10925056]]
Epoch: 56/200, [Dx loss: [-8.5249208e-02  2.2617936e+00 -2.3690536e+00  2.2010687e-03]] [Dz loss: [ 1.4250721   2.300126   -1.2682204   0.03931663]] [G loss: [4.7608843  2.3938856  1.279567   0.10874316]]
Epoch: 57/200, [Dx loss: [-9.1602191e-02  2.3205054e+00 -2.4350522e+00  2.2944629e-03]] [Dz loss: [ 1.4791645   2.2815764  -1.1711633   0.03687515]] [G loss: [4.8241954  2.453051   1.2150807  0.11560634]]
Epoch: 58/200, [Dx loss: [-9.6091583e-02  2.3580642e+00 -2.4774368e+00  2.3281234e-03]] [Dz loss: [ 1.5662234  2.258041  -1.0381196  0.0346302]] [G loss: [4.6913714  2.4878426  1.0801716  0.11233573]]
Epoch: 59/200, [Dx loss: [-9.7486109e-02  2.3800662e+00 -2.5017426e+00  2.4190324e-03]] [Dz loss: [ 1.5616237   2.200343   -0.96165764  0.03229383]] [G loss: [4.6785274  2.511373   1.0050021  0.11621521]]
Epoch: 60/200, [Dx loss: [-9.4018355e-02  2.4062839e+00 -2.5243917e+00  2.4089266e-03]] [Dz loss: [ 1.5472035   2.1789074  -0.9428735   0.03111697]] [G loss: [4.539966   2.5338335  0.9491329  0.10569997]]
Epoch: 61/200, [Dx loss: [-8.7205574e-02  2.4347520e+00 -2.5451987e+00  2.3241192e-03]] [Dz loss: [ 1.4896989   2.1201148  -0.9389308   0.03085149]] [G loss: [4.656724   2.5573554  0.9402352  0.11591333]]
Epoch: 62/200, [Dx loss: [-8.9426242e-02  2.4638066e+00 -2.5731041e+00  1.9871106e-03]] [Dz loss: [ 1.4722128   2.0944703  -0.9064177   0.02841604]] [G loss: [4.530731   2.5854259  0.89150625 0.10537988]]
Epoch: 63/200, [Dx loss: [-9.2664599e-02  2.4845767e+00 -2.5977678e+00  2.0526389e-03]] [Dz loss: [ 1.4682674   2.0553575  -0.881673    0.02945827]] [G loss: [4.6066303  2.6055002  0.9117037  0.10894262]]
Epoch: 64/200, [Dx loss: [-9.9272743e-02  2.4945908e+00 -2.6169369e+00  2.3073424e-03]] [Dz loss: [ 1.4885161   2.0211787  -0.8400483   0.03073858]] [G loss: [4.5441623  2.6259437  0.8571204  0.10610983]]
Epoch: 65/200, [Dx loss: [-0.10278419  2.493957   -2.623134    0.00263928]] [Dz loss: [ 1.6304611   1.9969609  -0.69811016  0.03316105]] [G loss: [4.388857   2.6236143  0.7060149  0.10592274]]
Epoch: 66/200, [Dx loss: [-1.0053817e-01  2.4900231e+00 -2.6133356e+00  2.2774569e-03]] [Dz loss: [ 1.744456    1.966831   -0.5786359   0.03562611]] [G loss: [4.191529  2.6160636 0.5539882 0.1021477]]
Epoch: 67/200, [Dx loss: [-9.7416364e-02  2.4983153e+00 -2.6165648e+00  2.0832925e-03]] [Dz loss: [ 1.8472039   1.9362752  -0.47078532  0.03817137]] [G loss: [4.1254435  2.6250052  0.46240318 0.10380351]]
Epoch: 68/200, [Dx loss: [-9.8466352e-02  2.5089538e+00 -2.6271157e+00  1.9695784e-03]] [Dz loss: [ 1.9435778   1.9133822  -0.36992636  0.04001218]] [G loss: [4.104644   2.6315222  0.41498643 0.10581352]]
Epoch: 69/200, [Dx loss: [-1.0412820e-01  2.5146813e+00 -2.6378994e+00  1.9089954e-03]] [Dz loss: [ 1.9549782   1.8838638  -0.3358826   0.04069971]] [G loss: [3.9813695  2.6470995  0.31112552 0.10231443]]
Epoch: 70/200, [Dx loss: [-1.2739357e-01  2.5091403e+00 -2.6587653e+00  2.2231610e-03]] [Dz loss: [ 1.967378    1.8479946  -0.31190956  0.04312931]] [G loss: [4.0228786  2.6619873  0.31211233 0.10487794]]
Epoch: 71/200, [Dx loss: [-1.1335720e-01  2.5003529e+00 -2.6327565e+00  1.9046564e-03]] [Dz loss: [ 2.0620406   1.8446009  -0.2490116   0.04664515]] [G loss: [3.9445112  2.6403325  0.27560094 0.10285778]]
Epoch: 72/200, [Dx loss: [-1.02531806e-01  2.52751803e+00 -2.65112448e+00  2.10747845e-03]] [Dz loss: [ 2.0955982   1.8206857  -0.22314997  0.04980622]] [G loss: [3.957537   2.6692886  0.21803059 0.10702176]]
Epoch: 73/200, [Dx loss: [-1.1769301e-01  2.5467653e+00 -2.6856554e+00  2.1197102e-03]] [Dz loss: [ 2.0802796   1.8327945  -0.23183915  0.04793242]] [G loss: [3.9688284  2.6947913  0.24256551 0.10314716]]
Epoch: 74/200, [Dx loss: [-1.2377741e-01  2.5410290e+00 -2.6831453e+00  1.8338893e-03]] [Dz loss: [ 2.0208201   1.811758   -0.25726035  0.04663224]] [G loss: [4.000563   2.684929   0.30812812 0.1007506 ]]
Epoch: 75/200, [Dx loss: [-1.3750763e-01  2.5286052e+00 -2.6860442e+00  1.9931418e-03]] [Dz loss: [ 1.9880531   1.8174753  -0.28241757  0.04529952]] [G loss: [4.115716   2.6771798  0.32700506 0.11115311]]
Epoch: 76/200, [Dx loss: [-1.4874868e-01  2.5001018e+00 -2.6678805e+00  1.9030122e-03]] [Dz loss: [ 1.9929758   1.825424   -0.27497673  0.04425287]] [G loss: [3.9999194  2.6667242  0.32205486 0.10111405]]
Epoch: 77/200, [Dx loss: [-1.4244160e-01  2.4766257e+00 -2.6366274e+00  1.7559929e-03]] [Dz loss: [ 1.9766695   1.8363098  -0.30370203  0.04440617]] [G loss: [4.027252   2.6359844  0.3475004  0.10437678]]
Epoch: 78/200, [Dx loss: [-1.3947269e-01  2.4629385e+00 -2.6207709e+00  1.8359615e-03]] [Dz loss: [ 1.9574162   1.8407198  -0.33411342  0.04508099]] [G loss: [4.022979   2.6186438  0.36368152 0.10406536]]
Epoch: 79/200, [Dx loss: [-1.3126482e-01  2.4535737e+00 -2.6033728e+00  1.8534062e-03]] [Dz loss: [ 1.9944963   1.8870182  -0.36029762  0.04677759]] [G loss: [4.0481224  2.6066544  0.42555767 0.10159107]]
Epoch: 80/200, [Dx loss: [-1.2691808e-01  2.4592252e+00 -2.6031346e+00  1.6991415e-03]] [Dz loss: [ 1.9083488   1.855985   -0.42181578  0.04741797]] [G loss: [4.1701603  2.6109345  0.5061003  0.10531255]]
Epoch: 81/200, [Dx loss: [-1.3305812e-01  2.4567540e+00 -2.6090016e+00  1.9189427e-03]] [Dz loss: [ 1.8015753   1.9032507  -0.52492756  0.04232519]] [G loss: [4.244888   2.6090083  0.58373064 0.10521486]]
Epoch: 82/200, [Dx loss: [-1.3921981e-01  2.4460838e+00 -2.6066284e+00  2.1324814e-03]] [Dz loss: [ 1.661699    1.9325546  -0.64151806  0.03706626]] [G loss: [4.3557854  2.612997   0.74811804 0.09946707]]
Epoch: 83/200, [Dx loss: [-1.21330574e-01  2.43560171e+00 -2.57642555e+00  1.94934139e-03]] [Dz loss: [ 1.5034811
Epoch: 85/200, [Dx loss: [-0.09648087  0.38696727 -0.5162524   0.00328042]] [Dz loss: [ 1.3081
Epoch: 84/200, [Dx loss: [-1.07389286e-01  2.40757060e+00 -2.53249121e+00  1.75312755e-03]] [Dz loss: [ 1.3310568   1.973077   -0.9407568   0.02987366]] [G loss: [4.6443014  2.5301123  1.0481168  0.10660721]]
Epoch: 85/200, [Dx loss: [-1.0944138e-01  2.3972621e+00 -2.5254431e+00  1.8739533e-03]] [Dz loss: [ 1.1690086   2.002431   -1.1113174   0.02778949]] [G loss: [4.7070475  2.5313141  1.1937904  0.09819427]]
Epoch: 86/200, [Dx loss: [-1.0973866e-01  2.3750572e+00 -2.5048187e+00  2.0022860e-03]] [Dz loss: [ 1.0372562   2.003587   -1.231653    0.02653221]] [G loss: [4.8727193  2.5028017  1.3306054  0.10393126]]
Epoch: 87/200, [Dx loss: [-1.1051492e-01  2.3546214e+00 -2.4854906e+00  2.0354469e-03]] [Dz loss: [ 0.9352497   2.014834   -1.3420445   0.02624604]] [G loss: [5.021797   2.4959822  1.4740975  0.10517173]]
Epoch: 88/200, [Dx loss: [-1.1090189e-01  2.3657651e+00 -2.4989150e+00  2.2248044e-03]] [Dz loss: [ 0.8757701   2.0597026  -1.4485867   0.02646542]] [G loss: [5.1090603  2.5080204  1.5508349  0.10502049]]
Epoch: 89/200, [Dx loss: [-1.1437956e-01  2.3650849e+00 -2.4996576e+00  2.0193506e-03]] [Dz loss: [ 0.83051664  2.060554   -1.4949003   0.02648629]] [G loss: [5.047592  2.4979165 1.5607986 0.0988877]]
Epoch: 90/200, [Dx loss: [-1.1155484e-01  2.3478253e+00 -2.4788895e+00  1.9509094e-03]] [Dz loss: [ 0.8079866   2.0541587  -1.5189718   0.02727998]] [G loss: [5.1349907  2.4788413  1.6270198  0.10291297]]
Epoch: 91/200, [Dx loss: [-1.15061834e-01  2.34797215e+00 -2.48455429e+00  2.15205830e-03]] [Dz loss: [ 0.81675416  2.0728183  -1.5320288   0.02759646]] [G loss: [5.1313767 2.488359  1.6152048 0.1027813]]
Epoch: 92/200, [Dx loss: [-1.1747923e-01  2.3268266e+00 -2.4631538e+00  1.8847978e-03]] [Dz loss: [ 0.81960094  2.0526316  -1.5018853   0.02688546]] [G loss: [5.011649   2.4599993  1.5797827  0.09718674]]
Epoch: 93/200, [Dx loss: [-9.5676728e-02  2.3087907e+00 -2.4235129e+00  1.9045670e-03]] [Dz loss: [ 0.8514908   2.0280342  -1.4521443   0.02756008]] [G loss: [5.0381584  2.429041   1.5546417  0.10544762]]
Epoch: 94/200, [Dx loss: [-1.1593920e-01  2.3030622e+00 -2.4420738e+00  2.3072334e-03]] [Dz loss: [ 0.8573311   1.9916394  -1.4084628   0.02741546]] [G loss: [4.9570622  2.4491377  1.4826841  0.10252403]]
Epoch: 95/200, [Dx loss: [-1.2466873e-01  2.2910943e+00 -2.4385228e+00  2.2760048e-03]] [Dz loss: [ 0.8863373   1.9485197  -1.3408657   0.02786833]] [G loss: [4.8571033  2.4379354  1.4191656  0.10000022]]
Epoch: 96/200, [Dx loss: [-1.18538976e-01  2.27017975e+00 -2.41038108e+00  2.16622325e-03]] [Dz loss: [ 0.92394716  1.9484978  -1.2968206   0.02722699]] [G loss: [4.832006   2.410427   1.3678031  0.10537761]]
Epoch: 97/200, [Dx loss: [-1.2165649e-01  2.2638161e+00 -2.4066479e+00  2.1175486e-03]] [Dz loss: [ 0.9504924   1.9243759  -1.2560301   0.02821465]] [G loss: [4.791227   2.4024463  1.3341956  0.10545849]]
Epoch: 98/200, [Dx loss: [-1.3375297e-01  2.2471614e+00 -2.3984137e+00  1.7499647e-03]] [Dz loss: [ 1.0152471   1.8967355  -1.1855651   0.03040767]] [G loss: [4.5998335  2.3988342  1.2626853  0.09383139]]
Epoch: 99/200, [Dx loss: [-1.3892546e-01  2.2191751e+00 -2.3772080e+00  1.9107589e-03]] [Dz loss: [ 1.0431509   1.849494   -1.1440413   0.03376983]] [G loss: [4.541352   2.369043   1.2014213  0.09708875]]
Epoch: 100/200, [Dx loss: [-1.5066078e-01  2.1924531e+00 -2.3647189e+00  2.1605119e-03]] [Dz loss: [ 1.1010473   1.819904   -1.1043465   0.03854898]] [G loss: [4.5484886  2.3658023  1.1872575  0.09954286]]
Epoch: 101/200, [Dx loss: [-1.3735683e-01  2.1693199e+00 -2.3259130e+00  1.9236391e-03]] [Dz loss: [ 1.1437963   1.802914   -1.0984892   0.04393716]] [G loss: [4.4572334  2.3261232  1.172494   0.09586161]]
Epoch: 102/200, [Dx loss: [-1.3238318e-01  2.1421890e+00 -2.2939734e+00  1.9401269e-03]] [Dz loss: [ 1.1291746   1.7498366  -1.0488676   0.04282057]] [G loss: [4.376169   2.2965884  1.1269324  0.09526484]]
Epoch: 103/200, [Dx loss: [-1.2531887e-01  2.1091025e+00 -2.2556758e+00  2.1254870e-03]] [Dz loss: [ 1.1633762   1.7065817  -0.9572132   0.04140079]] [G loss: [4.189766   2.2471805  1.0108356  0.09317502]]
Epoch: 104/200, [Dx loss: [-1.2405590e-01  2.0850122e+00 -2.2296100e+00  2.0541924e-03]] [Dz loss: [ 1.2306716  1.6642033 -0.8290205  0.0395489]] [G loss: [4.0154915  2.235867   0.8703346  0.09092901]]
Epoch: 105/200, [Dx loss: [-1.2383936e-01  2.0754595e+00 -2.2202590e+00  2.0960039e-03]] [Dz loss: [ 1.3524846   1.6148403  -0.6784185   0.04160628]] [G loss: [3.8881192  2.2232594  0.73614645 0.09287134]]
Epoch: 106/200, [Dx loss: [-1.2737787e-01  2.0476928e+00 -2.1949542e+00  1.9883318e-03]] [Dz loss: [ 1.4521875   1.5274429  -0.5267714   0.04515161]] [G loss: [3.7331858  2.182192   0.60881406 0.09421796]]
Epoch: 107/200, [Dx loss: [-1.1526781e-01  2.0125728e+00 -2.1455009e+00  1.7660232e-03]] [Dz loss: [ 1.5808163   1.4761553  -0.36526904  0.04699301]] [G loss: [3.550437   2.1449091  0.4659745  0.09395535]]
Epoch: 108/200, [Dx loss: [-1.1313121e-01  1.9974935e+00 -2.1312351e+00  2.0610285e-03]] [Dz loss: [ 1.5991933   1.4180748  -0.26085085  0.04419693]] [G loss: [3.4747043  2.1336927  0.37911528 0.0961896 ]]
Epoch: 109/200, [Dx loss: [-0.12364844  1.9806528  -2.1266098   0.00223086]] [Dz loss: [ 1.5864953   1.3607495  -0.18721882  0.04129649]] [G loss: [3.4641938  2.1271448  0.3689325  0.09681167]]
Epoch: 110/200, [Dx loss: [-1.1485368e-01  1.9636917e+00 -2.0969846e+00  1.8439293e-03]] [Dz loss: [ 1.4266171   1.3039322  -0.24174777  0.03644326]] [G loss: [3.5139413  2.0895784  0.48069137 0.09436713]]
Epoch: 111/200, [Dx loss: [-0.11179984  1.939889   -2.072664    0.00209753]] [Dz loss: [ 1.1929569   1.283124   -0.4643364   0.03741693]] [G loss: [3.913238   2.0605936  0.88587046 0.09667739]]
Epoch: 112/200, [Dx loss: [-0.10647526  1.8783481  -2.0061655   0.00213423]] [Dz loss: [ 0.5885849   1.2874658  -1.0730568   0.03741759]] [G loss: [4.559439   1.9899719  1.617568   0.09518993]]
Epoch: 113/200, [Dx loss: [-9.4196245e-02  1.8252712e+00 -1.9383163e+00  1.8848939e-03]] [Dz loss: [-0.31497046  1.3528837  -2.0208743   0.03530202]] [G loss: [5.5854077  1.9301109  2.7023435  0.09529532]]
Epoch: 114/200, [Dx loss: [-8.1133790e-02  1.7855377e+00 -1.8851820e+00  1.8510526e-03]] [Dz loss: [-1.4335467   1.4734457  -3.2200458   0.03130534]] [G loss: [6.781904  1.891463  3.8842483 0.1006193]]
Epoch: 115/200, [Dx loss: [-0.06829903  1.7542843  -1.8440279   0.00214446]] [Dz loss: [-2.267507    1.574037   -4.2441483   0.04026045]] [G loss: [7.7302637  1.8437942  4.933791   0.09526785]]
Epoch: 116/200, [Dx loss: [-6.7591272e-02  1.7427051e+00 -1.8283360e+00  1.8039339e-03]] [Dz loss: [-2.2058635   1.7134755  -4.5233774   0.06040384]] [G loss: [7.8420315  1.8281776  5.052948   0.09609058]]
Epoch: 117/200, [Dx loss: [-0.07472379  1.7083025  -1.8030975   0.00200711]] [Dz loss: [-1.6870375   1.8056927  -4.1388597   0.06461296]] [G loss: [7.235203   1.797285   4.403061   0.10348572]]
Epoch: 118/200, [Dx loss: [-6.7053780e-02  1.7104410e+00 -1.7927046e+00  1.5209857e-03]] [Dz loss: [-0.97432804  1.8353608  -3.345365    0.05356767]] [G loss: [6.3809595  1.8100436  3.4793928  0.10915232]]
Epoch: 119/200, [Dx loss: [-0.06683106  1.7157791  -1.8042033   0.0021593 ]] [Dz loss: [-0.25632143  1.8339665  -2.5185835   0.04282955]] [G loss: [5.4938216  1.8128481  2.622954   0.10580198]]
Epoch: 120/200, [Dx loss: [-0.07295464  1.6615841  -1.7584429   0.0023904 ]] [Dz loss: [ 0.3517762   1.8256452  -1.8426186   0.03687496]] [G loss: [4.694274   1.763771   1.9103539  0.10201488]]
Epoch: 121/200, [Dx loss: [-0.06636411  1.6291287  -1.71503     0.0019537 ]] [Dz loss: [ 0.7053277   1.7873358  -1.437937    0.03559287]] [G loss: [4.1777925  1.7249217  1.4954848  0.09573859]]
Epoch: 122/200, [Dx loss: [-0.09231294  1.6350639  -1.7527767   0.00254   ]] [Dz loss: [ 1.0171522   1.7651303  -1.1503669   0.04023888]] [G loss: [3.9900222  1.7737894  1.1733218  0.10429108]]
Epoch: 123/200, [Dx loss: [-0.10368965  1.6751274  -1.8042923   0.00254751]] [Dz loss: [ 1.3496943   1.7310143  -0.8716506   0.04903305]] [G loss: [3.6389072  1.8146191  0.8876667  0.09366213]]
Epoch: 124/200, [Dx loss: [-0.11302023  1.6697199  -1.8026336   0.00198935]] [Dz loss: [ 1.5775295   1.6813256  -0.
Epoch: 128/200, [Dx loss: [-0.12219547  0.37036875 -0.5300015   0.00374373]] 
Epoch: 125/200, [Dx loss: [-0.10386819  1.6638333  -1.7864853   0.00187839]] [Dz loss: [ 1.5819528   1.5803325  -0.5226131   0.05242335]] [G loss: [3.280029   1.7844276  0.5366354  0.09589662]]
Epoch: 126/200, [Dx loss: [-8.7377243e-02  1.6274974e+00 -1.7297609e+00  1.4886147e-03]] [Dz loss: [ 1.5193357   1.5329382  -0.45850176  0.04448994]] [G loss: [3.1095693  1.7285808  0.4572268  0.09237617]]
Epoch: 127/200, [Dx loss: [-7.0247203e-02  1.6305605e+00 -1.7157087e+00  1.4900999e-03]] [Dz loss: [ 1.4968382   1.4808795  -0.38636607  0.04023248]] [G loss: [3.1342812  1.7354469  0.4138804  0.09849539]]
Epoch: 128/200, [Dx loss: [-0.0807101  1.6575792 -1.7577574  0.0019468]] [Dz loss: [ 1.5229423   1.4415352  -0.29113787  0.03725451]] [G loss: [3.0724049  1.7641947  0.32037312 0.09878369]]
Epoch: 129/200, [Dx loss: [-0.08588049  1.6655734  -1.772447    0.00209934]] [Dz loss: [ 1.6087377   1.3848865  -0.1497995   0.03736506]] [G loss: [2.8946     1.7834015  0.19137576 0.09198228]]
Epoch: 130/200, [Dx loss: [-0.096473   1.6639013 -1.7816265  0.0021252]] [Dz loss: [1.699186   1.3356149  0.01302916 0.03505421]] [G loss: [2.6707516  1.7687843  0.0159032  0.08860639]]
Epoch: 131/200, [Dx loss: [-0.09716182  1.6305488  -1.7469784   0.00192677]] [Dz loss: [1.7244676  1.25255    0.14578487 0.03261326]] [G loss: [ 2.532936    1.7468493  -0.11069633  0.0896783 ]]
Epoch: 132/200, [Dx loss: [-8.9037269e-02  1.6107404e+00 -1.7147467e+00  1.4968960e-03]] [Dz loss: [1.7465206  1.2079693  0.2246098  0.03139417]] [G loss: [ 2.3702736   1.7187827  -0.19430295  0.08457938]]
Epoch: 133/200, [Dx loss: [-0.08409555  1.5826812  -1.6844761   0.00176994]] [Dz loss: [1.7722067  1.1715534  0.28926545 0.03113879]] [G loss: [ 2.262691    1.6890491  -0.27028742  0.08439294]]
Epoch: 134/200, [Dx loss: [-7.8168765e-02  1.5610172e+00 -1.6551850e+00  1.5999023e-03]] [Dz loss: [1.804101   1.1031544  0.35780254 0.0343144 ]] [G loss: [ 2.2027216   1.6563468  -0.31805933  0.08644341]]
Epoch: 135/200, [Dx loss: [-0.06483545  1.5408032  -1.6229188   0.00172802]] [Dz loss: [1.8480564  1.0682153  0.41867724 0.0361164 ]] [G loss: [ 2.1110845   1.6251618  -0.36163175  0.08475545]]
Epoch: 136/200, [Dx loss: [-0.08376262  1.505575   -1.6080897   0.00187522]] [Dz loss: [1.9321874  1.041895   0.4904523  0.03998402]] [G loss: [ 2.0104575   1.6002684  -0.46411407  0.08743031]]
Epoch: 137/200, [Dx loss: [-0.07872005  1.4443938  -1.5428154   0.00197016]] [Dz loss: [1.9827902  1.0197121  0.54527414 0.0417804 ]] [G loss: [ 1.8770692   1.5382426  -0.48117557  0.08200023]]
Epoch: 138/200, [Dx loss: [-0.06838587  1.4207053  -1.5183735   0.00292823]] [Dz loss: [1.993099   1.0218322  0.53789896 0.04333678]] [G loss: [ 1.955168    1.537872   -0.4805115   0.08978076]]
Epoch: 139/200, [Dx loss: [-0.07254695  1.4449184  -1.5419948   0.00245294]] [Dz loss: [1.9443649  1.0048816  0.49918333 0.04403001]] [G loss: [ 1.9900163   1.5401188  -0.40337667  0.08532742]]
Epoch: 140/200, [Dx loss: [-0.08269911  1.4004974  -1.5054357   0.00222391]] [Dz loss: [1.8916571  1.0296578  0.4055837  0.04564155]] [G loss: [ 2.0648603   1.5033414  -0.28066683  0.08421859]]
Epoch: 141/200, [Dx loss: [-0.09180479  1.3944329  -1.5063426   0.00201049]] [Dz loss: [1.768738   1.081004   0.22678566 0.04609484]] [G loss: [ 2.2672744   1.5231218  -0.07391694  0.08180694]]
Epoch: 142/200, [Dx loss: [-0.09610277  1.4116558  -1.5305712   0.00228126]] [Dz loss: [ 1.5473177   1.1173971  -0.0223672   0.04522879]] [G loss: [2.5160098  1.5452881  0.12797861 0.08427432]]
Epoch: 143/200, [Dx loss: [-0.10094608  1.4284413  -1.5515534   0.00221659]] [Dz loss: [ 1.247927    1.1609349  -0.33582908  0.04228212]] [G loss: [2.926249   1.5635817  0.49482226 0.08678453]]
Epoch: 144/200, [Dx loss: [-0.10680292  1.4153959  -1.5418437   0.00196448]] [Dz loss: [ 0.897725    1.2343435  -0.7231693   0.03865507]] [G loss: [3.2689152  1.5425823  0.8987802  0.08275525]]
Epoch: 145/200, [Dx loss: [-0.10826365  1.3807395  -1.5135317   0.00245285]] [Dz loss: [ 0.47254068  1.3181369  -1.1964716   0.03508753]] [G loss: [3.8099852  1.5081483  1.4174036  0.08844333]]
Epoch: 146/200, [Dx loss: [-0.10688689  1.3751862  -1.5058976   0.00238245]] [Dz loss: [-0.03848012  1.3393966  -1.6825806   0.03047039]] [G loss: [4.247777   1.5271578  1.8851335  0.08354858]]
Epoch: 147/200, [Dx loss: [-0.11028149  1.3978992  -1.5301647   0.00219841]] [Dz loss: [-0.358674    1.4344623  -2.1207469   0.03276105]] [G loss: [4.746888   1.5471737  2.3479939  0.08517203]]
Epoch: 148/200, [Dx loss: [-0.10470083  1.4051485  -1.5295866   0.00197371]] [Dz loss: [-0.64160746  1.4537568  -2.431594    0.03362297]] [G loss: [4.9615803  1.5395379  2.6471963  0.07748464]]
Epoch: 149/200, [Dx loss: [-0.097107    1.4195704  -1.5349516   0.00182742]] [Dz loss: [-0.72210586  1.4949011  -2.5721464   0.03551395]] [G loss: [5.133355   1.5579779  2.778841   0.07965361]]
Epoch: 150/200, [Dx loss: [-0.10172318  1.4584509  -1.5785543   0.00183803]] [Dz loss: [-0.66566646  1.5313998  -2.5636716   0.03666054]] [G loss: [5.165726   1.6015208  2.7299633  0.08342421]]
Epoch: 151/200, [Dx loss: [-0.10348706  1.4907488  -1.6136631   0.00194274]] [Dz loss: [-0.5599128   1.5190811  -2.4186327   0.03396387]] [G loss: [5.003811   1.619807   2.5766864  0.08073173]]
Epoch: 152/200, [Dx loss: [-0.0945504   1.5489582  -1.6648986   0.00213902]] [Dz loss: [-0.371534    1.5570015  -2.2600431   0.03315074]] [G loss: [4.922999   1.6860647  2.4269006  0.08100335]]
Epoch: 153/200, [Dx loss: [-0.10122645  1.5999337  -1.7268305   0.00256703]] [Dz loss: [-0.25354666  1.539282   -2.119205    0.03263763]] [G loss: [4.809677   1.7504752  2.2392774  0.08199245]]
Epoch: 154/200, [Dx loss: [-0.11048559  1.5988384  -1.7345774   0.00252534]] [Dz loss: [-0.08267496  1.5669152  -1.9835987   0.03340086]] [G loss: [4.722901   1.7453768  2.0923834  0.08851407]]
Epoch: 155/200, [Dx loss: [-0.09284588  1.5426887  -1.6586291   0.00230947]] [Dz loss: [ 0.0468531   1.5523101  -1.8859255   0.03804684]] [G loss: [4.5389223  1.6571789  2.003925   0.08778182]]
Epoch: 156/200, [Dx loss: [-0.07942837  1.521145   -1.6211319   0.00205586]] [Dz loss: [ 0.12095914  1.528384   -1.7679863   0.03605614]] [G loss: [4.390961   1.6401825  1.8600736  0.08907051]]
Epoch: 157/200, [Dx loss: [-0.08597954  1.5132242  -1.6203716   0.00211679]] [Dz loss: [ 0.2938076   1.5522032  -1.6197097   0.03613141]] [G loss: [4.2479205  1.6245081  1.7174082  0.09060043]]
Epoch: 158/200, [Dx loss: [-0.10458169  1.4704475  -1.5972041   0.00221748]] [Dz loss: [ 0.48824006  1.5454909  -1.4323627   0.03751117]] [G loss: [3.9538822  1.5985647  1.4899976  0.08653197]]
Epoch: 159/200, [Dx loss: [-0.10573868  1.4472046  -1.5755737   0.00226304]] [Dz loss: [ 0.67602336  1.5414444  -1.2385877   0.03731669]] [G loss: [3.82086    1.5794396  1.3335648  0.09078553]]
Epoch: 160/200, [Dx loss: [-0.10978116  1.4289947  -1.559222    0.00204462]] [Dz loss: [ 0.77931684  1.5161709  -1.1143944   0.03775404]] [G loss: [3.6836033  1.5812111  1.194064   0.09083284]]
Epoch: 161/200, [Dx loss: [-0.12260965  1.4426894  -1.5864793   0.00211801]] [Dz loss: [ 0.7997291   1.5048662  -1.0983398   0.03932026]] [G loss: [3.722216   1.6217651  1.1537641  0.09466868]]
Epoch: 162/200, [Dx loss: [-0.13544767  1.4651899  -1.6241394   0.00235017]] [Dz loss: [ 0.71582824  1.5071424  -1.1626657   0.03713517]] [G loss: [3.8216286  1.645528   1.2601559  0.09159448]]
Epoch: 163/200, [Dx loss: [-0.14868027  1.4897743  -1.6664028   0.00279482]] [Dz loss: [ 0.5848819   1.486007   -1.2397455   0.03386206]] [G loss: [3.798295   1.678405   1.2844799  0.08354099]]
Epoch: 164/200, [Dx loss: [-0.17582661  1.5124923  -1.7120851   0.0023766 ]] [Dz loss: [ 0.54938924  1.4764593  -1.242477    0.03154071]] [G loss: [3.9178035  1.7350662  1.2795818  0.09031554]]
Epoch: 165/200, [Dx loss: [-0.17931561  1.5057578  -1.7064841   0.00214106]] [Dz loss: [ 0.5619426   1.4080591  -1.1627944   0.03166778]] [G loss: [3.8124228  1.703399   1.1982852  0.09107388]]
Epoch: 166/200, [Dx loss: [-0.12044686  1.4723406  -1.6131728   0.00203854]] [Dz loss: [ 0.68357563  1.359689   -0.99429035  0.0318177 ]] [G lo/home/top/.pyenv/versions/3.7.12/lib/python3.7/site-packages/keras/engine/training.py:297: UserWarning: Discrepancy between trainable weights and collected trainable weights, did you set `model.trainable` without calling `model.compile`/home/top/.pyenv/versions/3.7.12/lib/python3.7/site-packages/keras/engine/training.py:297: UserWarning: Discrepancy between trainable weights and collected trainable weights, did you set `model.trainable` without calling `model.compile` after ?
  'Discrepancy between trainable weights and collected trainable'
/home/top/.pyenv/versions/3.7.12/lib/python3.7/site-packages/keras/engine/training.py:297: UserWarning: Discrepancy between trainable weights and collected trainable weights, did you set `model.trainable` without calling `model.compile` after ?
  'Discrepancy between trainable weights and collected trainable'
/home/top/.pyenv/versions/3.7.12/lib/python3.7/site-packages/keras/engine/training.py:297: UserWarning: Discrepancy between trainable weights and collected trainable weights, did you set `model.trainable` without calling `model.compile` after ?
  'Discrepancy between trainable weights and collected trainable'

Epoch: 168/200, [Dx loss: [-0.10502986  1.3842999  -1.5127372   0.00234075]] [Dz loss: [ 0.9283312   1.2513121  -0.6673652   0.03443842]] [G loss: [3.0440645  1.5202483  0.6766591  0.08471571]]
Epoch: 169/200, [Dx loss: [-0.10883614  1.3877479  -1.5158675   0.00192835]] [Dz loss: [ 0.9578475   1.174582   -0.55724424  0.03405098]] [G loss: [2.9287415  1.5327183  0.5583006  0.08377226]]
Epoch: 170/200, [Dx loss: [-0.11055586  1.4160134  -1.5460634   0.00194942]] [Dz loss: [ 1.0775157   1.1701777  -0.44650435  0.03538425]] [G loss: [2.937663   1.5627599  0.49601537 0.08788879]]
Epoch: 171/200, [Dx loss: [-0.11131348  1.4399369  -1.5689499   0.00176995]] [Dz loss: [ 1.1330878   1.1227338  -0.33723825  0.03475922]] [G loss: [2.7960603  1.5882874  0.38961563 0.08181573]]
Epoch: 172/200, [Dx loss: [-0.0982587   1.4663905  -1.5806566   0.00160072]] [Dz loss: [ 1.2125394   1.0898064  -0.2297503   0.03524834]] [G loss: [2.6283767  1.589752   0.25699162 0.07816331]]
Epoch: 173/200, [Dx loss: [-0.08379356  1.4635723  -1.5663328   0.0018967 ]] [Dz loss: [ 1.3082412   1.0750563  -0.13074058  0.03639257]] [G loss: [2.5625725  1.574969   0.16336378 0.08242397]]
Epoch: 174/200, [Dx loss: [-0.08721526  1.4434673  -1.5516243   0.00209419]] [Dz loss: [ 1.3638757   1.036514   -0.0448466   0.03722083]] [G loss: [2.4349792  1.5694267  0.07570562 0.07898469]]
Epoch: 175/200, [Dx loss: [-0.08387405  1.4343894  -1.5406297   0.00223664]] [Dz loss: [ 1.3798727   1.0034353  -0.00689955  0.03833371]] [G loss: [2.4312115  1.5456802  0.04342213 0.0842109 ]]
Epoch: 176/200, [Dx loss: [-0.08881476  1.4144466  -1.5244119   0.00211505]] [Dz loss: [ 1.3834376   1.0031474  -0.02040591  0.04006962]] [G loss: [2.4192371  1.5246941  0.09069712 0.08038461]]
Epoch: 177/200, [Dx loss: [-0.09125016  1.3853071  -1.4957886   0.00192311]] [Dz loss: [ 1.2681754   0.9679319  -0.09422705  0.03944705]] [G loss: [2.4964309  1.50016    0.16194865 0.08343221]]
Epoch: 178/200, [Dx loss: [-0.08967665  1.3976358  -1.506644    0.00193317]] [Dz loss: [ 1.1400696   0.95676357 -0.20016596  0.03834719]] [G loss: [2.6889372  1.532726   0.28929514 0.0866916 ]]
Epoch: 179/200, [Dx loss: [-0.0890853   1.4247711  -1.5405943   0.00267376]] [Dz loss: [ 0.991165    0.95306766 -0.32001907  0.03581163]] [G loss: [2.794973   1.5470047  0.4028487  0.08451194]]
Epoch: 180/200, [Dx loss: [-0.09927249  1.4214203  -1.5426534   0.00219608]] [Dz loss: [ 0.86333275  0.9396876  -0.41615123  0.03397964]] [G loss: [2.9011717  1.546108   0.5194472  0.08356163]]
Epoch: 181/200, [Dx loss: [-0.09755321  1.422433   -1.5372908   0.00173045]] [Dz loss: [ 0.7109296   0.8689078  -0.4955206   0.03375424]] [G loss: [2.9716144  1.5516129  0.59486    0.08251415]]
Epoch: 182/200, [Dx loss: [-0.08035946  1.4458934  -1.5471159   0.00208631]] [Dz loss: [ 0.6342872   0.8416131  -0.5352577   0.03279317]] [G loss: [3.0052395 1.5761464 0.6324302 0.0796663]]
Epoch: 183/200, [Dx loss: [-0.07572556  1.4641306  -1.5680252   0.00281687]] [Dz loss: [ 0.58041155  0.78289104 -0.5398124   0.03373329]] [G loss: [3.005973   1.578943   0.6388997  0.07881303]]
Epoch: 184/200, [Dx loss: [-0.08533524  1.4468807  -1.552277    0.00200612]] [Dz loss: [ 0.6220983   0.74223506 -0.48465604  0.03645193]] [G loss: [2.922511   1.5482187  0.59734154 0.07769509]]
Epoch: 185/200, [Dx loss: [-0.08618179  1.4184036  -1.5234549   0.00188694]] [Dz loss: [ 0.6674181   0.7208147  -0.4233419   0.03699454]] [G loss: [2.8584194  1.5343895  0.55133486 0.07726951]]
Epoch: 186/200, [Dx loss: [-0.08868773  1.4192715  -1.5291939   0.00212348]] [Dz loss: [ 0.6868194   0.68772745 -0.3908905   0.03899824]] [G loss: [2.8036962  1.5314751  0.5571711  0.07150501]]
Epoch: 187/200, [Dx loss: [-0.09073508  1.4275285  -1.5401573   0.00218937]] [Dz loss: [ 0.5494973   0.65043247 -0.46223468  0.03612996]] [G loss: [2.9669218  1.5587614  0.64457774 0.07635826]]
Epoch: 188/200, [Dx loss: [-0.09567355  1.4481695  -1.565563    0.00217199]] [Dz loss: [ 0.327241    0.62738895 -0.65997756  0.03598296]] [G loss: [3.2960744  1.5986211  0.87621784 0.08212352]]
Epoch: 189/200, [Dx loss: [-0.09921827  1.4836761  -1.6052109   0.00223165]] [Dz loss: [ 0.03663363  0.6287081  -0.97913074  0.03870562]] [G loss: [3.643341   1.6120174  1.2467303  0.07845933]]
Epoch: 190/200, [Dx loss: [-0.09010358  1.4786632  -1.5908431   0.00220764]] [Dz loss: [-0.34749174  0.59392756 -1.3622415   0.04208221]] [G loss: [3.9999566  1.5828025  1.6311951  0.07859591]]
Epoch: 191/200, [Dx loss: [-0.08854619  1.4514921  -1.5587044   0.00186662]] [Dz loss: [-0.70876914  0.59143907 -1.7372854   0.04370772]] [G loss: [4.3042393  1.5687292  1.9741442  0.07613659]]
Epoch: 192/200, [Dx loss: [-0.08610172  1.4285798  -1.533655    0.00189735]] [Dz loss: [-0.9754962   0.6004864  -2.024429    0.04484465]] [G loss: [4.5768433  1.5380628  2.2629704  0.07758097]]
Epoch: 193/200, [Dx loss: [-0.07925066  1.3939934  -1.4950912   0.00218472]] [Dz loss: [-1.1657181   0.57856643 -2.2081409   0.04638562]] [G loss: [4.670658   1.509933   2.3883111  0.07724137]]
Epoch: 194/200, [Dx loss: [-0.07221767  1.3911029  -1.487258    0.00239374]] [Dz loss: [-1.2400075   0.5545646  -2.2819      0.04873277]] [G loss: [4.744506   1.5060923  2.510242   0.07281716]]
Epoch: 195/200, [Dx loss: [-0.07029702  1.3806826  -1.47029     0.00193104]] [Dz loss: [-1.3030593   0.53166825 -2.318934    0.04842062]] [G loss: [4.7116656  1.4666681  2.4849997  0.07599977]]
Epoch: 196/200, [Dx loss: [-7.4840121e-02  1.3834808e+00 -1.4728912e+00  1.4570567e-03]] [Dz loss: [-1.3835444   0.44357175 -2.3138995   0.04867832]] [G loss: [4.7606544  1.490192   2.524806   0.07456563]]
Epoch: 197/200, [Dx loss: [-0.078775    1.4026088  -1.4977572   0.00163733]] [Dz loss: [-1.3336929   0.4412659  -2.274966    0.05000075]] [G loss: [4.702429   1.5123644  2.4217422  0.07683225]]
Epoch: 198/200, [Dx loss: [-0.08235624  1.4226708  -1.5252466   0.00202196]] [Dz loss: [-1.2448366   0.3821564  -2.1512094   0.05242164]] [G loss: [4.5261965 1.5184913 2.270535  0.073717 ]]
Epoch: 199/200, [Dx loss: [-0.08280828  1.4024131  -1.5050303   0.0019809 ]] [Dz loss: [-1.0517275   0.3142629  -1.8988278   0.05328373]] [G loss: [4.1660395 1.5028651 1.9869537 0.0676221]]
Epoch: 200/200, [Dx loss: [-0.07791483  1.3704797  -1.4646833   0.00162888]] [Dz loss: [-0.77526814  0.28149092 -1.5310651   0.0474306 ]] [G loss: [3.7597587  1.4584715  1.597416   0.07038711]]
(7350, 100, 51)
