nohup: ignoring input
Using TensorFlow backend.
WARNING:tensorflow:From /home/top/.pyenv/versions/3.7.12/lib/python3.7/site-packages/tensorflow_core/python/ops/resource_variable_ops.py:1630: calling BaseResourceVariable.__init__ (from tensorflow.python.ops.resource_variable_ops) with constraint is deprecated and will be removed in a future version.
Instructions for updating:
If using Keras pass *_constraint arguments to layers.
/home/top/.pyenv/versions/3.7.12/lib/python3.7/site-packages/keras/engine/training.py:297: UserWarning: Discrepancy between trainable weights and collected trainable weights, did you set `model.trainable` without calling `model.compile` after ?
  'Discrepancy between trainable weights and collected trainable'
WARNING:tensorflow:From /home/top/.pyenv/versions/3.7.12/lib/python3.7/site-packages/tensorflow_core/python/ops/math_grad.py:1424: where (from tensorflow.python.ops.array_ops) is deprecated and will be removed in a future version.
Instructions for updating:
Use tf.where in 2.0, which has the same broadcast rule as np.where
2021-11-12 12:55:16.368129: I tensorflow/core/platform/cpu_feature_guard.cc:142] Your CPU supports instructions that this TensorFlow binary was not compiled to use: AVX2 FMA
2021-11-12 12:55:16.404080: I tensorflow/core/platform/profile_utils/cpu_utils.cc:94] CPU Frequency: 1996035000 Hz
2021-11-12 12:55:16.409713: I tensorflow/compiler/xla/service/service.cc:168] XLA service 0x11868c00 initialized for platform Host (this does not guarantee that XLA will be used). Devices:
2021-11-12 12:55:16.409836: I tensorflow/compiler/xla/service/service.cc:176]   StreamExecutor device (0): Host, Default Version
WARNING:tensorflow:From /home/top/.pyenv/versions/3.7.12/lib/python3.7/site-packages/keras/backend/tensorflow_backend.py:422: The name tf.global_variables is deprecated. Please use tf.compat.v1.global_variables instead.

2021-11-12 12:57:49.830862: E tensorflow/core/grappler/optimizers/dependency_optimizer.cc:697] Iteration = 0, topological sort failed with message: The graph couldn't be sorted in topological order.
2021-11-12 12:57:49.881372: E tensorflow/core/grappler/optimizers/dependency_optimizer.cc:697] Iteration = 1, topological sort failed with message: The graph couldn't be sorted in topological order.
2021-11-12 12:57:50.010240: E tensorflow/core/grappler/optimizers/meta_optimizer.cc:533] model_pruner failed: Invalid argument: MutableGraphView::MutableGraphView error: node 'loss_2/model_2_loss/mean_squared_error/weighted_loss/concat' has self cycle fanin 'loss_2/model_2_loss/mean_squared_error/weighted_loss/concat'.
2021-11-12 12:57:50.339417: E tensorflow/core/grappler/optimizers/meta_optimizer.cc:533] remapper failed: Invalid argument: MutableGraphView::MutableGraphView error: node 'loss_2/model_2_loss/mean_squared_error/weighted_loss/concat' has self cycle fanin 'loss_2/model_2_loss/mean_squared_error/weighted_loss/concat'.
2021-11-12 12:57:50.441326: E tensorflow/core/grappler/optimizers/meta_optimizer.cc:533] arithmetic_optimizer failed: Invalid argument: The graph couldn't be sorted in topological order.
2021-11-12 12:57:50.487157: E tensorflow/core/grappler/optimizers/dependency_optimizer.cc:697] Iteration = 0, topological sort failed with message: The graph couldn't be sorted in topological order.
2021-11-12 12:57:50.537719: E tensorflow/core/grappler/optimizers/dependency_optimizer.cc:697] Iteration = 1, topological sort failed with message: The graph couldn't be sorted in topological order.
Epoch: 1/200, [Dx loss: [ 2.9154606   0.18163529 -0.3174331   0.3051258 ]] [Dz loss: [-26.87579     2.963399  -45.0709      1.5231727]] [G loss: [57.522427    0.33867493 54.202343    0.29814133]]
Epoch: 2/200, [Dx loss: [-0.11026379  0.07870477 -0.21633254  0.0027364 ]] [Dz loss: [ 1.8775183   2.22884    -0.82535917  0.04740376]] [G loss: [2.1339114  0.21645443 0.85492635 0.10625304]]
Epoch: 3/200, [Dx loss: [ 1.4414370e+05 -3.6538479e-01  2.3154639e-02  1.4414403e+04]] [Dz loss: [ 0.11350559  1.0466841  -1.2420264   0.03088474]] [G loss: [-1.0464783  -4.0266023   1.3197716   0.16603522]]
Epoch: 4/200, [Dx loss: [3279.1572    -19.628954   19.79824   327.89868 ]] [Dz loss: [-1.3839194  -1.1595143  -0.6133133   0.03889072]] [G loss: [-14.207608   -19.873203     0.68995076   0.49756435]]
Epoch: 5/200, [Dx loss: [1268.477     -16.828876   16.928082  126.83762 ]] [Dz loss: [-2.1713324  -2.7360678   0.14671144  0.04180262]] [G loss: [-11.788965   -16.916382    -0.07469727   0.5202115 ]]
Epoch: 6/200, [Dx loss: [556.5345   -14.914662  14.980327  55.646885]] [Dz loss: [-2.0392413  -3.3202355   0.90700024  0.03739925]] [G loss: [-12.57981   -14.961556   -0.8564127   0.3238158]]
Epoch: 7/200, [Dx loss: [247.29974  -10.621259  10.621654  24.729952]] [Dz loss: [-2.3179786  -3.1603918   0.4398686   0.04025437]] [G loss: [ -9.784981   -10.589999    -0.4011955    0.12062117]]
Epoch: 8/200, [Dx loss: [150.52219   -6.904364   6.906452  15.052005]] [Dz loss: [-2.4576585  -3.0341358   0.12996724  0.04465109]] [G loss: [-6.1134334  -6.884461   -0.06566834  0.08366941]]
Epoch: 9/200, [Dx loss: [135.94846   -4.682686   4.69693   13.593416]] [Dz loss: [-2.2227366  -3.3090456   0.71387106  0.03724398]] [G loss: [-4.5338697  -4.6765957  -0.65425557  0.07969811]]
Epoch: 10/200, [Dx loss: [138.47165    -3.9480875   3.9536545  13.846605 ]] [Dz loss: [-2.3594744  -3.4645753   0.7568448   0.03482575]] [G loss: [-3.9432685  -3.9575346  -0.7401015   0.07543683]]
Epoch: 11/200, [Dx loss: [67.99411   -4.100934   4.1043334  6.7990694]] [Dz loss: [-2.425627   -3.0323946   0.25716323  0.03496047]] [G loss: [-3.6474802  -4.106637   -0.22789834  0.06870553]]
Epoch: 12/200, [Dx loss: [105.04362    -4.5508633   4.555432   10.503908 ]] [Dz loss: [-2.3106408  -2.7993762   0.10592645  0.03828093]] [G loss: [-3.7196975  -4.5543337  -0.03695057  0.08715871]]
Epoch: 13/200, [Dx loss: [77.762474 -4.357689  4.345531  7.777463]] [Dz loss: [-2.5052614  -3.0078645   0.13275595  0.03698475]] [G loss: [-3.772778   -4.343484   -0.10200554  0.06727126]]
Epoch: 14/200, [Dx loss: [50.61915   -3.8963683  3.8834414  5.0632033]] [Dz loss: [-2.585298   -2.863368   -0.09949438  0.03775636]] [G loss: [-2.637691   -3.8783762   0.12709284  0.11135941]]
Epoch: 15/200, [Dx loss: [25.01231   -3.3070176  3.2828496  2.5036478]] [Dz loss: [-2.804562   -3.140432   -0.05818037  0.03940505]] [G loss: [-2.4155977  -3.279661    0.06976739  0.07942966]]
Epoch: 16/200, [Dx loss: [11.450927  -2.652269   2.6400876  1.1463106]] [Dz loss: [-2.6401544  -3.2935443   0.27148023  0.03819101]] [G loss: [-2.2089946  -2.6366382  -0.24105388  0.06686966]]
Epoch: 17/200, [Dx loss: [ 3.9008443 -2.1907377  2.1849747  0.3906607]] [Dz loss: [-2.6249402  -2.6834846  -0.3175965   0.03761413]] [G loss: [-1.3450071  -2.182517    0.33168593  0.05058241]]
Epoch: 18/200, [Dx loss: [ 6.6663866  -1.819539    1.8060768   0.66798466]] [Dz loss: [-2.5871089  -2.0552797  -0.91046214  0.03786324]] [G loss: [-0.41783163 -1.8029019   0.93386585  0.04512047]]
Epoch: 19/200, [Dx loss: [ 9.980829   -0.7847695   0.77329165  0.99922985]] [Dz loss: [-2.5509582 -1.7105454 -1.2216377  0.0381225]] [G loss: [ 0.90527666 -0.7584634   1.2479849   0.04157554]]
Epoch: 20/200, [Dx loss: [10.153961    0.70660394 -0.7122983   1.0159651 ]] [Dz loss: [-2.312951   -1.686975   -1.0173279   0.03913525]] [G loss: [2.1761851  0.7196525  1.0758884  0.03806442]]
Epoch: 21/200, [Dx loss: [ 4.8077626   1.4486434  -1.4575071   0.48166272]] [Dz loss: [-2.2438235  -2.5130188  -0.08350608  0.03526993]] [G loss: [1.9229436  1.4625263  0.12567146 0.03347459]]
Epoch: 22/200, [Dx loss: [ 3.6093826  1.4642807 -1.470752   0.3615851]] [Dz loss: [-2.140935   -2.0631292  -0.43830898  0.03605017]] [G loss: [2.2721965 1.4671413 0.4763514 0.0328704]]
Epoch: 23/200, [Dx loss: [ 1.5963336   1.0560228  -1.063501    0.16038129]] [Dz loss: [-2.272307   -1.9931473  -0.64270097  0.03635409]] [G loss: [2.0387456  1.0608937  0.6717606  0.03060912]]
Epoch: 24/200, [Dx loss: [ 1.4769764   0.910329   -0.91916174  0.14858072]] [Dz loss: [-2.2192037  -2.2475364  -0.32988548  0.03582183]] [G loss: [1.5727543  0.9209269  0.3564945  0.02953331]]
Epoch: 25/200, [Dx loss: [ 1.2958826   0.8797261  -0.88857067  0.13047266]] [Dz loss: [-2.1041324  -2.3522017  -0.1142318   0.03623013]] [G loss: [1.3482406  0.885846   0.1709369  0.02914581]]
Epoch: 26/200, [Dx loss: [ 1.3270292   0.8220462  -0.8309579   0.13359404]] [Dz loss: [-2.0416274  -1.6801121  -0.71260285  0.03510887]] [G loss: [1.855752   0.8309067  0.74808556 0.02767597]]
Epoch: 27/200, [Dx loss: [ 0.18363003  0.6484765  -0.67000735  0.02051605]] [Dz loss: [-1.9492303  -1.8341612  -0.47596598  0.03608975]] [G loss: [1.4499062  0.6689536  0.5073993  0.02735535]]
Epoch: 28/200, [Dx loss: [ 0.2415518   0.7438566  -0.76294893  0.02606443]] [Dz loss: [-1.9641279  -0.27406317 -2.0421534   0.03520885]] [G loss: [3.1238463  0.7645344  2.0949676  0.02643447]]
Epoch: 29/200, [Dx loss: [ 0.20520258  0.78135157 -0.79824793  0.02220989]] [Dz loss: [-1.9176683  -0.9440672  -1.3158596   0.03422586]] [G loss: [2.4037213  0.80067056 1.3360171  0.02670338]]
Epoch: 30/200, [Dx loss: [ 0.18884604  1.0369269  -1.0520627   0.02039819]] [Dz loss: [-1.8198459  -1.232455   -0.9461201   0.03587292]] [G loss: [2.2872462  1.0541059  0.9767847  0.02563555]]
Epoch: 31/200, [Dx loss: [ 0.11357226  1.2277313  -1.2423062   0.01281476]] [Dz loss: [-1.7496878  -0.91676223 -1.164753    0.03318281]] [G loss: [2.7207017  1.2428136  1.2299076  0.02479805]]
Epoch: 32/200, [Dx loss: [ 0.08953686  1.2844878  -1.2990241   0.01040732]] [Dz loss: [-1.7310057  -1.2475827  -0.8108545   0.03274312]] [G loss: [2.4060588  1.2998519  0.85145026 0.02547569]]
Epoch: 33/200, [Dx loss: [ 0.05135433  1.1044776  -1.1211474   0.00680238]] [Dz loss: [-1.7201846  -0.7905334  -1.2613358   0.03316848]] [G loss: [2.691035   1.1209141  1.316778   0.02533425]]
Epoch: 34/200, [Dx loss: [ 0.0673154   0.94582224 -0.9611618   0.00826544]] [Dz loss: [-1.5888016   0.10217816 -2.0126884   0.03217079]] [G loss: [3.2617662  0.96059126 2.052387   0.02487868]]
Epoch: 35/200, [Dx loss: [ 0.04087422  0.8253254  -0.84001034  0.00555592]] [Dz loss: [-1.6859831  -0.8923481  -1.1170439   0.03234082]] [G loss: [2.2435522  0.8398599  1.1522862  0.02514059]]
Epoch: 36/200, [Dx loss: [ 0.10749295  0.58500093 -0.5969778   0.01194696]] [Dz loss: [-1.5820297  -0.53557265 -1.3676307   0.03211732]] [G loss: [2.2541203  0.5892579  1.4257824  0.02390802]]
Epoch: 37/200, [Dx loss: [ 2.2842806e+05  2.2700569e-01 -8.5523587e-01  2.2842865e+04]] [Dz loss: [-1.5341226 -0.2505666 -1.6045628  0.0321006]] [G loss: [14.853426  -0.8103459  1.6467967  1.4016976]]
Epoch: 38/200, [Dx loss: [1528.4656      -2.6206703    2.4635897  152.86226  ]] [Dz loss: [-1.5758083  -1.1138928  -0.77880913  0.03168942]] [G loss: [18.728962  -2.4416604  0.8209052  2.0349722]]
Epoch: 39/200, [Dx loss: [1177.4719      -2.2751532    2.1729589  117.75748  ]] [Dz loss: [-1.506662   -0.9424581  -0.8999126   0.03357096]] [G loss: [18.660736  -2.1871438  0.948089   1.9899791]]
Epoch: 40/200, [Dx loss: [742.3049     -3.5691533   3.5192115  74.2355   ]] [Dz loss: [-1.4687146   0.01617735 -1.7924645   0.03075732]] [G loss: [18.130798  -3.5277958  1.8348836  1.9823705]]
Epoch: 41/200, [Dx loss: [432.11502    -2.6880593   2.625357   43.217766 ]] [Dz loss: [-1.509749    0.42898336 -2.2626696   0.03239379]] [G loss: [19.305737  -2.6191132  2.3054314  1.961942 ]]
Epoch: 42/200, [Dx loss: [289.20703    -1.6495111   1.521629   28.933481 ]] [Dz loss: [-1.5228527  -0.29210705 -1.5568159   0.03260719]] [G loss: [19.499954  -1.5170794  1.6059291  1.9411095]]
Epoch: 43/200, [Dx loss: [218.01646    -1.633044    1.4890761  21.816055 ]] [Dz loss: [-1.4668317  -0.8483688  -0.9467065   0.03282445]] [G loss: [18.848421  -1.4865254  1.0064092  1.9328536]]
Epoch: 44/200, [Dx loss: [155.74852    -1.7413737   1.5740174  15.591582 ]] [Dz loss: [-1.3768337  -0.27336356 -1.4044268   0.0300957 ]] [G loss: [18.860846  -1.5736314  1.4579815  1.8976492]]
Epoch: 45/200, [Dx loss: [110.90619    -1.8756316   1.7249972  11.10568  ]] [Dz loss: [-1.3805487  -0.12913676 -1.5617837   0.03103707]] [G loss: [18.313965  -1.7304729  1.619429   1.8425003]]
Epoch: 46/200, [Dx loss: [264.30408    -3.4908657   3.5172598  26.42778  ]] [Dz loss: [-1.5023035  -0.08494092 -1.7413851   0.03240223]] [G loss: [ 1.2499591 -3.5458865  1.7838899  0.3011955]]
Epoch: 47/200, [Dx loss: [183.00496    -5.4487596   5.443814   18.300985 ]] [Dz loss: [-1.3923248   0.5191603  -2.2170668   0.03055816]] [G loss: [-1.8102764  -5.4781966   2.261126    0.14067933]]
Epoch: 48/200, [Dx loss: [113.738235  -9.542889   9.53383   11.374728]] [Dz loss: [-1.3888468  -0.5597798  -1.1504499   0.03213822]] [G loss: [-7.152269   -9.546647    1.1778967   0.12164812]]
Epoch: 49/200, [Dx loss: [ 65.855255  -10.792849   10.788348    6.5859747]] [Dz loss: [-1.4456272  -0.48124743 -1.278032    0.03136513]] [G loss: [ -8.368338   -10.789817     1.3393676    0.10821155]]
Epoch: 50/200, [Dx loss: [ 45.7009    -11.10412    11.10269     4.5702367]] [Dz loss: [-1.439552   -0.06156535 -1.7090944   0.03311083]] [G loss: [ -8.37051    -11.102496     1.7275589    0.10044289]]
Epoch: 51/200, [Dx loss: [ 36.67183   -11.045187   11.04584     3.6671162]] [Dz loss: [-1.3821603   0.24434654 -1.9473704   0.0320865 ]] [G loss: [ -8.131865  -11.043596    1.9971272   0.0914603]]
Epoch: 52/200, [Dx loss: [ 29.661007 -10.635711  10.635533   2.966117]] [Dz loss: [-1.2823632  -1.4254358  -0.15987295  0.03029464]] [G loss: [ -9.5506735  -10.632533     0.20160522   0.0880253 ]]
Epoch: 53/200, [Dx loss: [ 20.793678  -10.315108   10.316274    2.0792513]] [Dz loss: [-1.3820497  -0.22035117 -1.4574475   0.02957492]] [G loss: [ -7.9461193  -10.314638     1.5236908    0.08448278]]
Epoch: 54/200, [Dx loss: [11.5281925 -9.623377   9.620855   1.1530713]] [Dz loss: [-1.390518    1.2349768  -2.9263976   0.03009023]] [G loss: [-5.839592   -9.615431    2.9735212   0.08023159]]
Epoch: 55/200, [Dx loss: [ 6.361272   -8.627371    8.624839    0.63638157]] [Dz loss: [-1.3198091  -0.60683763 -1.0174963   0.03045244]] [G loss: [-6.792598   -8.615659    1.0335778   0.07894813]]
Epoch: 56/200, [Dx loss: [ 3.7605588  -7.3453283   7.3390613   0.37668246]] [Dz loss: [-1.3230411  -0.5950682  -1.0379826   0.03100103]] [G loss: [-5.4385476  -7.3316007   1.1088017   0.07842503]]
Epoch: 57/200, [Dx loss: [ 2.2324667  -6.0688233   6.0647774   0.22365128]] [Dz loss: [-1.31806    -0.460925   -1.1509604   0.02938259]] [G loss: [-4.0834413  -6.056734    1.1967257   0.07765669]]
Epoch: 58/200, [Dx loss: [ 1.3585116  -4.4957094   4.489366    0.13648543]] [Dz loss: [-1.2134509   0.63382316 -2.1350503   0.02877765]] [G loss: [-1.5147521  -4.476088    2.1977267   0.07636092]]
Epoch: 59/200, [Dx loss: [ 6.158773  -2.014804   2.01204    0.6161537]] [Dz loss: [-1.2955015  -0.8847297  -0.69775504  0.02869839]] [G loss: [-0.50047606 -1.9935586   0.72341657  0.07696663]]
Epoch: 60/200, [Dx loss: [ 1.323453   -1.0377481   1.0302455   0.13309546]] [Dz loss: [-1.1663936  -1.3222489  -0.15950385  0.03153592]] [G loss: [-0.08029976 -1.0319537   0.20547391  0.074618  ]]
Epoch: 61/200, [Dx loss: [ 0.32727093 -1.5348665   1.525029    0.03371092]] [Dz loss: [-1.2082795  -0.47678906 -1.0421338   0.03106421]] [G loss: [ 0.32366306 -1.5280178   1.1060623   0.07456183]]
Epoch: 62/200, [Dx loss: [ 0.15819302 -2.177527    2.1587424   0.01769781]] [Dz loss: [-1.2801404   0.45877528 -2.0515862   0.03126706]] [G loss: [ 0.6491831  -2.1662245   2.0768151   0.07385922]]
Epoch: 63/200, [Dx loss: [ 0.15884799 -3.0620272   3.0427268   0.017815  ]] [Dz loss: [-1.2304614  -0.9759347  -0.5558146   0.03012875]] [G loss: [-1.7296079  -3.043993    0.6067356   0.07076494]]
Epoch: 64/200, [Dx loss: [ 0.05191047 -3.4057622   3.3729434   0.00847315]] [Dz loss: [-1.2068872  -0.18513112 -1.3144099   0.02926537]] [G loss: [-1.3077075  -3.3792224   1.3680718   0.07034431]]
Epoch: 65/200, [Dx loss: [ 0.14004005 -3.4369202   3.412231    0.01647276]] [Dz loss: [-1.217705    0.5796472  -2.0981998   0.03008475]] [G loss: [-0.55658954 -3.4020312   2.1357374   0.07097023]]
Epoch: 66/200, [Dx loss: [ 0.08507384 -1.7498925   1.7175113   0.01174537]] [Dz loss: [-1.1543063   1.1581177  -2.6100729   0.02976482]] [G loss: [ 1.6792588  -1.7065868   2.677949    0.07078967]]
Epoch: 67/200, [Dx loss: [ 0.03096703 -0.4020918   0.36002302  0.00730359]] [Dz loss: [-1.1470215   0.54990125 -2.0130756   0.03161534]] [G loss: [ 2.3844314  -0.35128215  2.02559     0.07101239]]
Epoch: 68/200, [Dx loss: [-0.00095423  0.7147922  -0.7741446   0.0058398 ]] [Dz loss: [-1.2001758  -1.3964756  -0.10060636  0.02969049]] [G loss: [1.6569086  0.7836679  0.16371709 0.07095241]]
Epoch: 69/200, [Dx loss: [-0.0102076   1.4372346  -1.5004399   0.00529989]] [Dz loss: [-1.1890566  -0.13489985 -1.3845992   0.0330443 ]] [G loss: [3.6877897  1.5021002  1.4933594  0.06923299]]
Epoch: 70/200, [Dx loss: [-0.04440513  1.0669101  -1.1493719   0.00380568]] [Dz loss: [-1.0757071   0.6578353  -2.0076027   0.02740603]] [G loss: [3.879425   1.142311   2.0456512  0.06914625]]
Epoch: 71/200, [Dx loss: [-0.03723541  0.28939113 -0.36430812  0.00376819]] [Dz loss: [-1.1498682   1.3111461  -2.7585769   0.02975631]] [G loss: [3.8389096  0.36182028 2.7897444  0.06873454]]
Epoch: 72/200, [Dx loss: [-0.06591063  0.55796903 -0.6488688   0.00249891]] [Dz loss: [-1.2646447   1.793581   -3.3857188   0.03274952]] [G loss: [4.7757683  0.651427   3.422524   0.07018177]]
Epoch: 73/200, [Dx loss: [-0.08297011  0.74464995 -0.84920067  0.00215805]] [Dz loss: [-1.2064822   0.05580751 -1.5662533   0.03039641]] [G loss: [3.1713307  0.8492886  1.6249564  0.06970856]]
Epoch: 74/200, [Dx loss: [-0.08559617  0.90612423 -1.0116967   0.00199758]] [Dz loss: [-1.2141055   2.4785979  -3.984616    0.02919145]] [G loss: [5.744696   1.0123833  4.0408425  0.06914703]]
Epoch: 75/200, [Dx loss: [ 3.9927878e+05 -2.2941945e+00  3.1748230e+00  3.9927793e+04]] [Dz loss: [-1.3005888   0.39465368 -2.0053418   0.03100991]] [G loss: [9.051513   4.2252007  2.0268729  0.27994394]]
Epoch: 76/200, [Dx loss: [ 2.5191772e+03  2.2312837e+00 -2.2757277e+00  2.5192221e+02]] [Dz loss: [-1.1238698   2.5032234  -3.9398558   0.03127616]] [G loss: [13.404155   2.2880127  3.9844272  0.7131716]]
Epoch: 77/200, [Dx loss: [1765.4104       3.9694397   -3.9545403  176.53964  ]] [Dz loss: [-1.0686094   0.60030866 -1.9435624   0.02746441]] [G loss: [12.855353   3.9859998  1.9758505  0.68935  ]]
Epoch: 78/200, [Dx loss: [2799.7002       7.733322    -7.6973453  279.96637  ]] [Dz loss: [-1.225756    1.0861048  -2.6079924   0.02961316]] [G loss: [17.086582   7.7200274  2.6674056  0.6699141]]
Epoch: 79/200, [Dx loss: [1779.7177       6.4543734   -6.434026   177.96977  ]] [Dz loss: [-1.1667997  0.9545527 -2.416537   0.0295184]] [G loss: [15.394795   6.402038   2.4328783  0.6559877]]
Epoch: 80/200, [Dx loss: [1045.8398       4.0270467   -4.107497   104.59203  ]] [Dz loss: [-1.1832062   1.1899123  -2.6910446   0.03179248]] [G loss: [13.368238   4.110192   2.741789   0.6516257]]
Epoch: 81/200, [Dx loss: [715.4812      2.0696945  -2.1167517  71.55286  ]] [Dz loss: [-1.2701558   0.5597396  -2.143432    0.03135363]] [G loss: [10.806985    2.0950575   2.197449    0.65144783]]
Epoch: 82/200, [Dx loss: [ 5.1910712e+02 -3.9468524e-01  3.6903489e-01  5.1913269e+01]] [Dz loss: [-1.1606025   1.1490892  -2.6139882   0.03042952]] [G loss: [ 8.720107   -0.36900178  2.6331332   0.6455978 ]]
Epoch: 83/200, [Dx loss: [ 3.7835052e+02 -1.1944249e-01  9.0431258e-02  3.7837967e+01]] [Dz loss: [-1.2060148  -0.7458661  -0.7425541   0.02824065]] [G loss: [ 7.1771355  -0.08756261  0.80923796  0.645546  ]]
Epoch: 84/200, [Dx loss: [275.51895      0.53205603  -0.5537924   27.554064  ]] [Dz loss: [-1.1962519  0.8123756 -2.3137355  0.0305108]] [G loss: [9.331246   0.55253357 2.345057   0.6433656 ]]
Epoch: 85/200, [Dx loss: [248.40489     1.3882787  -1.4229143  24.843958 ]] [Dz loss: [-1.15484     0.587555   -2.0343919   0.02919955]] [G loss: [9.920134  1.4256016 2.0572822 0.6437249]]