nohup: ignoring input
WARNING:tensorflow:From /home/top/.pyenv/versions/3.7.12/lib/python3.7/site-packages/tensorflow_core/python/ops/resource_variable_ops.py:1630: calling BaseResourceVariable.__init__ (from tensorflow.python.ops.resource_variable_ops) with constraint is deprecated and will be removed in a future version.
Instructions for updating:
If using Keras pass *_constraint arguments to layers.
2021-12-19 08:28:11.010206: I tensorflow/stream_executor/platform/default/dso_loader.cc:44] Successfully opened dynamic library libcuda.so.1
2021-12-19 08:28:11.045660: I tensorflow/core/common_runtime/gpu/gpu_device.cc:1618] Found device 0 with properties: 
name: TITAN X (Pascal) major: 6 minor: 1 memoryClockRate(GHz): 1.531
pciBusID: 0000:21:00.0
2021-12-19 08:28:11.046731: I tensorflow/core/common_runtime/gpu/gpu_device.cc:1618] Found device 1 with properties: 
name: GeForce GTX TITAN X major: 5 minor: 2 memoryClockRate(GHz): 1.076
pciBusID: 0000:41:00.0
2021-12-19 08:28:11.046940: I tensorflow/stream_executor/platform/default/dso_loader.cc:44] Successfully opened dynamic library libcudart.so.10.0
2021-12-19 08:28:11.047933: I tensorflow/stream_executor/platform/default/dso_loader.cc:44] Successfully opened dynamic library libcublas.so.10.0
2021-12-19 08:28:11.048892: I tensorflow/stream_executor/platform/default/dso_loader.cc:44] Successfully opened dynamic library libcufft.so.10.0
2021-12-19 08:28:11.049122: I tensorflow/stream_executor/platform/default/dso_loader.cc:44] Successfully opened dynamic library libcurand.so.10.0
2021-12-19 08:28:11.050157: I tensorflow/stream_executor/platform/default/dso_loader.cc:44] Successfully opened dynamic library libcusolver.so.10.0
2021-12-19 08:28:11.050978: I tensorflow/stream_executor/platform/default/dso_loader.cc:44] Successfully opened dynamic library libcusparse.so.10.0
2021-12-19 08:28:11.053528: I tensorflow/stream_executor/platform/default/dso_loader.cc:44] Successfully opened dynamic library libcudnn.so.7
2021-12-19 08:28:11.057114: I tensorflow/core/common_runtime/gpu/gpu_device.cc:1746] Adding visible gpu devices: 0, 1
2021-12-19 08:28:11.057542: I tensorflow/core/platform/cpu_feature_guard.cc:142] Your CPU supports instructions that this TensorFlow binary was not compiled to use: AVX2 FMA
2021-12-19 08:28:11.068352: I tensorflow/core/platform/profile_utils/cpu_utils.cc:94] CPU Frequency: 1995975000 Hz
2021-12-19 08:28:11.072860: I tensorflow/compiler/xla/service/service.cc:168] XLA service 0xc349a70 initialized for platform Host (this does not guarantee that XLA will be used). Devices:
2021-12-19 08:28:11.072928: I tensorflow/compiler/xla/service/service.cc:176]   StreamExecutor device (0): Host, Default Version
2021-12-19 08:28:11.193912: I tensorflow/compiler/xla/service/service.cc:168] XLA service 0xf406810 initialized for platform CUDA (this does not guarantee that XLA will be used). Devices:
2021-12-19 08:28:11.193983: I tensorflow/compiler/xla/service/service.cc:176]   StreamExecutor device (0): TITAN X (Pascal), Compute Capability 6.1
2021-12-19 08:28:11.193997: I tensorflow/compiler/xla/service/service.cc:176]   StreamExecutor device (1): GeForce GTX TITAN X, Compute Capability 5.2
2021-12-19 08:28:11.195304: I tensorflow/core/common_runtime/gpu/gpu_device.cc:1618] Found device 0 with properties: 
name: TITAN X (Pascal) major: 6 minor: 1 memoryClockRate(GHz): 1.531
pciBusID: 0000:21:00.0
2021-12-19 08:28:11.197137: I tensorflow/core/common_runtime/gpu/gpu_device.cc:1618] Found device 1 with properties: 
name: GeForce GTX TITAN X major: 5 minor: 2 memoryClockRate(GHz): 1.076
pciBusID: 0000:41:00.0
2021-12-19 08:28:11.197213: I tensorflow/stream_executor/platform/default/dso_loader.cc:44] Successfully opened dynamic library libcudart.so.10.0
2021-12-19 08:28:11.197244: I tensorflow/stream_executor/platform/default/dso_loader.cc:44] Successfully opened dynamic library libcublas.so.10.0
2021-12-19 08:28:11.197270: I tensorflow/stream_executor/platform/default/dso_loader.cc:44] Successfully opened dynamic library libcufft.so.10.0
2021-12-19 08:28:11.197296: I tensorflow/stream_executor/platform/default/dso_loader.cc:44] Successfully opened dynamic library libcurand.so.10.0
2021-12-19 08:28:11.197342: I tensorflow/stream_executor/platform/default/dso_loader.cc:44] Successfully opened dynamic library libcusolver.so.10.0
2021-12-19 08:28:11.197369: I tensorflow/stream_executor/platform/default/dso_loader.cc:44] Successfully opened dynamic library libcusparse.so.10.0
2021-12-19 08:28:11.197396: I tensorflow/stream_executor/platform/default/dso_loader.cc:44] Successfully opened dynamic library libcudnn.so.7
2021-12-19 08:28:11.202441: I tensorflow/core/common_runtime/gpu/gpu_device.cc:1746] Adding visible gpu devices: 0, 1
2021-12-19 08:28:11.202521: I tensorflow/stream_executor/platform/default/dso_loader.cc:44] Successfully opened dynamic library libcudart.so.10.0
2021-12-19 08:28:11.204757: I tensorflow/core/common_runtime/gpu/gpu_device.cc:1159] Device interconnect StreamExecutor with strength 1 edge matrix:
2021-12-19 08:28:11.204772: I tensorflow/core/common_runtime/gpu/gpu_device.cc:1165]      0 1 
2021-12-19 08:28:11.204777: I tensorflow/core/common_runtime/gpu/gpu_device.cc:1178] 0:   N N 
2021-12-19 08:28:11.204781: I tensorflow/core/common_runtime/gpu/gpu_device.cc:1178] 1:   N N 
2021-12-19 08:28:11.206365: I tensorflow/core/common_runtime/gpu/gpu_device.cc:1304] Created TensorFlow device (/job:localhost/replica:0/task:0/device:GPU:0 with 106 MB memory) -> physical GPU (device: 0, name: TITAN X (Pascal), pci bus id: 0000:21:00.0, compute capability: 6.1)
2021-12-19 08:28:11.207561: I tensorflow/core/common_runtime/gpu/gpu_device.cc:1304] Created TensorFlow device (/job:localhost/replica:0/task:0/device:GPU:1 with 11413 MB memory) -> physical GPU (device: 1, name: GeForce GTX TITAN X, pci bus id: 0000:41:00.0, compute capability: 5.2)
2021-12-19 08:28:12.030092: I tensorflow/stream_executor/platform/default/dso_loader.cc:44] Successfully opened dynamic library libcublas.so.10.0
TRAINING
Train on 318384 samples, validate on 156816 samples
Epoch 1/200
318384/318384 - 6s - loss: 0.0249 - val_loss: 0.0035
Epoch 2/200
318384/318384 - 5s - loss: 0.0028 - val_loss: 0.0019
Epoch 3/200
318384/318384 - 5s - loss: 0.0019 - val_loss: 0.0014
Epoch 4/200
318384/318384 - 5s - loss: 0.0015 - val_loss: 0.0011
Epoch 5/200
318384/318384 - 5s - loss: 0.0013 - val_loss: 0.0011
