INFO:root:Number of train datapoints is 1037
INFO:root:Number of samples in train dataset 1037
DEBUG:root:Starting training
DEBUG:root:Epoch 0
DEBUG:root:Critic training done in epoch 0
DEBUG:root:Encoder decoder training done in epoch 0
DEBUG:root:critic x loss 0.079 critic z loss 0.284 
encoder loss -0.017 decoder loss -0.204

INFO:root:Number of train datapoints is 1037
INFO:root:Number of samples in train dataset 1037
DEBUG:root:Starting training
DEBUG:root:Epoch 0
DEBUG:root:Critic training done in epoch 0
DEBUG:root:Encoder decoder training done in epoch 0
DEBUG:root:critic x loss 0.111 critic z loss 0.010 
encoder loss -0.047 decoder loss 0.071

INFO:root:Number of train datapoints is 1037
INFO:root:Number of samples in train dataset 1037
DEBUG:root:Starting training
DEBUG:root:Epoch 0
DEBUG:root:Critic training done in epoch 0
DEBUG:root:Encoder decoder training done in epoch 0
DEBUG:root:critic x loss 0.094 critic z loss 0.007 
encoder loss -0.037 decoder loss 0.062

INFO:root:Number of train datapoints is 1037
INFO:root:Number of samples in train dataset 1037
DEBUG:root:Starting training
DEBUG:root:Epoch 0
DEBUG:root:Critic training done in epoch 0
DEBUG:root:Encoder decoder training done in epoch 0
DEBUG:root:critic x loss 0.021 critic z loss 0.238 
encoder loss 0.038 decoder loss -0.163

DEBUG:root:Epoch 1
DEBUG:root:Critic training done in epoch 1
DEBUG:root:Encoder decoder training done in epoch 1
DEBUG:root:critic x loss 0.020 critic z loss 0.243 
encoder loss 0.040 decoder loss -0.165

DEBUG:root:Epoch 2
DEBUG:root:Critic training done in epoch 2
DEBUG:root:Encoder decoder training done in epoch 2
DEBUG:root:critic x loss 0.019 critic z loss 0.237 
encoder loss 0.041 decoder loss -0.156

DEBUG:root:Epoch 3
DEBUG:root:Critic training done in epoch 3
DEBUG:root:Encoder decoder training done in epoch 3
DEBUG:root:critic x loss 0.017 critic z loss 0.241 
encoder loss 0.042 decoder loss -0.175

DEBUG:root:Epoch 4
DEBUG:root:Critic training done in epoch 4
DEBUG:root:Encoder decoder training done in epoch 4
DEBUG:root:critic x loss 0.016 critic z loss 0.236 
encoder loss 0.043 decoder loss -0.163

DEBUG:root:Epoch 5
DEBUG:root:Critic training done in epoch 5
DEBUG:root:Encoder decoder training done in epoch 5
DEBUG:root:critic x loss 0.015 critic z loss 0.236 
encoder loss 0.045 decoder loss -0.165

DEBUG:root:Epoch 6
DEBUG:root:Critic training done in epoch 6
DEBUG:root:Encoder decoder training done in epoch 6
DEBUG:root:critic x loss 0.014 critic z loss 0.240 
encoder loss 0.046 decoder loss -0.160

DEBUG:root:Epoch 7
DEBUG:root:Critic training done in epoch 7
DEBUG:root:Encoder decoder training done in epoch 7
DEBUG:root:critic x loss 0.012 critic z loss 0.236 
encoder loss 0.047 decoder loss -0.165

DEBUG:root:Epoch 8
DEBUG:root:Critic training done in epoch 8
DEBUG:root:Encoder decoder training done in epoch 8
DEBUG:root:critic x loss 0.011 critic z loss 0.239 
encoder loss 0.048 decoder loss -0.159

DEBUG:root:Epoch 9
DEBUG:root:Critic training done in epoch 9
DEBUG:root:Encoder decoder training done in epoch 9
DEBUG:root:critic x loss 0.010 critic z loss 0.235 
encoder loss 0.050 decoder loss -0.155

DEBUG:root:Epoch 10
DEBUG:root:Critic training done in epoch 10
DEBUG:root:Encoder decoder training done in epoch 10
DEBUG:root:critic x loss 0.009 critic z loss 0.236 
encoder loss 0.051 decoder loss -0.157

DEBUG:root:Epoch 11
DEBUG:root:Critic training done in epoch 11
DEBUG:root:Encoder decoder training done in epoch 11
DEBUG:root:critic x loss 0.007 critic z loss 0.232 
encoder loss 0.052 decoder loss -0.146

DEBUG:root:Epoch 12
DEBUG:root:Critic training done in epoch 12
DEBUG:root:Encoder decoder training done in epoch 12
DEBUG:root:critic x loss 0.006 critic z loss 0.234 
encoder loss 0.053 decoder loss -0.159

DEBUG:root:Epoch 13
DEBUG:root:Critic training done in epoch 13
DEBUG:root:Encoder decoder training done in epoch 13
DEBUG:root:critic x loss 0.005 critic z loss 0.235 
encoder loss 0.054 decoder loss -0.161

DEBUG:root:Epoch 14
DEBUG:root:Critic training done in epoch 14
DEBUG:root:Encoder decoder training done in epoch 14
DEBUG:root:critic x loss 0.004 critic z loss 0.231 
encoder loss 0.056 decoder loss -0.158

DEBUG:root:Epoch 15
DEBUG:root:Critic training done in epoch 15
DEBUG:root:Encoder decoder training done in epoch 15
DEBUG:root:critic x loss 0.003 critic z loss 0.230 
encoder loss 0.057 decoder loss -0.152

DEBUG:root:Epoch 16
DEBUG:root:Critic training done in epoch 16
DEBUG:root:Encoder decoder training done in epoch 16
DEBUG:root:critic x loss 0.001 critic z loss 0.228 
encoder loss 0.058 decoder loss -0.154

DEBUG:root:Epoch 17
DEBUG:root:Critic training done in epoch 17
DEBUG:root:Encoder decoder training done in epoch 17
DEBUG:root:critic x loss 0.000 critic z loss 0.230 
encoder loss 0.059 decoder loss -0.146

DEBUG:root:Epoch 18
DEBUG:root:Critic training done in epoch 18
DEBUG:root:Encoder decoder training done in epoch 18
DEBUG:root:critic x loss -0.001 critic z loss 0.230 
encoder loss 0.060 decoder loss -0.145

DEBUG:root:Epoch 19
DEBUG:root:Critic training done in epoch 19
DEBUG:root:Encoder decoder training done in epoch 19
DEBUG:root:critic x loss -0.002 critic z loss 0.228 
encoder loss 0.062 decoder loss -0.147

INFO:root:Number of train datapoints is 1037
INFO:root:Number of samples in train dataset 1037
DEBUG:root:Starting training
DEBUG:root:Epoch 0
DEBUG:root:Critic training done in epoch 0
DEBUG:root:Encoder decoder training done in epoch 0
DEBUG:root:critic x loss 0.064 critic z loss -0.526 
encoder loss -0.002 decoder loss 0.619

DEBUG:root:Epoch 1
DEBUG:root:Critic training done in epoch 1
DEBUG:root:Encoder decoder training done in epoch 1
DEBUG:root:critic x loss 0.063 critic z loss -0.529 
encoder loss -0.001 decoder loss 0.615

INFO:root:Number of train datapoints is 1037
INFO:root:Number of samples in train dataset 1037
DEBUG:root:Starting training
DEBUG:root:Epoch 0
DEBUG:root:Critic training done in epoch 0
DEBUG:root:Encoder decoder training done in epoch 0
DEBUG:root:critic x loss 0.038 critic z loss -0.057 
encoder loss 0.014 decoder loss 0.136

DEBUG:root:Epoch 1
DEBUG:root:Critic training done in epoch 1
DEBUG:root:Encoder decoder training done in epoch 1
DEBUG:root:critic x loss 0.036 critic z loss -0.052 
encoder loss 0.015 decoder loss 0.137

INFO:root:Number of train datapoints is 1037
INFO:root:Number of samples in train dataset 1037
DEBUG:root:Starting training
DEBUG:root:Epoch 0
DEBUG:root:Critic training done in epoch 0
DEBUG:root:Encoder decoder training done in epoch 0
DEBUG:root:critic x loss 0.067 critic z loss 0.421 
encoder loss -0.015 decoder loss -0.327

DEBUG:root:Epoch 1
DEBUG:root:Critic training done in epoch 1
DEBUG:root:Encoder decoder training done in epoch 1
DEBUG:root:critic x loss 0.065 critic z loss 0.420 
encoder loss -0.014 decoder loss -0.334

INFO:root:Number of train datapoints is 1037
INFO:root:Number of samples in train dataset 1037
DEBUG:root:Starting training
DEBUG:root:Epoch 0
DEBUG:root:Critic training done in epoch 0
DEBUG:root:Encoder decoder training done in epoch 0
DEBUG:root:critic x loss 0.051 critic z loss 0.436 
encoder loss 0.008 decoder loss -0.350

DEBUG:root:Epoch 1
DEBUG:root:Critic training done in epoch 1
DEBUG:root:Encoder decoder training done in epoch 1
DEBUG:root:critic x loss 0.050 critic z loss 0.435 
encoder loss 0.009 decoder loss -0.361

INFO:root:Number of train datapoints is 1037
INFO:root:Number of samples in train dataset 1037
DEBUG:root:Starting training
DEBUG:root:Epoch 0
DEBUG:root:Critic training done in epoch 0
DEBUG:root:Encoder decoder training done in epoch 0
DEBUG:root:critic x loss 0.047 critic z loss 0.328 
encoder loss 0.009 decoder loss -0.250

DEBUG:root:Epoch 1
DEBUG:root:Critic training done in epoch 1
DEBUG:root:Encoder decoder training done in epoch 1
DEBUG:root:critic x loss 0.045 critic z loss 0.327 
encoder loss 0.011 decoder loss -0.234

INFO:root:Number of train datapoints is 1037
INFO:root:Number of samples in train dataset 1037
DEBUG:root:Starting training
DEBUG:root:Epoch 0
DEBUG:root:Critic training done in epoch 0
DEBUG:root:Encoder decoder training done in epoch 0
DEBUG:root:critic x loss 0.054 critic z loss -0.063 
encoder loss -0.000 decoder loss 0.129

DEBUG:root:Epoch 1
DEBUG:root:Critic training done in epoch 1
DEBUG:root:Encoder decoder training done in epoch 1
DEBUG:root:critic x loss 0.053 critic z loss -0.066 
encoder loss 0.001 decoder loss 0.130

INFO:root:Number of train datapoints is 1037
INFO:root:Number of samples in train dataset 1037
DEBUG:root:Starting training
DEBUG:root:Epoch 0
DEBUG:root:Critic training done in epoch 0
DEBUG:root:Encoder decoder training done in epoch 0
DEBUG:root:critic x loss 0.025 critic z loss 0.373 
encoder loss 0.029 decoder loss -0.282

DEBUG:root:Epoch 1
DEBUG:root:Critic training done in epoch 1
DEBUG:root:Encoder decoder training done in epoch 1
DEBUG:root:critic x loss 0.024 critic z loss 0.371 
encoder loss 0.030 decoder loss -0.274

INFO:root:Number of train datapoints is 1037
INFO:root:Number of samples in train dataset 1037
DEBUG:root:Starting training
DEBUG:root:Epoch 0
DEBUG:root:Critic training done in epoch 0
DEBUG:root:Encoder decoder training done in epoch 0
DEBUG:root:critic x loss 0.032 critic z loss 0.228 
encoder loss 0.019 decoder loss -0.153

DEBUG:root:Epoch 1
DEBUG:root:Critic training done in epoch 1
DEBUG:root:Encoder decoder training done in epoch 1
DEBUG:root:critic x loss 0.031 critic z loss 0.232 
encoder loss 0.020 decoder loss -0.165

INFO:root:Number of train datapoints is 1037
INFO:root:Number of samples in train dataset 1037
DEBUG:root:Starting training
DEBUG:root:Epoch 0
DEBUG:root:Critic training done in epoch 0
DEBUG:root:Encoder decoder training done in epoch 0
DEBUG:root:critic x loss -0.015 critic z loss -0.190 
encoder loss 0.065 decoder loss 0.263

INFO:root:Number of train datapoints is 347661
INFO:root:Number of samples in train dataset 347661
DEBUG:root:Starting training
DEBUG:root:Epoch 0
INFO:root:Number of train datapoints is 0
INFO:root:Number of samples in train dataset 0
DEBUG:root:Starting training
DEBUG:root:Epoch 0
DEBUG:root:Critic training done in epoch 0
DEBUG:root:Encoder decoder training done in epoch 0
DEBUG:root:critic x loss nan critic z loss nan 
encoder loss nan decoder loss nan

INFO:root:Number of train datapoints is 0
INFO:root:Number of samples in train dataset 0
DEBUG:root:Starting training
DEBUG:root:Epoch 0
DEBUG:root:Critic training done in epoch 0
DEBUG:root:Encoder decoder training done in epoch 0
DEBUG:root:critic x loss nan critic z loss nan 
encoder loss nan decoder loss nan

