nohup: ignoring input
2021-12-30 12:35:22.942609: I tensorflow/core/platform/cpu_feature_guard.cc:141] Your CPU supports instructions that this TensorFlow binary was not compiled to use: AVX2 FMA
Loading settings from ./experiments/settings/swat_train.txt
hidden_units_e not found in loaded settings - adopting value from command line defaults:  100
weight not found in loaded settings - adopting value from command line defaults:  0.5
degree not found in loaded settings - adopting value from command line defaults:  1
E_rounds not found in loaded settings - adopting value from command line defaults:  1
eval_mul not found in loaded settings - adopting value from command line defaults:  False
eval_an not found in loaded settings - adopting value from command line defaults:  False
eval_single not found in loaded settings - adopting value from command line defaults:  False
sub_id not found in loaded settings - adopting value from command line defaults:  test
Loading data from ./experiments/data/.data.npy
data_type
Loaded swat from .npy
SHAPE:  (496800, 52)
m=496800, n=52
num_samples: 47508
num_signals: 5
Generated/loaded 47508 samples from data-type swat_train
samples_size: (47508, 120, 5)
num_variables: 5
Ready to run with settings:
 	 settings_file
swat_train 	 data
120 	 seq_length
5 	 num_signals
False 	 normalise
0.1 	 scale
1.0 	 freq_low
5.0 	 freq_high
0.1 	 amplitude_low
0.9 	 amplitude_high
False 	 multivariate_mnist
False 	 full_mnist
 	 data_load_from
15 	 resample_rate_in_min
100 	 hidden_units_g
100 	 hidden_units_d
100 	 hidden_units_e
1 	 kappa
15 	 latent_dim
0.5 	 weight
1 	 degree
False 	 batch_mean
False 	 learn_scale
0.1 	 learning_rate
500 	 batch_size
100 	 num_epochs
1 	 D_rounds
3 	 G_rounds
1 	 E_rounds
True 	 shuffle
False 	 eval_mul
False 	 eval_an
False 	 eval_single
False 	 wrong_labels
swat 	 identifier
test 	 sub_id
False 	 dp
1e-05 	 l2norm_bound
1 	 batches_per_lot
1e-05 	 dp_sigma
47508 	 num_samples
10 	 seq_step
0 	 cond_dim
1 	 max_val
False 	 one_hot
False 	 predict_labels
False 	 use_time
False 	 WGAN
False 	 WGAN_clip
44979 	 num_samples_t
5 	 num_generated_features
epoch, D_loss_curr, G_loss_curr, seq_length
0	0.1140	3.8002	120
Recorded 8 parameters to ./experiments/parameters/test_120_0.npy
epoch, D_loss_curr, G_loss_curr, seq_length
1	0.4275	1.5100	120
Recorded 8 parameters to ./experiments/parameters/test_120_1.npy
epoch, D_loss_curr, G_loss_curr, seq_length
2	0.2910	2.9263	120
Recorded 8 parameters to ./experiments/parameters/test_120_2.npy
epoch, D_loss_curr, G_loss_curr, seq_length
3	0.0617	4.4608	120
Recorded 8 parameters to ./experiments/parameters/test_120_3.npy
epoch, D_loss_curr, G_loss_curr, seq_length
4	0.0928	4.9840	120
Recorded 8 parameters to ./experiments/parameters/test_120_4.npy
epoch, D_loss_curr, G_loss_curr, seq_length
5	0.0704	4.4387	120
Recorded 8 parameters to ./experiments/parameters/test_120_5.npy
epoch, D_loss_curr, G_loss_curr, seq_length
6	0.0309	5.0509	120
Recorded 8 parameters to ./experiments/parameters/test_120_6.npy
epoch, D_loss_curr, G_loss_curr, seq_length
7	0.0411	5.4199	120
Recorded 8 parameters to ./experiments/parameters/test_120_7.npy
epoch, D_loss_curr, G_loss_curr, seq_length
8	0.0796	3.7902	120
Recorded 8 parameters to ./experiments/parameters/test_120_8.npy
epoch, D_loss_curr, G_loss_curr, seq_length
9	0.0330	4.2950	120
Recorded 8 parameters to ./experiments/parameters/test_120_9.npy
epoch, D_loss_curr, G_loss_curr, seq_length
10	0.0159	4.9560	120
Recorded 8 parameters to ./experiments/parameters/test_120_10.npy
epoch, D_loss_curr, G_loss_curr, seq_length
11	0.0896	3.7477	120
Recorded 8 parameters to ./experiments/parameters/test_120_11.npy
epoch, D_loss_curr, G_loss_curr, seq_length
12	0.1665	2.9944	120
Recorded 8 parameters to ./experiments/parameters/test_120_12.npy
epoch, D_loss_curr, G_loss_curr, seq_length
13	0.3855	5.0233	120
Recorded 8 parameters to ./experiments/parameters/test_120_13.npy
epoch, D_loss_curr, G_loss_curr, seq_length
14	0.0881	3.5448	120
Recorded 8 parameters to ./experiments/parameters/test_120_14.npy
epoch, D_loss_curr, G_loss_curr, seq_length
15	0.0574	4.1147	120
Recorded 8 parameters to ./experiments/parameters/test_120_15.npy
epoch, D_loss_curr, G_loss_curr, seq_length
16	0.0307	5.0477	120
Recorded 8 parameters to ./experiments/parameters/test_120_16.npy
epoch, D_loss_curr, G_loss_curr, seq_length
17	0.0239	5.2612	120
Recorded 8 parameters to ./experiments/parameters/test_120_17.npy
epoch, D_loss_curr, G_loss_curr, seq_length
18	0.0198	5.7716	120
Recorded 8 parameters to ./experiments/parameters/test_120_18.npy
epoch, D_loss_curr, G_loss_curr, seq_length
19	0.0566	3.7594	120
Recorded 8 parameters to ./experiments/parameters/test_120_19.npy
epoch, D_loss_curr, G_loss_curr, seq_length
20	0.0485	4.4709	120
Recorded 8 parameters to ./experiments/parameters/test_120_20.npy
epoch, D_loss_curr, G_loss_curr, seq_length
21	0.0491	4.7139	120
Recorded 8 parameters to ./experiments/parameters/test_120_21.npy
epoch, D_loss_curr, G_loss_curr, seq_length
22	0.0863	4.4022	120
Recorded 8 parameters to ./experiments/parameters/test_120_22.npy
epoch, D_loss_curr, G_loss_curr, seq_length
23	0.0577	4.1011	120
Recorded 8 parameters to ./experiments/parameters/test_120_23.npy
epoch, D_loss_curr, G_loss_curr, seq_length
24	0.0425	4.2071	120
Recorded 8 parameters to ./experiments/parameters/test_120_24.npy
epoch, D_loss_curr, G_loss_curr, seq_length
25	0.0341	4.7664	120
Recorded 8 parameters to ./experiments/parameters/test_120_25.npy
epoch, D_loss_curr, G_loss_curr, seq_length
26	0.0270	5.2106	120
Recorded 8 parameters to ./experiments/parameters/test_120_26.npy
epoch, D_loss_curr, G_loss_curr, seq_length
27	0.0327	4.6390	120
Recorded 8 parameters to ./experiments/parameters/test_120_27.npy
epoch, D_loss_curr, G_loss_curr, seq_length
28	0.0348	5.1880	120
Recorded 8 parameters to ./experiments/parameters/test_120_28.npy
epoch, D_loss_curr, G_loss_curr, seq_length
29	0.0272	4.6963	120
Recorded 8 parameters to ./experiments/parameters/test_120_29.npy
epoch, D_loss_curr, G_loss_curr, seq_length
30	0.0128	6.2744	120
Recorded 8 parameters to ./experiments/parameters/test_120_30.npy
epoch, D_loss_curr, G_loss_curr, seq_length
31	0.0108	6.3011	120
Recorded 8 parameters to ./experiments/parameters/test_120_31.npy
epoch, D_loss_curr, G_loss_curr, seq_length
32	0.0104	7.1215	120
Recorded 8 parameters to ./experiments/parameters/test_120_32.npy
epoch, D_loss_curr, G_loss_curr, seq_length
33	0.0178	4.6753	120
Recorded 8 parameters to ./experiments/parameters/test_120_33.npy
epoch, D_loss_curr, G_loss_curr, seq_length
34	0.0135	5.1190	120
Recorded 8 parameters to ./experiments/parameters/test_120_34.npy
epoch, D_loss_curr, G_loss_curr, seq_length
35	0.0516	3.6193	120
Recorded 8 parameters to ./experiments/parameters/test_120_35.npy
epoch, D_loss_curr, G_loss_curr, seq_length
36	0.8929	7.2687	120
Recorded 8 parameters to ./experiments/parameters/test_120_36.npy
epoch, D_loss_curr, G_loss_curr, seq_length
37	0.1740	2.9750	120
Recorded 8 parameters to ./experiments/parameters/test_120_37.npy
epoch, D_loss_curr, G_loss_curr, seq_length
38	0.0341	4.7334	120
Recorded 8 parameters to ./experiments/parameters/test_120_38.npy
epoch, D_loss_curr, G_loss_curr, seq_length
39	0.0538	4.8713	120
Recorded 8 parameters to ./experiments/parameters/test_120_39.npy
epoch, D_loss_curr, G_loss_curr, seq_length
40	0.0222	6.0168	120
Recorded 8 parameters to ./experiments/parameters/test_120_40.npy
epoch, D_loss_curr, G_loss_curr, seq_length
41	0.0171	7.1177	120
Recorded 8 parameters to ./experiments/parameters/test_120_41.npy
epoch, D_loss_curr, G_loss_curr, seq_length
42	0.0167	7.6067	120
Recorded 8 parameters to ./experiments/parameters/test_120_42.npy
epoch, D_loss_curr, G_loss_curr, seq_length
43	0.0198	5.8758	120
Recorded 8 parameters to ./experiments/parameters/test_120_43.npy
epoch, D_loss_curr, G_loss_curr, seq_length
44	0.0327	5.8949	120
Recorded 8 parameters to ./experiments/parameters/test_120_44.npy
epoch, D_loss_curr, G_loss_curr, seq_length
45	0.0433	4.2857	120
Recorded 8 parameters to ./experiments/parameters/test_120_45.npy
epoch, D_loss_curr, G_loss_curr, seq_length
46	0.0266	5.4098	120
Recorded 8 parameters to ./experiments/parameters/test_120_46.npy
epoch, D_loss_curr, G_loss_curr, seq_length
47	0.0846	3.7788	120
Recorded 8 parameters to ./experiments/parameters/test_120_47.npyUsing TensorFlow backend.

epoch, D_loss_curr, G_loss_curr, seq_length
48	0.0188	5.6847	120
Recorded 8 parameters to ./experiments/parameters/test_120_48.npy
epoch, D_loss_curr, G_loss_curr, seq_length
49	0.0165	5.7485	120
Recorded 8 parameters to ./experiments/parameters/test_120_49.npy
epoch, D_loss_curr, G_loss_curr, seq_length
50	0.0350	4.6220	120
Recorded 8 parameters to ./experiments/parameters/test_120_50.npy
epoch, D_loss_curr, G_loss_curr, seq_length
51	0.0438	4.6126	120
Recorded 8 parameters to ./experiments/parameters/test_120_51.npy
epoch, D_loss_curr, G_loss_curr, seq_length
52	0.0246	5.3432	120
Recorded 8 parameters to ./experiments/parameters/test_120_52.npy
epoch, D_loss_curr, G_loss_curr, seq_length
53	0.0167	5.6868	120
Recorded 8 parameters to ./experiments/parameters/test_120_53.npy
epoch, D_loss_curr, G_loss_curr, seq_length
54	0.0133	5.8793	120
Recorded 8 parameters to ./experiments/parameters/test_120_54.npy
epoch, D_loss_curr, G_loss_curr, seq_length
55	0.0107	6.9265	120
Recorded 8 parameters to ./experiments/parameters/test_120_55.npy
epoch, D_loss_curr, G_loss_curr, seq_length
56	0.0101	7.4019	120
Recorded 8 parameters to ./experiments/parameters/test_120_56.npy
epoch, D_loss_curr, G_loss_curr, seq_length
57	0.0096	7.7458	120
Recorded 8 parameters to ./experiments/parameters/test_120_57.npy
epoch, D_loss_curr, G_loss_curr, seq_length
58	0.0095	8.0127	120
Recorded 8 parameters to ./experiments/parameters/test_120_58.npy
epoch, D_loss_curr, G_loss_curr, seq_length
59	0.0095	8.2343	120
Recorded 8 parameters to ./experiments/parameters/test_120_59.npy
epoch, D_loss_curr, G_loss_curr, seq_length
60	0.0096	8.4166	120
Recorded 8 parameters to ./experiments/parameters/test_120_60.npy
epoch, D_loss_curr, G_loss_curr, seq_length
61	0.0126	8.5137	120
Recorded 8 parameters to ./experiments/parameters/test_120_61.npy
epoch, D_loss_curr, G_loss_curr, seq_length
62	0.0140	5.2452	120
Recorded 8 parameters to ./experiments/parameters/test_120_62.npy
epoch, D_loss_curr, G_loss_curr, seq_length
63	0.0117	5.6811	120
Recorded 8 parameters to ./experiments/parameters/test_120_63.npy
epoch, D_loss_curr, G_loss_curr, seq_length
64	0.0106	6.1317	120
Recorded 8 parameters to ./experiments/parameters/test_120_64.npy
epoch, D_loss_curr, G_loss_curr, seq_length
65	0.0088	6.3159	120
Recorded 8 parameters to ./experiments/parameters/test_120_65.npy
epoch, D_loss_curr, G_loss_curr, seq_length
66	0.0080	6.7324	120
Recorded 8 parameters to ./experiments/parameters/test_120_66.npy
epoch, D_loss_curr, G_loss_curr, seq_length
67	0.0074	6.8774	120
Recorded 8 parameters to ./experiments/parameters/test_120_67.npy
epoch, D_loss_curr, G_loss_curr, seq_length
68	0.0070	7.1148	120
Recorded 8 parameters to ./experiments/parameters/test_120_68.npy
epoch, D_loss_curr, G_loss_curr, seq_length
69	0.0067	7.2967	120
Recorded 8 parameters to ./experiments/parameters/test_120_69.npy
epoch, D_loss_curr, G_loss_curr, seq_length
70	0.0069	7.4320	120
Recorded 8 parameters to ./experiments/parameters/test_120_70.npy
epoch, D_loss_curr, G_loss_curr, seq_length
71	0.0072	7.1668	120
Recorded 8 parameters to ./experiments/parameters/test_120_71.npy
epoch, D_loss_curr, G_loss_curr, seq_length
72	0.0072	7.4436	120
Recorded 8 parameters to ./experiments/parameters/test_120_72.npy
epoch, D_loss_curr, G_loss_curr, seq_length
73	0.0074	7.6148	120
Recorded 8 parameters to ./experiments/parameters/test_120_73.npy
epoch, D_loss_curr, G_loss_curr, seq_length
74	0.0066	7.2968	120
Recorded 8 parameters to ./experiments/parameters/test_120_74.npy
epoch, D_loss_curr, G_loss_curr, seq_length
75	0.0064	7.4439	120
Recorded 8 parameters to ./experiments/parameters/test_120_75.npy
epoch, D_loss_curr, G_loss_curr, seq_length
76	0.0065	7.9886	120
Recorded 8 parameters to ./experiments/parameters/test_120_76.npy
epoch, D_loss_curr, G_loss_curr, seq_length
77	0.0069	8.2608	120
Recorded 8 parameters to ./experiments/parameters/test_120_77.npy
epoch, D_loss_curr, G_loss_curr, seq_length
78	0.0069	8.5372	120
Recorded 8 parameters to ./experiments/parameters/test_120_78.npy
epoch, D_loss_curr, G_loss_curr, seq_length
79	0.0069	7.6916	120
Recorded 8 parameters to ./experiments/parameters/test_120_79.npy
epoch, D_loss_curr, G_loss_curr, seq_length
80	0.0068	7.8806	120
Recorded 8 parameters to ./experiments/parameters/test_120_80.npy
epoch, D_loss_curr, G_loss_curr, seq_length
81	0.0069	8.0252	120
Recorded 8 parameters to ./experiments/parameters/test_120_81.npy
epoch, D_loss_curr, G_loss_curr, seq_length
82	0.0068	8.0759	120
Recorded 8 parameters to ./experiments/parameters/test_120_82.npy
epoch, D_loss_curr, G_loss_curr, seq_length
83	0.0067	7.9927	120
Recorded 8 parameters to ./experiments/parameters/test_120_83.npy
epoch, D_loss_curr, G_loss_curr, seq_length
84	0.0068	8.1166	120
Recorded 8 parameters to ./experiments/parameters/test_120_84.npy
epoch, D_loss_curr, G_loss_curr, seq_length
85	0.0068	8.1732	120
Recorded 8 parameters to ./experiments/parameters/test_120_85.npy
epoch, D_loss_curr, G_loss_curr, seq_length
86	0.0066	8.2111	120
Recorded 8 parameters to ./experiments/parameters/test_120_86.npy
epoch, D_loss_curr, G_loss_curr, seq_length
87	0.0066	8.2655	120
Recorded 8 parameters to ./experiments/parameters/test_120_87.npy
epoch, D_loss_curr, G_loss_curr, seq_length
88	0.0067	8.2812	120
Recorded 8 parameters to ./experiments/parameters/test_120_88.npy
epoch, D_loss_curr, G_loss_curr, seq_length
89	0.0067	8.3384	120
Recorded 8 parameters to ./experiments/parameters/test_120_89.npy
epoch, D_loss_curr, G_loss_curr, seq_length
90	0.0067	8.3801	120
Recorded 8 parameters to ./experiments/parameters/test_120_90.npy
epoch, D_loss_curr, G_loss_curr, seq_length
91	0.0068	8.4247	120
Recorded 8 parameters to ./experiments/parameters/test_120_91.npy
epoch, D_loss_curr, G_loss_curr, seq_length
92	0.0069	8.4638	120
Recorded 8 parameters to ./experiments/parameters/test_120_92.npy
epoch, D_loss_curr, G_loss_curr, seq_length
93	0.0071	8.5005	120
Recorded 8 parameters to ./experiments/parameters/test_120_93.npy
epoch, D_loss_curr, G_loss_curr, seq_length
94	0.0070	8.5461	120
Recorded 8 parameters to ./experiments/parameters/test_120_94.npy
epoch, D_loss_curr, G_loss_curr, seq_length
95	0.0068	8.5811	120
Recorded 8 parameters to ./experiments/parameters/test_120_95.npy
epoch, D_loss_curr, G_loss_curr, seq_length
96	0.0069	8.5903	120
Recorded 8 parameters to ./experiments/parameters/test_120_96.npy
epoch, D_loss_curr, G_loss_curr, seq_length
97	0.0069	8.6621	120
Recorded 8 parameters to ./experiments/parameters/test_120_97.npy
epoch, D_loss_curr, G_loss_curr, seq_length
98	0.0068	8.7173	120
Recorded 8 parameters to ./experiments/parameters/test_120_98.npy
epoch, D_loss_curr, G_loss_curr, seq_length
99	0.0067	8.7774	120
Recorded 8 parameters to ./experiments/parameters/test_120_99.npy
Training terminated | Training time=8245 s
Training terminated | training time = 8245s  
