nohup: ignoring input
2021-11-24 12:05:13.227229: I tensorflow/core/platform/cpu_feature_guard.cc:141] Your CPU supports instructions that this TensorFlow binary was not compiled to use: AVX2 FMA
Loading settings from ./experiments/settings/swat_train.txt
Loaded swat from .npy
Generated/loaded 42819 samples from data-type swat_train
Ready to run with settings:
 	 settings_file
swat_train 	 data
47508 	 num_samples
120 	 seq_length
10 	 seq_step
5 	 num_signals
False 	 normalise
0 	 cond_dim
1 	 max_val
False 	 one_hot
False 	 predict_labels
0.1 	 scale
1.0 	 freq_low
5.0 	 freq_high
0.1 	 amplitude_low
0.9 	 amplitude_high
False 	 multivariate_mnist
False 	 full_mnist
 	 data_load_from
15 	 resample_rate_in_min
100 	 hidden_units_g
100 	 hidden_units_d
1 	 kappa
15 	 latent_dim
False 	 batch_mean
False 	 learn_scale
0.1 	 learning_rate
500 	 batch_size
100 	 num_epochs
1 	 D_rounds
3 	 G_rounds
False 	 use_time
False 	 WGAN
False 	 WGAN_clip
True 	 shuffle
False 	 wrong_labels
swat 	 identifier
False 	 dp
1e-05 	 l2norm_bound
1 	 batches_per_lot
1e-05 	 dp_sigma
44979 	 num_samples_t
5 	 num_generated_features
vis_sample shape:(500, 120, 5)
epoch, D_loss_curr, G_loss_curr, seq_length
0	0.2578	2.2330	120
Recorded 8 parameters to ./experiments/parameters/swat_120_0.npy
vis_sample shape:(500, 120, 5)
epoch, D_loss_curr, G_loss_curr, seq_length
1	0.0996	6.7440	120
Recorded 8 parameters to ./experiments/parameters/swat_120_1.npy
vis_sample shape:(500, 120, 5)
epoch, D_loss_curr, G_loss_curr, seq_length
2	0.5924	11.3841	120
Recorded 8 parameters to ./experiments/parameters/swat_120_2.npy
vis_sample shape:(500, 120, 5)
epoch, D_loss_curr, G_loss_curr, seq_length
3	0.0257	10.0660	120
Recorded 8 parameters to ./experiments/parameters/swat_120_3.npy
vis_sample shape:(500, 120, 5)
epoch, D_loss_curr, G_loss_curr, seq_length
4	0.0144	9.8347	120
Recorded 8 parameters to ./experiments/parameters/swat_120_4.npy
vis_sample shape:(500, 120, 5)
epoch, D_loss_curr, G_loss_curr, seq_length
5	0.0108	9.6945	120
Recorded 8 parameters to ./experiments/parameters/swat_120_5.npy
vis_sample shape:(500, 120, 5)
epoch, D_loss_curr, G_loss_curr, seq_length
6	0.0105	9.4501	120
Recorded 8 parameters to ./experiments/parameters/swat_120_6.npy
vis_sample shape:(500, 120, 5)
epoch, D_loss_curr, G_loss_curr, seq_length
7	0.0217	13.8777	120
Recorded 8 parameters to ./experiments/parameters/swat_120_7.npy
vis_sample shape:(500, 120, 5)
epoch, D_loss_curr, G_loss_curr, seq_length
8	0.0114	13.9941	120
Recorded 8 parameters to ./experiments/parameters/swat_120_8.npy
vis_sample shape:(500, 120, 5)
epoch, D_loss_curr, G_loss_curr, seq_length
9	0.0078	14.0511	120
Recorded 8 parameters to ./experiments/parameters/swat_120_9.npy
vis_sample shape:(500, 120, 5)
epoch, D_loss_curr, G_loss_curr, seq_length
10	0.0066	8.5232	120
Recorded 8 parameters to ./experiments/parameters/swat_120_10.npy
vis_sample shape:(500, 120, 5)
epoch, D_loss_curr, G_loss_curr, seq_length
11	0.0062	8.9452	120
Recorded 8 parameters to ./experiments/parameters/swat_120_11.npy
vis_sample shape:(500, 120, 5)
epoch, D_loss_curr, G_loss_curr, seq_length
12	0.0298	15.9952	120
Recorded 8 parameters to ./experiments/parameters/swat_120_12.npy
vis_sample shape:(500, 120, 5)
epoch, D_loss_curr, G_loss_curr, seq_length
13	0.0145	11.5782	120
Recorded 8 parameters to ./experiments/parameters/swat_120_13.npy
vis_sample shape:(500, 120, 5)
epoch, D_loss_curr, G_loss_curr, seq_length
14	0.0127	5.9314	120
Recorded 8 parameters to ./experiments/parameters/swat_120_14.npy
vis_sample shape:(500, 120, 5)
epoch, D_loss_curr, G_loss_curr, seq_length
15	0.0026	7.1066	120
Recorded 8 parameters to ./experiments/parameters/swat_120_15.npy
vis_sample shape:(500, 120, 5)
epoch, D_loss_curr, G_loss_curr, seq_length
16	0.0023	7.6377	120
Recorded 8 parameters to ./experiments/parameters/swat_120_16.npy
vis_sample shape:(500, 120, 5)
epoch, D_loss_curr, G_loss_curr, seq_length
17	0.0032	6.4808	120
Recorded 8 parameters to ./experiments/parameters/swat_120_17.npy
vis_sample shape:(500, 120, 5)
epoch, D_loss_curr, G_loss_curr, seq_length
18	0.0022	7.3644	120
Recorded 8 parameters to ./experiments/parameters/swat_120_18.npy
vis_sample shape:(500, 120, 5)
epoch, D_loss_curr, G_loss_curr, seq_length
19	0.0020	7.8413	120
Recorded 8 parameters to ./experiments/parameters/swat_120_19.npy
vis_sample shape:(500, 120, 5)
epoch, D_loss_curr, G_loss_curr, seq_length
20	0.0018	8.1665	120
Recorded 8 parameters to ./experiments/parameters/swat_120_20.npy
vis_sample shape:(500, 120, 5)
epoch, D_loss_curr, G_loss_curr, seq_length
21	0.0017	8.4199	120
Recorded 8 parameters to ./experiments/parameters/swat_120_21.npy
vis_sample shape:(500, 120, 5)
epoch, D_loss_curr, G_loss_curr, seq_length
22	0.0016	8.6332	120
Recorded 8 parameters to ./experiments/parameters/swat_120_22.npy
vis_sample shape:(500, 120, 5)
epoch, D_loss_curr, G_loss_curr, seq_length
23	0.0015	8.8205	120
Recorded 8 parameters to ./experiments/parameters/swat_120_23.npy
vis_sample shape:(500, 120, 5)
epoch, D_loss_curr, G_loss_curr, seq_length
24	0.0015	8.9844	120
Recorded 8 parameters to ./experiments/parameters/swat_120_24.npy
vis_sample shape:(500, 120, 5)
epoch, D_loss_curr, G_loss_curr, seq_length
25	0.0014	9.1341	120
Recorded 8 parameters to ./experiments/parameters/swat_120_25.npy
vis_sample shape:(500, 120, 5)
epoch, D_loss_curr, G_loss_curr, seq_length
26	0.0014	9.2741	120
Recorded 8 parameters to ./experiments/parameters/swat_120_26.npy
vis_sample shape:(500, 120, 5)
epoch, D_loss_curr, G_loss_curr, seq_length
27	0.0014	9.3166	120
Recorded 8 parameters to ./experiments/parameters/swat_120_27.npy
vis_sample shape:(500, 120, 5)
epoch, D_loss_curr, G_loss_curr, seq_length
28	0.0013	9.4402	120
Recorded 8 parameters to ./experiments/parameters/swat_120_28.npy
vis_sample shape:(500, 120, 5)
epoch, D_loss_curr, G_loss_curr, seq_length
29	0.0013	9.5599	120
Recorded 8 parameters to ./experiments/parameters/swat_120_29.npy
vis_sample shape:(500, 120, 5)
epoch, D_loss_curr, G_loss_curr, seq_length
30	0.0012	9.6736	120
Recorded 8 parameters to ./experiments/parameters/swat_120_30.npy
vis_sample shape:(500, 120, 5)
epoch, D_loss_curr, G_loss_curr, seq_length
31	0.0011	9.7777	120
Recorded 8 parameters to ./experiments/parameters/swat_120_31.npy
vis_sample shape:(500, 120, 5)
epoch, D_loss_curr, G_loss_curr, seq_length
32	0.0011	9.8742	120
Recorded 8 parameters to ./experiments/parameters/swat_120_32.npy
vis_sample shape:(500, 120, 5)
epoch, D_loss_curr, G_loss_curr, seq_length
33	0.0011	9.9642	120
Recorded 8 parameters to ./experiments/parameters/swat_120_33.npy
vis_sample shape:(500, 120, 5)
epoch, D_loss_curr, G_loss_curr, seq_length
34	0.0010	10.0474	120
Recorded 8 parameters to ./experiments/parameters/swat_120_34.npy
vis_sample shape:(500, 120, 5)
epoch, D_loss_curr, G_loss_curr, seq_length
35	0.0010	10.1262	120
Recorded 8 parameters to ./experiments/parameters/swat_120_35.npy
vis_sample shape:(500, 120, 5)
epoch, D_loss_curr, G_loss_curr, seq_length
36	0.0010	10.2013	120
Recorded 8 parameters to ./experiments/parameters/swat_120_36.npy
vis_sample shape:(500, 120, 5)
epoch, D_loss_curr, G_loss_curr, seq_length
37	0.0009	10.2706	120
Recorded 8 parameters to ./experiments/parameters/swat_120_37.npy
vis_sample shape:(500, 120, 5)
epoch, D_loss_curr, G_loss_curr, seq_length
38	0.0009	10.3175	120
Recorded 8 parameters to ./experiments/parameters/swat_120_38.npy
vis_sample shape:(500, 120, 5)
epoch, D_loss_curr, G_loss_curr, seq_length
39	0.0009	10.3603	120
Recorded 8 parameters to ./experiments/parameters/swat_120_39.npy
vis_sample shape:(500, 120, 5)
epoch, D_loss_curr, G_loss_curr, seq_length
40	0.0009	10.4259	120
Recorded 8 parameters to ./experiments/parameters/swat_120_40.npy
vis_sample shape:(500, 120, 5)
epoch, D_loss_curr, G_loss_curr, seq_length
41	0.0009	10.4802	120
Recorded 8 parameters to ./experiments/parameters/swat_120_41.npy
vis_sample shape:(500, 120, 5)
epoch, D_loss_curr, G_loss_curr, seq_length
42	0.0008	10.5161	120
Recorded 8 parameters to ./experiments/parameters/swat_120_42.npy
vis_sample shape:(500, 120, 5)
epoch, D_loss_curr, G_loss_curr, seq_length
43	0.0008	10.5624	120
Recorded 8 parameters to ./experiments/parameters/swat_120_43.npy
vis_sample shape:(500, 120, 5)
epoch, D_loss_curr, G_loss_curr, seq_length
44	0.0008	10.6474	120
Recorded 8 parameters to ./experiments/parameters/swat_120_44.npy
vis_sample shape:(500, 120, 5)
epoch, D_loss_curr, G_loss_curr, seq_length
45	0.0008	10.6612	120
Recorded 8 parameters to ./experiments/parameters/swat_120_45.npy
vis_sample shape:(500, 120, 5)
epoch, D_loss_curr, G_loss_curr, seq_length
46	0.0008	10.7123	120
Recorded 8 parameters to ./experiments/parameters/swat_120_46.npy
vis_sample shape:(500, 120, 5)
epoch, D_loss_curr, G_loss_curr, seq_length
47	0.0008	10.7583	120
Recorded 8 parameters to ./experiments/parameters/swat_120_47.npy
vis_sample shape:(500, 120, 5)
epoch, D_loss_curr, G_loss_curr, seq_length
48	0.0008	10.8081	120
Recorded 8 parameters to ./experiments/parameters/swat_120_48.npy
vis_sample shape:(500, 120, 5)
epoch, D_loss_curr, G_loss_curr, seq_length
49	0.0008	10.8523	120
Recorded 8 parameters to ./experiments/parameters/swat_120_49.npy
vis_sample shape:(500, 120, 5)
epoch, D_loss_curr, G_loss_curr, seq_length
50	0.0007	10.8977	120
Recorded 8 parameters to ./experiments/parameters/swat_120_50.npy
vis_sample shape:(500, 120, 5)
epoch, D_loss_curr, G_loss_curr, seq_length
51	0.0007	10.9254	120
Recorded 8 parameters to ./experiments/parameters/swat_120_51.npy
vis_sample shape:(500, 120, 5)
epoch, D_loss_curr, G_loss_curr, seq_length
52	0.0007	10.9342	120
Recorded 8 parameters to ./experiments/parameters/swat_120_52.npy
vis_sample shape:(500, 120, 5)
epoch, D_loss_curr, G_loss_curr, seq_length
53	0.0007	10.9725	120
Recorded 8 parameters to ./experiments/parameters/swat_120_53.npy
vis_sample shape:(500, 120, 5)
epoch, D_loss_curr, G_loss_curr, seq_length
54	0.0007	11.0163	120
Recorded 8 parameters to ./experiments/parameters/swat_120_54.npy
vis_sample shape:(500, 120, 5)
epoch, D_loss_curr, G_loss_curr, seq_length
55	0.0007	11.0575	120
Recorded 8 parameters to ./experiments/parameters/swat_120_55.npy
vis_sample shape:(500, 120, 5)
epoch, D_loss_curr, G_loss_curr, seq_length
56	0.0006	11.0981	120
Recorded 8 parameters to ./experiments/parameters/swat_120_56.npy
vis_sample shape:(500, 120, 5)
epoch, D_loss_curr, G_loss_curr, seq_length
57	0.0006	11.1379	120
Recorded 8 parameters to ./experiments/parameters/swat_120_57.npy
vis_sample shape:(500, 120, 5)
epoch, D_loss_curr, G_loss_curr, seq_length
58	0.0006	11.1751	120
Recorded 8 parameters to ./experiments/parameters/swat_120_58.npy
vis_sample shape:(500, 120, 5)
epoch, D_loss_curr, G_loss_curr, seq_length
59	0.0006	11.2111	120
Recorded 8 parameters to ./experiments/parameters/swat_120_59.npy
vis_sample shape:(500, 120, 5)
epoch, D_loss_curr, G_loss_curr, seq_length
60	0.0006	11.2459	120
Recorded 8 parameters to ./experiments/parameters/swat_120_60.npy
vis_sample shape:(500, 120, 5)
epoch, D_loss_curr, G_loss_curr, seq_length
61	0.0006	11.2797	120
Recorded 8 parameters to ./experiments/parameters/swat_120_61.npy
vis_sample shape:(500, 120, 5)
epoch, D_loss_curr, G_loss_curr, seq_length
62	0.0006	11.3123	120
Recorded 8 parameters to ./experiments/parameters/swat_120_62.npy
vis_sample shape:(500, 120, 5)
epoch, D_loss_curr, G_loss_curr, seq_length
63	0.0005	11.4770	120
Recorded 8 parameters to ./experiments/parameters/swat_120_63.npy
vis_sample shape:(500, 120, 5)
epoch, D_loss_curr, G_loss_curr, seq_length
64	0.0005	11.5092	120
Recorded 8 parameters to ./experiments/parameters/swat_120_64.npy
vis_sample shape:(500, 120, 5)
epoch, D_loss_curr, G_loss_curr, seq_length
65	0.0005	11.5371	120
Recorded 8 parameters to ./experiments/parameters/swat_120_65.npy
vis_sample shape:(500, 120, 5)
epoch, D_loss_curr, G_loss_curr, seq_length
66	0.0005	11.5524	120
Recorded 8 parameters to ./experiments/parameters/swat_120_66.npy
vis_sample shape:(500, 120, 5)
epoch, D_loss_curr, G_loss_curr, seq_length
67	0.0005	11.5737	120
Recorded 8 parameters to ./experiments/parameters/swat_120_67.npy
vis_sample shape:(500, 120, 5)
epoch, D_loss_curr, G_loss_curr, seq_length
68	0.0005	11.5776	120
Recorded 8 parameters to ./experiments/parameters/swat_120_68.npy
vis_sample shape:(500, 120, 5)
epoch, D_loss_curr, G_loss_curr, seq_length
69	0.0005	11.5089	120
Recorded 8 parameters to ./experiments/parameters/swat_120_69.npy
vis_sample shape:(500, 120, 5)
epoch, D_loss_curr, G_loss_curr, seq_length
70	0.0005	11.5268	120
Recorded 8 parameters to ./experiments/parameters/swat_120_70.npy
vis_sample shape:(500, 120, 5)
epoch, D_loss_curr, G_loss_curr, seq_length
71	0.0005	11.5435	120
Recorded 8 parameters to ./experiments/parameters/swat_120_71.npy
vis_sample shape:(500, 120, 5)
epoch, D_loss_curr, G_loss_curr, seq_length
72	0.0005	11.5606	120
Recorded 8 parameters to ./experiments/parameters/swat_120_72.npy
vis_sample shape:(500, 120, 5)
epoch, D_loss_curr, G_loss_curr, seq_length
73	0.0005	11.5821	120
Recorded 8 parameters to ./experiments/parameters/swat_120_73.npy
vis_sample shape:(500, 120, 5)
epoch, D_loss_curr, G_loss_curr, seq_length
74	0.0005	11.6077	120
Recorded 8 parameters to ./experiments/parameters/swat_120_74.npy
vis_sample shape:(500, 120, 5)
epoch, D_loss_curr, G_loss_curr, seq_length
75	0.0004	11.6270	120
Recorded 8 parameters to ./experiments/parameters/swat_120_75.npy
vis_sample shape:(500, 120, 5)
epoch, D_loss_curr, G_loss_curr, seq_length
76	0.0004	11.6475	120
Recorded 8 parameters to ./experiments/parameters/swat_120_76.npy
vis_sample shape:(500, 120, 5)
epoch, D_loss_curr, G_loss_curr, seq_length
77	0.0004	11.6729	120
Recorded 8 parameters to ./experiments/parameters/swat_120_77.npy
vis_sample shape:(500, 120, 5)
epoch, D_loss_curr, G_loss_curr, seq_length
78	0.0004	11.6907	120
Recorded 8 parameters to ./experiments/parameters/swat_120_78.npy
vis_sample shape:(500, 120, 5)
epoch, D_loss_curr, G_loss_curr, seq_length
79	0.0004	11.7114	120
Recorded 8 parameters to ./experiments/parameters/swat_120_79.npy
vis_sample shape:(500, 120, 5)
epoch, D_loss_curr, G_loss_curr, seq_length
80	0.0004	11.7307	120
Recorded 8 parameters to ./experiments/parameters/swat_120_80.npy
vis_sample shape:(500, 120, 5)
epoch, D_loss_curr, G_loss_curr, seq_length
81	0.0004	11.7525	120
Recorded 8 parameters to ./experiments/parameters/swat_120_81.npy
vis_sample shape:(500, 120, 5)
epoch, D_loss_curr, G_loss_curr, seq_length
82	0.0004	11.7704	120
Recorded 8 parameters to ./experiments/parameters/swat_120_82.npy
vis_sample shape:(500, 120, 5)
epoch, D_loss_curr, G_loss_curr, seq_length
83	0.0004	11.7915	120
Recorded 8 parameters to ./experiments/parameters/swat_120_83.npy
vis_sample shape:(500, 120, 5)
epoch, D_loss_curr, G_loss_curr, seq_length
84	0.0004	11.8099	120
Recorded 8 parameters to ./experiments/parameters/swat_120_84.npy
vis_sample shape:(500, 120, 5)
epoch, D_loss_curr, G_loss_curr, seq_length
85	0.0004	11.8368	120
Recorded 8 parameters to ./experiments/parameters/swat_120_85.npy
vis_sample shape:(500, 120, 5)
epoch, D_loss_curr, G_loss_curr, seq_length
86	0.0004	11.8501	120
Recorded 8 parameters to ./experiments/parameters/swat_120_86.npy
vis_sample shape:(500, 120, 5)
epoch, D_loss_curr, G_loss_curr, seq_length
87	0.0004	11.8718	120
Recorded 8 parameters to ./experiments/parameters/swat_120_87.npy
vis_sample shape:(500, 120, 5)
epoch, D_loss_curr, G_loss_curr, seq_length
88	0.0004	11.8870	120
Recorded 8 parameters to ./experiments/parameters/swat_120_88.npy
vis_sample shape:(500, 120, 5)
epoch, D_loss_curr, G_loss_curr, seq_length
89	0.0004	11.9104	120
Recorded 8 parameters to ./experiments/parameters/swat_120_89.npy
vis_sample shape:(500, 120, 5)
epoch, D_loss_curr, G_loss_curr, seq_length
90	0.0004	11.9210	120
Recorded 8 parameters to ./experiments/parameters/swat_120_90.npy
vis_sample shape:(500, 120, 5)
epoch, D_loss_curr, G_loss_curr, seq_length
91	0.0004	11.9387	120
Recorded 8 parameters to ./experiments/parameters/swat_120_91.npy
vis_sample shape:(500, 120, 5)
epoch, D_loss_curr, G_loss_curr, seq_length
92	0.0004	11.9561	120
Recorded 8 parameters to ./experiments/parameters/swat_120_92.npy
vis_sample shape:(500, 120, 5)
epoch, D_loss_curr, G_loss_curr, seq_length
93	0.0004	11.9734	120
Recorded 8 parameters to ./experiments/parameters/swat_120_93.npy
vis_sample shape:(500, 120, 5)
epoch, D_loss_curr, G_loss_curr, seq_length
94	0.0004	11.9905	120
Recorded 8 parameters to ./experiments/parameters/swat_120_94.npy
vis_sample shape:(500, 120, 5)
epoch, D_loss_curr, G_loss_curr, seq_lengthUsing TensorFlow backend.

95	0.0004	12.0073	120
Recorded 8 parameters to ./experiments/parameters/swat_120_95.npy
vis_sample shape:(500, 120, 5)
epoch, D_loss_curr, G_loss_curr, seq_length
96	0.0004	12.0240	120
Recorded 8 parameters to ./experiments/parameters/swat_120_96.npy
vis_sample shape:(500, 120, 5)
epoch, D_loss_curr, G_loss_curr, seq_length
97	0.0004	12.0405	120
Recorded 8 parameters to ./experiments/parameters/swat_120_97.npy
vis_sample shape:(500, 120, 5)
epoch, D_loss_curr, G_loss_curr, seq_length
98	0.0004	12.0568	120
Recorded 8 parameters to ./experiments/parameters/swat_120_98.npy
vis_sample shape:(500, 120, 5)
epoch, D_loss_curr, G_loss_curr, seq_length
99	0.0004	12.0730	120
Recorded 8 parameters to ./experiments/parameters/swat_120_99.npy
Training terminated | training time = 35760s  
